2021-12-09 05:11:47 [Logs!] error: Error: listen EADDRINUSE: address already in use :::5678
    at Server.setupListenHandle [as _listen2] (net.js:1331:16)
    at listenInCluster (net.js:1379:12)
    at Server.listen (net.js:1465:7)
    at Function.listen (/Users/macbook/Desktop/ChurchApp/Express-Starter-file/node_modules/express/lib/application.js:618:24)
    at Object.<anonymous> (/Users/macbook/Desktop/ChurchApp/Express-Starter-file/app.js:53:5)
    at Module._compile (internal/modules/cjs/loader.js:1085:14)
    at loader (/Users/macbook/Desktop/ChurchApp/Express-Starter-file/node_modules/babel-register/lib/node.js:144:5)
    at Object.require.extensions.<computed> [as .js] (/Users/macbook/Desktop/ChurchApp/Express-Starter-file/node_modules/babel-register/lib/node.js:154:7)
    at Module.load (internal/modules/cjs/loader.js:950:32)
    at Function.Module._load (internal/modules/cjs/loader.js:790:12)
    at Function.executeUserEntryPoint [as runMain] (internal/modules/run_main.js:76:12)
    at Object.<anonymous> (/Users/macbook/Desktop/ChurchApp/Express-Starter-file/node_modules/babel-cli/lib/_babel-node.js:154:22)
    at Module._compile (internal/modules/cjs/loader.js:1085:14)
    at Object.Module._extensions..js (internal/modules/cjs/loader.js:1114:10)
    at Module.load (internal/modules/cjs/loader.js:950:32)
    at Function.Module._load (internal/modules/cjs/loader.js:790:12)
    at Function.executeUserEntryPoint [as runMain] (internal/modules/run_main.js:76:12)
    at internal/main/run_main_module.js:17:47

2021-12-09 05:11:47 [Logs!] error: Error: listen EADDRINUSE: address already in use :::5678
    at Server.setupListenHandle [as _listen2] (net.js:1331:16)
    at listenInCluster (net.js:1379:12)
    at Server.listen (net.js:1465:7)
    at Function.listen (/Users/macbook/Desktop/ChurchApp/Express-Starter-file/node_modules/express/lib/application.js:618:24)
    at Object.<anonymous> (/Users/macbook/Desktop/ChurchApp/Express-Starter-file/app.js:53:5)
    at Module._compile (internal/modules/cjs/loader.js:1085:14)
    at loader (/Users/macbook/Desktop/ChurchApp/Express-Starter-file/node_modules/babel-register/lib/node.js:144:5)
    at Object.require.extensions.<computed> [as .js] (/Users/macbook/Desktop/ChurchApp/Express-Starter-file/node_modules/babel-register/lib/node.js:154:7)
    at Module.load (internal/modules/cjs/loader.js:950:32)
    at Function.Module._load (internal/modules/cjs/loader.js:790:12)
    at Function.executeUserEntryPoint [as runMain] (internal/modules/run_main.js:76:12)
    at Object.<anonymous> (/Users/macbook/Desktop/ChurchApp/Express-Starter-file/node_modules/babel-cli/lib/_babel-node.js:154:22)
    at Module._compile (internal/modules/cjs/loader.js:1085:14)
    at Object.Module._extensions..js (internal/modules/cjs/loader.js:1114:10)
    at Module.load (internal/modules/cjs/loader.js:950:32)
    at Function.Module._load (internal/modules/cjs/loader.js:790:12)
    at Function.executeUserEntryPoint [as runMain] (internal/modules/run_main.js:76:12)
    at internal/main/run_main_module.js:17:47

2021-12-09 05:27:11 [Logs!] error: Error: listen EADDRINUSE: address already in use :::5678
    at Server.setupListenHandle [as _listen2] (net.js:1331:16)
    at listenInCluster (net.js:1379:12)
    at Server.listen (net.js:1465:7)
    at Function.listen (/Users/macbook/Desktop/ChurchApp/Express-Starter-file/node_modules/express/lib/application.js:618:24)
    at Object.<anonymous> (/Users/macbook/Desktop/ChurchApp/Express-Starter-file/app.js:53:5)
    at Module._compile (internal/modules/cjs/loader.js:1085:14)
    at loader (/Users/macbook/Desktop/ChurchApp/Express-Starter-file/node_modules/babel-register/lib/node.js:144:5)
    at Object.require.extensions.<computed> [as .js] (/Users/macbook/Desktop/ChurchApp/Express-Starter-file/node_modules/babel-register/lib/node.js:154:7)
    at Module.load (internal/modules/cjs/loader.js:950:32)
    at Function.Module._load (internal/modules/cjs/loader.js:790:12)
    at Function.executeUserEntryPoint [as runMain] (internal/modules/run_main.js:76:12)
    at Object.<anonymous> (/Users/macbook/Desktop/ChurchApp/Express-Starter-file/node_modules/babel-cli/lib/_babel-node.js:154:22)
    at Module._compile (internal/modules/cjs/loader.js:1085:14)
    at Object.Module._extensions..js (internal/modules/cjs/loader.js:1114:10)
    at Module.load (internal/modules/cjs/loader.js:950:32)
    at Function.Module._load (internal/modules/cjs/loader.js:790:12)
    at Function.executeUserEntryPoint [as runMain] (internal/modules/run_main.js:76:12)
    at internal/main/run_main_module.js:17:47

2021-12-09 05:27:42 [Logs!] error: Error: listen EADDRINUSE: address already in use :::5678
    at Server.setupListenHandle [as _listen2] (net.js:1331:16)
    at listenInCluster (net.js:1379:12)
    at Server.listen (net.js:1465:7)
    at Function.listen (/Users/macbook/Desktop/ChurchApp/Express-Starter-file/node_modules/express/lib/application.js:618:24)
    at Object.<anonymous> (/Users/macbook/Desktop/ChurchApp/Express-Starter-file/app.js:53:5)
    at Module._compile (internal/modules/cjs/loader.js:1085:14)
    at loader (/Users/macbook/Desktop/ChurchApp/Express-Starter-file/node_modules/babel-register/lib/node.js:144:5)
    at Object.require.extensions.<computed> [as .js] (/Users/macbook/Desktop/ChurchApp/Express-Starter-file/node_modules/babel-register/lib/node.js:154:7)
    at Module.load (internal/modules/cjs/loader.js:950:32)
    at Function.Module._load (internal/modules/cjs/loader.js:790:12)
    at Function.executeUserEntryPoint [as runMain] (internal/modules/run_main.js:76:12)
    at Object.<anonymous> (/Users/macbook/Desktop/ChurchApp/Express-Starter-file/node_modules/babel-cli/lib/_babel-node.js:154:22)
    at Module._compile (internal/modules/cjs/loader.js:1085:14)
    at Object.Module._extensions..js (internal/modules/cjs/loader.js:1114:10)
    at Module.load (internal/modules/cjs/loader.js:950:32)
    at Function.Module._load (internal/modules/cjs/loader.js:790:12)
    at Function.executeUserEntryPoint [as runMain] (internal/modules/run_main.js:76:12)
    at internal/main/run_main_module.js:17:47

2021-12-09 05:28:11 [Logs!] error: Error: listen EADDRINUSE: address already in use :::5678
    at Server.setupListenHandle [as _listen2] (net.js:1331:16)
    at listenInCluster (net.js:1379:12)
    at Server.listen (net.js:1465:7)
    at Function.listen (/Users/macbook/Desktop/ChurchApp/Express-Starter-file/node_modules/express/lib/application.js:618:24)
    at Object.<anonymous> (/Users/macbook/Desktop/ChurchApp/Express-Starter-file/app.js:53:5)
    at Module._compile (internal/modules/cjs/loader.js:1085:14)
    at loader (/Users/macbook/Desktop/ChurchApp/Express-Starter-file/node_modules/babel-register/lib/node.js:144:5)
    at Object.require.extensions.<computed> [as .js] (/Users/macbook/Desktop/ChurchApp/Express-Starter-file/node_modules/babel-register/lib/node.js:154:7)
    at Module.load (internal/modules/cjs/loader.js:950:32)
    at Function.Module._load (internal/modules/cjs/loader.js:790:12)
    at Function.executeUserEntryPoint [as runMain] (internal/modules/run_main.js:76:12)
    at Object.<anonymous> (/Users/macbook/Desktop/ChurchApp/Express-Starter-file/node_modules/babel-cli/lib/_babel-node.js:154:22)
    at Module._compile (internal/modules/cjs/loader.js:1085:14)
    at Object.Module._extensions..js (internal/modules/cjs/loader.js:1114:10)
    at Module.load (internal/modules/cjs/loader.js:950:32)
    at Function.Module._load (internal/modules/cjs/loader.js:790:12)
    at Function.executeUserEntryPoint [as runMain] (internal/modules/run_main.js:76:12)
    at internal/main/run_main_module.js:17:47

2021-12-09 05:29:30 [Logs!] error: Error: listen EADDRINUSE: address already in use :::5678
    at Server.setupListenHandle [as _listen2] (net.js:1331:16)
    at listenInCluster (net.js:1379:12)
    at Server.listen (net.js:1465:7)
    at Function.listen (/Users/macbook/Desktop/ChurchApp/Express-Starter-file/node_modules/express/lib/application.js:618:24)
    at Object.<anonymous> (/Users/macbook/Desktop/ChurchApp/Express-Starter-file/app.js:53:5)
    at Module._compile (internal/modules/cjs/loader.js:1085:14)
    at loader (/Users/macbook/Desktop/ChurchApp/Express-Starter-file/node_modules/babel-register/lib/node.js:144:5)
    at Object.require.extensions.<computed> [as .js] (/Users/macbook/Desktop/ChurchApp/Express-Starter-file/node_modules/babel-register/lib/node.js:154:7)
    at Module.load (internal/modules/cjs/loader.js:950:32)
    at Function.Module._load (internal/modules/cjs/loader.js:790:12)
    at Function.executeUserEntryPoint [as runMain] (internal/modules/run_main.js:76:12)
    at Object.<anonymous> (/Users/macbook/Desktop/ChurchApp/Express-Starter-file/node_modules/babel-cli/lib/_babel-node.js:154:22)
    at Module._compile (internal/modules/cjs/loader.js:1085:14)
    at Object.Module._extensions..js (internal/modules/cjs/loader.js:1114:10)
    at Module.load (internal/modules/cjs/loader.js:950:32)
    at Function.Module._load (internal/modules/cjs/loader.js:790:12)
    at Function.executeUserEntryPoint [as runMain] (internal/modules/run_main.js:76:12)
    at internal/main/run_main_module.js:17:47

2021-12-09 05:29:35 [Logs!] error: Error: listen EADDRINUSE: address already in use :::5678
    at Server.setupListenHandle [as _listen2] (net.js:1331:16)
    at listenInCluster (net.js:1379:12)
    at Server.listen (net.js:1465:7)
    at Function.listen (/Users/macbook/Desktop/ChurchApp/Express-Starter-file/node_modules/express/lib/application.js:618:24)
    at Object.<anonymous> (/Users/macbook/Desktop/ChurchApp/Express-Starter-file/app.js:53:5)
    at Module._compile (internal/modules/cjs/loader.js:1085:14)
    at loader (/Users/macbook/Desktop/ChurchApp/Express-Starter-file/node_modules/babel-register/lib/node.js:144:5)
    at Object.require.extensions.<computed> [as .js] (/Users/macbook/Desktop/ChurchApp/Express-Starter-file/node_modules/babel-register/lib/node.js:154:7)
    at Module.load (internal/modules/cjs/loader.js:950:32)
    at Function.Module._load (internal/modules/cjs/loader.js:790:12)
    at Function.executeUserEntryPoint [as runMain] (internal/modules/run_main.js:76:12)
    at Object.<anonymous> (/Users/macbook/Desktop/ChurchApp/Express-Starter-file/node_modules/babel-cli/lib/_babel-node.js:154:22)
    at Module._compile (internal/modules/cjs/loader.js:1085:14)
    at Object.Module._extensions..js (internal/modules/cjs/loader.js:1114:10)
    at Module.load (internal/modules/cjs/loader.js:950:32)
    at Function.Module._load (internal/modules/cjs/loader.js:790:12)
    at Function.executeUserEntryPoint [as runMain] (internal/modules/run_main.js:76:12)
    at internal/main/run_main_module.js:17:47

2021-12-09 05:29:50 [Logs!] error: Error: listen EADDRINUSE: address already in use :::5678
    at Server.setupListenHandle [as _listen2] (net.js:1331:16)
    at listenInCluster (net.js:1379:12)
    at Server.listen (net.js:1465:7)
    at Function.listen (/Users/macbook/Desktop/ChurchApp/Express-Starter-file/node_modules/express/lib/application.js:618:24)
    at Object.<anonymous> (/Users/macbook/Desktop/ChurchApp/Express-Starter-file/app.js:53:5)
    at Module._compile (internal/modules/cjs/loader.js:1085:14)
    at loader (/Users/macbook/Desktop/ChurchApp/Express-Starter-file/node_modules/babel-register/lib/node.js:144:5)
    at Object.require.extensions.<computed> [as .js] (/Users/macbook/Desktop/ChurchApp/Express-Starter-file/node_modules/babel-register/lib/node.js:154:7)
    at Module.load (internal/modules/cjs/loader.js:950:32)
    at Function.Module._load (internal/modules/cjs/loader.js:790:12)
    at Function.executeUserEntryPoint [as runMain] (internal/modules/run_main.js:76:12)
    at Object.<anonymous> (/Users/macbook/Desktop/ChurchApp/Express-Starter-file/node_modules/babel-cli/lib/_babel-node.js:154:22)
    at Module._compile (internal/modules/cjs/loader.js:1085:14)
    at Object.Module._extensions..js (internal/modules/cjs/loader.js:1114:10)
    at Module.load (internal/modules/cjs/loader.js:950:32)
    at Function.Module._load (internal/modules/cjs/loader.js:790:12)
    at Function.executeUserEntryPoint [as runMain] (internal/modules/run_main.js:76:12)
    at internal/main/run_main_module.js:17:47

2021-12-09 05:30:21 [Logs!] error: Error: listen EADDRINUSE: address already in use :::5678
    at Server.setupListenHandle [as _listen2] (net.js:1331:16)
    at listenInCluster (net.js:1379:12)
    at Server.listen (net.js:1465:7)
    at Function.listen (/Users/macbook/Desktop/ChurchApp/Express-Starter-file/node_modules/express/lib/application.js:618:24)
    at Object.<anonymous> (/Users/macbook/Desktop/ChurchApp/Express-Starter-file/app.js:53:5)
    at Module._compile (internal/modules/cjs/loader.js:1085:14)
    at loader (/Users/macbook/Desktop/ChurchApp/Express-Starter-file/node_modules/babel-register/lib/node.js:144:5)
    at Object.require.extensions.<computed> [as .js] (/Users/macbook/Desktop/ChurchApp/Express-Starter-file/node_modules/babel-register/lib/node.js:154:7)
    at Module.load (internal/modules/cjs/loader.js:950:32)
    at Function.Module._load (internal/modules/cjs/loader.js:790:12)
    at Function.executeUserEntryPoint [as runMain] (internal/modules/run_main.js:76:12)
    at Object.<anonymous> (/Users/macbook/Desktop/ChurchApp/Express-Starter-file/node_modules/babel-cli/lib/_babel-node.js:154:22)
    at Module._compile (internal/modules/cjs/loader.js:1085:14)
    at Object.Module._extensions..js (internal/modules/cjs/loader.js:1114:10)
    at Module.load (internal/modules/cjs/loader.js:950:32)
    at Function.Module._load (internal/modules/cjs/loader.js:790:12)
    at Function.executeUserEntryPoint [as runMain] (internal/modules/run_main.js:76:12)
    at internal/main/run_main_module.js:17:47

2021-12-09 05:53:26 [Logs!] error: Error: listen EADDRINUSE: address already in use :::5678
    at Server.setupListenHandle [as _listen2] (net.js:1331:16)
    at listenInCluster (net.js:1379:12)
    at Server.listen (net.js:1465:7)
    at Function.listen (/Users/macbook/Desktop/ChurchApp/Express-Starter-file/node_modules/express/lib/application.js:618:24)
    at Object.<anonymous> (/Users/macbook/Desktop/ChurchApp/Express-Starter-file/app.js:53:5)
    at Module._compile (internal/modules/cjs/loader.js:1085:14)
    at loader (/Users/macbook/Desktop/ChurchApp/Express-Starter-file/node_modules/babel-register/lib/node.js:144:5)
    at Object.require.extensions.<computed> [as .js] (/Users/macbook/Desktop/ChurchApp/Express-Starter-file/node_modules/babel-register/lib/node.js:154:7)
    at Module.load (internal/modules/cjs/loader.js:950:32)
    at Function.Module._load (internal/modules/cjs/loader.js:790:12)
    at Function.executeUserEntryPoint [as runMain] (internal/modules/run_main.js:76:12)
    at Object.<anonymous> (/Users/macbook/Desktop/ChurchApp/Express-Starter-file/node_modules/babel-cli/lib/_babel-node.js:154:22)
    at Module._compile (internal/modules/cjs/loader.js:1085:14)
    at Object.Module._extensions..js (internal/modules/cjs/loader.js:1114:10)
    at Module.load (internal/modules/cjs/loader.js:950:32)
    at Function.Module._load (internal/modules/cjs/loader.js:790:12)
    at Function.executeUserEntryPoint [as runMain] (internal/modules/run_main.js:76:12)
    at internal/main/run_main_module.js:17:47

2021-12-09 06:03:21 [Logs!] error: Error: listen EADDRINUSE: address already in use :::5678
    at Server.setupListenHandle [as _listen2] (net.js:1331:16)
    at listenInCluster (net.js:1379:12)
    at Server.listen (net.js:1465:7)
    at Function.listen (/Users/macbook/Desktop/ChurchApp/Express-Starter-file/node_modules/express/lib/application.js:618:24)
    at Object.<anonymous> (/Users/macbook/Desktop/ChurchApp/Express-Starter-file/app.js:53:5)
    at Module._compile (internal/modules/cjs/loader.js:1085:14)
    at loader (/Users/macbook/Desktop/ChurchApp/Express-Starter-file/node_modules/babel-register/lib/node.js:144:5)
    at Object.require.extensions.<computed> [as .js] (/Users/macbook/Desktop/ChurchApp/Express-Starter-file/node_modules/babel-register/lib/node.js:154:7)
    at Module.load (internal/modules/cjs/loader.js:950:32)
    at Function.Module._load (internal/modules/cjs/loader.js:790:12)
    at Function.executeUserEntryPoint [as runMain] (internal/modules/run_main.js:76:12)
    at Object.<anonymous> (/Users/macbook/Desktop/ChurchApp/Express-Starter-file/node_modules/babel-cli/lib/_babel-node.js:154:22)
    at Module._compile (internal/modules/cjs/loader.js:1085:14)
    at Object.Module._extensions..js (internal/modules/cjs/loader.js:1114:10)
    at Module.load (internal/modules/cjs/loader.js:950:32)
    at Function.Module._load (internal/modules/cjs/loader.js:790:12)
    at Function.executeUserEntryPoint [as runMain] (internal/modules/run_main.js:76:12)
    at internal/main/run_main_module.js:17:47

2021-12-09 06:03:27 [Logs!] error: Error: listen EADDRINUSE: address already in use :::5678
    at Server.setupListenHandle [as _listen2] (net.js:1331:16)
    at listenInCluster (net.js:1379:12)
    at Server.listen (net.js:1465:7)
    at Function.listen (/Users/macbook/Desktop/ChurchApp/Express-Starter-file/node_modules/express/lib/application.js:618:24)
    at Object.<anonymous> (/Users/macbook/Desktop/ChurchApp/Express-Starter-file/app.js:53:5)
    at Module._compile (internal/modules/cjs/loader.js:1085:14)
    at loader (/Users/macbook/Desktop/ChurchApp/Express-Starter-file/node_modules/babel-register/lib/node.js:144:5)
    at Object.require.extensions.<computed> [as .js] (/Users/macbook/Desktop/ChurchApp/Express-Starter-file/node_modules/babel-register/lib/node.js:154:7)
    at Module.load (internal/modules/cjs/loader.js:950:32)
    at Function.Module._load (internal/modules/cjs/loader.js:790:12)
    at Function.executeUserEntryPoint [as runMain] (internal/modules/run_main.js:76:12)
    at Object.<anonymous> (/Users/macbook/Desktop/ChurchApp/Express-Starter-file/node_modules/babel-cli/lib/_babel-node.js:154:22)
    at Module._compile (internal/modules/cjs/loader.js:1085:14)
    at Object.Module._extensions..js (internal/modules/cjs/loader.js:1114:10)
    at Module.load (internal/modules/cjs/loader.js:950:32)
    at Function.Module._load (internal/modules/cjs/loader.js:790:12)
    at Function.executeUserEntryPoint [as runMain] (internal/modules/run_main.js:76:12)
    at internal/main/run_main_module.js:17:47

2021-12-09 06:03:39 [Logs!] error: Error: listen EADDRINUSE: address already in use :::5678
    at Server.setupListenHandle [as _listen2] (net.js:1331:16)
    at listenInCluster (net.js:1379:12)
    at Server.listen (net.js:1465:7)
    at Function.listen (/Users/macbook/Desktop/ChurchApp/Express-Starter-file/node_modules/express/lib/application.js:618:24)
    at Object.<anonymous> (/Users/macbook/Desktop/ChurchApp/Express-Starter-file/app.js:53:5)
    at Module._compile (internal/modules/cjs/loader.js:1085:14)
    at loader (/Users/macbook/Desktop/ChurchApp/Express-Starter-file/node_modules/babel-register/lib/node.js:144:5)
    at Object.require.extensions.<computed> [as .js] (/Users/macbook/Desktop/ChurchApp/Express-Starter-file/node_modules/babel-register/lib/node.js:154:7)
    at Module.load (internal/modules/cjs/loader.js:950:32)
    at Function.Module._load (internal/modules/cjs/loader.js:790:12)
    at Function.executeUserEntryPoint [as runMain] (internal/modules/run_main.js:76:12)
    at Object.<anonymous> (/Users/macbook/Desktop/ChurchApp/Express-Starter-file/node_modules/babel-cli/lib/_babel-node.js:154:22)
    at Module._compile (internal/modules/cjs/loader.js:1085:14)
    at Object.Module._extensions..js (internal/modules/cjs/loader.js:1114:10)
    at Module.load (internal/modules/cjs/loader.js:950:32)
    at Function.Module._load (internal/modules/cjs/loader.js:790:12)
    at Function.executeUserEntryPoint [as runMain] (internal/modules/run_main.js:76:12)
    at internal/main/run_main_module.js:17:47

2021-12-09 06:07:06 [Logs!] error: Error: listen EADDRINUSE: address already in use :::5678
    at Server.setupListenHandle [as _listen2] (net.js:1331:16)
    at listenInCluster (net.js:1379:12)
    at Server.listen (net.js:1465:7)
    at Function.listen (/Users/macbook/Desktop/ChurchApp/Express-Starter-file/node_modules/express/lib/application.js:618:24)
    at Object.<anonymous> (/Users/macbook/Desktop/ChurchApp/Express-Starter-file/app.js:53:5)
    at Module._compile (internal/modules/cjs/loader.js:1085:14)
    at loader (/Users/macbook/Desktop/ChurchApp/Express-Starter-file/node_modules/babel-register/lib/node.js:144:5)
    at Object.require.extensions.<computed> [as .js] (/Users/macbook/Desktop/ChurchApp/Express-Starter-file/node_modules/babel-register/lib/node.js:154:7)
    at Module.load (internal/modules/cjs/loader.js:950:32)
    at Function.Module._load (internal/modules/cjs/loader.js:790:12)
    at Function.executeUserEntryPoint [as runMain] (internal/modules/run_main.js:76:12)
    at Object.<anonymous> (/Users/macbook/Desktop/ChurchApp/Express-Starter-file/node_modules/babel-cli/lib/_babel-node.js:154:22)
    at Module._compile (internal/modules/cjs/loader.js:1085:14)
    at Object.Module._extensions..js (internal/modules/cjs/loader.js:1114:10)
    at Module.load (internal/modules/cjs/loader.js:950:32)
    at Function.Module._load (internal/modules/cjs/loader.js:790:12)
    at Function.executeUserEntryPoint [as runMain] (internal/modules/run_main.js:76:12)
    at internal/main/run_main_module.js:17:47

2021-12-09 06:13:08 [Logs!] error: Error: listen EADDRINUSE: address already in use :::5678
    at Server.setupListenHandle [as _listen2] (net.js:1331:16)
    at listenInCluster (net.js:1379:12)
    at Server.listen (net.js:1465:7)
    at Function.listen (/Users/macbook/Desktop/ChurchApp/Express-Starter-file/node_modules/express/lib/application.js:618:24)
    at Object.<anonymous> (/Users/macbook/Desktop/ChurchApp/Express-Starter-file/app.js:53:5)
    at Module._compile (internal/modules/cjs/loader.js:1085:14)
    at loader (/Users/macbook/Desktop/ChurchApp/Express-Starter-file/node_modules/babel-register/lib/node.js:144:5)
    at Object.require.extensions.<computed> [as .js] (/Users/macbook/Desktop/ChurchApp/Express-Starter-file/node_modules/babel-register/lib/node.js:154:7)
    at Module.load (internal/modules/cjs/loader.js:950:32)
    at Function.Module._load (internal/modules/cjs/loader.js:790:12)
    at Function.executeUserEntryPoint [as runMain] (internal/modules/run_main.js:76:12)
    at Object.<anonymous> (/Users/macbook/Desktop/ChurchApp/Express-Starter-file/node_modules/babel-cli/lib/_babel-node.js:154:22)
    at Module._compile (internal/modules/cjs/loader.js:1085:14)
    at Object.Module._extensions..js (internal/modules/cjs/loader.js:1114:10)
    at Module.load (internal/modules/cjs/loader.js:950:32)
    at Function.Module._load (internal/modules/cjs/loader.js:790:12)
    at Function.executeUserEntryPoint [as runMain] (internal/modules/run_main.js:76:12)
    at internal/main/run_main_module.js:17:47

2021-12-09 06:15:58 [Logs!] error: Error: listen EADDRINUSE: address already in use :::5678
    at Server.setupListenHandle [as _listen2] (net.js:1331:16)
    at listenInCluster (net.js:1379:12)
    at Server.listen (net.js:1465:7)
    at Function.listen (/Users/macbook/Desktop/ChurchApp/Express-Starter-file/node_modules/express/lib/application.js:618:24)
    at Object.<anonymous> (/Users/macbook/Desktop/ChurchApp/Express-Starter-file/app.js:53:5)
    at Module._compile (internal/modules/cjs/loader.js:1085:14)
    at loader (/Users/macbook/Desktop/ChurchApp/Express-Starter-file/node_modules/babel-register/lib/node.js:144:5)
    at Object.require.extensions.<computed> [as .js] (/Users/macbook/Desktop/ChurchApp/Express-Starter-file/node_modules/babel-register/lib/node.js:154:7)
    at Module.load (internal/modules/cjs/loader.js:950:32)
    at Function.Module._load (internal/modules/cjs/loader.js:790:12)
    at Function.executeUserEntryPoint [as runMain] (internal/modules/run_main.js:76:12)
    at Object.<anonymous> (/Users/macbook/Desktop/ChurchApp/Express-Starter-file/node_modules/babel-cli/lib/_babel-node.js:154:22)
    at Module._compile (internal/modules/cjs/loader.js:1085:14)
    at Object.Module._extensions..js (internal/modules/cjs/loader.js:1114:10)
    at Module.load (internal/modules/cjs/loader.js:950:32)
    at Function.Module._load (internal/modules/cjs/loader.js:790:12)
    at Function.executeUserEntryPoint [as runMain] (internal/modules/run_main.js:76:12)
    at internal/main/run_main_module.js:17:47

2021-12-09 06:16:05 [Logs!] error: Error: listen EADDRINUSE: address already in use :::5678
    at Server.setupListenHandle [as _listen2] (net.js:1331:16)
    at listenInCluster (net.js:1379:12)
    at Server.listen (net.js:1465:7)
    at Function.listen (/Users/macbook/Desktop/ChurchApp/Express-Starter-file/node_modules/express/lib/application.js:618:24)
    at Object.<anonymous> (/Users/macbook/Desktop/ChurchApp/Express-Starter-file/app.js:53:5)
    at Module._compile (internal/modules/cjs/loader.js:1085:14)
    at loader (/Users/macbook/Desktop/ChurchApp/Express-Starter-file/node_modules/babel-register/lib/node.js:144:5)
    at Object.require.extensions.<computed> [as .js] (/Users/macbook/Desktop/ChurchApp/Express-Starter-file/node_modules/babel-register/lib/node.js:154:7)
    at Module.load (internal/modules/cjs/loader.js:950:32)
    at Function.Module._load (internal/modules/cjs/loader.js:790:12)
    at Function.executeUserEntryPoint [as runMain] (internal/modules/run_main.js:76:12)
    at Object.<anonymous> (/Users/macbook/Desktop/ChurchApp/Express-Starter-file/node_modules/babel-cli/lib/_babel-node.js:154:22)
    at Module._compile (internal/modules/cjs/loader.js:1085:14)
    at Object.Module._extensions..js (internal/modules/cjs/loader.js:1114:10)
    at Module.load (internal/modules/cjs/loader.js:950:32)
    at Function.Module._load (internal/modules/cjs/loader.js:790:12)
    at Function.executeUserEntryPoint [as runMain] (internal/modules/run_main.js:76:12)
    at internal/main/run_main_module.js:17:47

2021-12-09 06:16:09 [Logs!] error: Error: listen EADDRINUSE: address already in use :::5678
    at Server.setupListenHandle [as _listen2] (net.js:1331:16)
    at listenInCluster (net.js:1379:12)
    at Server.listen (net.js:1465:7)
    at Function.listen (/Users/macbook/Desktop/ChurchApp/Express-Starter-file/node_modules/express/lib/application.js:618:24)
    at Object.<anonymous> (/Users/macbook/Desktop/ChurchApp/Express-Starter-file/app.js:53:5)
    at Module._compile (internal/modules/cjs/loader.js:1085:14)
    at loader (/Users/macbook/Desktop/ChurchApp/Express-Starter-file/node_modules/babel-register/lib/node.js:144:5)
    at Object.require.extensions.<computed> [as .js] (/Users/macbook/Desktop/ChurchApp/Express-Starter-file/node_modules/babel-register/lib/node.js:154:7)
    at Module.load (internal/modules/cjs/loader.js:950:32)
    at Function.Module._load (internal/modules/cjs/loader.js:790:12)
    at Function.executeUserEntryPoint [as runMain] (internal/modules/run_main.js:76:12)
    at Object.<anonymous> (/Users/macbook/Desktop/ChurchApp/Express-Starter-file/node_modules/babel-cli/lib/_babel-node.js:154:22)
    at Module._compile (internal/modules/cjs/loader.js:1085:14)
    at Object.Module._extensions..js (internal/modules/cjs/loader.js:1114:10)
    at Module.load (internal/modules/cjs/loader.js:950:32)
    at Function.Module._load (internal/modules/cjs/loader.js:790:12)
    at Function.executeUserEntryPoint [as runMain] (internal/modules/run_main.js:76:12)
    at internal/main/run_main_module.js:17:47

2021-12-09 06:16:09 [Logs!] error: Error: listen EADDRINUSE: address already in use :::5678
    at Server.setupListenHandle [as _listen2] (net.js:1331:16)
    at listenInCluster (net.js:1379:12)
    at Server.listen (net.js:1465:7)
    at Function.listen (/Users/macbook/Desktop/ChurchApp/Express-Starter-file/node_modules/express/lib/application.js:618:24)
    at Object.<anonymous> (/Users/macbook/Desktop/ChurchApp/Express-Starter-file/app.js:53:5)
    at Module._compile (internal/modules/cjs/loader.js:1085:14)
    at loader (/Users/macbook/Desktop/ChurchApp/Express-Starter-file/node_modules/babel-register/lib/node.js:144:5)
    at Object.require.extensions.<computed> [as .js] (/Users/macbook/Desktop/ChurchApp/Express-Starter-file/node_modules/babel-register/lib/node.js:154:7)
    at Module.load (internal/modules/cjs/loader.js:950:32)
    at Function.Module._load (internal/modules/cjs/loader.js:790:12)
    at Function.executeUserEntryPoint [as runMain] (internal/modules/run_main.js:76:12)
    at Object.<anonymous> (/Users/macbook/Desktop/ChurchApp/Express-Starter-file/node_modules/babel-cli/lib/_babel-node.js:154:22)
    at Module._compile (internal/modules/cjs/loader.js:1085:14)
    at Object.Module._extensions..js (internal/modules/cjs/loader.js:1114:10)
    at Module.load (internal/modules/cjs/loader.js:950:32)
    at Function.Module._load (internal/modules/cjs/loader.js:790:12)
    at Function.executeUserEntryPoint [as runMain] (internal/modules/run_main.js:76:12)
    at internal/main/run_main_module.js:17:47

2021-12-09 06:16:12 [Logs!] error: Error: listen EADDRINUSE: address already in use :::5678
    at Server.setupListenHandle [as _listen2] (net.js:1331:16)
    at listenInCluster (net.js:1379:12)
    at Server.listen (net.js:1465:7)
    at Function.listen (/Users/macbook/Desktop/ChurchApp/Express-Starter-file/node_modules/express/lib/application.js:618:24)
    at Object.<anonymous> (/Users/macbook/Desktop/ChurchApp/Express-Starter-file/app.js:53:5)
    at Module._compile (internal/modules/cjs/loader.js:1085:14)
    at loader (/Users/macbook/Desktop/ChurchApp/Express-Starter-file/node_modules/babel-register/lib/node.js:144:5)
    at Object.require.extensions.<computed> [as .js] (/Users/macbook/Desktop/ChurchApp/Express-Starter-file/node_modules/babel-register/lib/node.js:154:7)
    at Module.load (internal/modules/cjs/loader.js:950:32)
    at Function.Module._load (internal/modules/cjs/loader.js:790:12)
    at Function.executeUserEntryPoint [as runMain] (internal/modules/run_main.js:76:12)
    at Object.<anonymous> (/Users/macbook/Desktop/ChurchApp/Express-Starter-file/node_modules/babel-cli/lib/_babel-node.js:154:22)
    at Module._compile (internal/modules/cjs/loader.js:1085:14)
    at Object.Module._extensions..js (internal/modules/cjs/loader.js:1114:10)
    at Module.load (internal/modules/cjs/loader.js:950:32)
    at Function.Module._load (internal/modules/cjs/loader.js:790:12)
    at Function.executeUserEntryPoint [as runMain] (internal/modules/run_main.js:76:12)
    at internal/main/run_main_module.js:17:47

2021-12-09 06:16:15 [Logs!] error: Error: listen EADDRINUSE: address already in use :::5678
    at Server.setupListenHandle [as _listen2] (net.js:1331:16)
    at listenInCluster (net.js:1379:12)
    at Server.listen (net.js:1465:7)
    at Function.listen (/Users/macbook/Desktop/ChurchApp/Express-Starter-file/node_modules/express/lib/application.js:618:24)
    at Object.<anonymous> (/Users/macbook/Desktop/ChurchApp/Express-Starter-file/app.js:53:5)
    at Module._compile (internal/modules/cjs/loader.js:1085:14)
    at loader (/Users/macbook/Desktop/ChurchApp/Express-Starter-file/node_modules/babel-register/lib/node.js:144:5)
    at Object.require.extensions.<computed> [as .js] (/Users/macbook/Desktop/ChurchApp/Express-Starter-file/node_modules/babel-register/lib/node.js:154:7)
    at Module.load (internal/modules/cjs/loader.js:950:32)
    at Function.Module._load (internal/modules/cjs/loader.js:790:12)
    at Function.executeUserEntryPoint [as runMain] (internal/modules/run_main.js:76:12)
    at Object.<anonymous> (/Users/macbook/Desktop/ChurchApp/Express-Starter-file/node_modules/babel-cli/lib/_babel-node.js:154:22)
    at Module._compile (internal/modules/cjs/loader.js:1085:14)
    at Object.Module._extensions..js (internal/modules/cjs/loader.js:1114:10)
    at Module.load (internal/modules/cjs/loader.js:950:32)
    at Function.Module._load (internal/modules/cjs/loader.js:790:12)
    at Function.executeUserEntryPoint [as runMain] (internal/modules/run_main.js:76:12)
    at internal/main/run_main_module.js:17:47

2021-12-09 06:16:19 [Logs!] error: Error: listen EADDRINUSE: address already in use :::5678
    at Server.setupListenHandle [as _listen2] (net.js:1331:16)
    at listenInCluster (net.js:1379:12)
    at Server.listen (net.js:1465:7)
    at Function.listen (/Users/macbook/Desktop/ChurchApp/Express-Starter-file/node_modules/express/lib/application.js:618:24)
    at Object.<anonymous> (/Users/macbook/Desktop/ChurchApp/Express-Starter-file/app.js:53:5)
    at Module._compile (internal/modules/cjs/loader.js:1085:14)
    at loader (/Users/macbook/Desktop/ChurchApp/Express-Starter-file/node_modules/babel-register/lib/node.js:144:5)
    at Object.require.extensions.<computed> [as .js] (/Users/macbook/Desktop/ChurchApp/Express-Starter-file/node_modules/babel-register/lib/node.js:154:7)
    at Module.load (internal/modules/cjs/loader.js:950:32)
    at Function.Module._load (internal/modules/cjs/loader.js:790:12)
    at Function.executeUserEntryPoint [as runMain] (internal/modules/run_main.js:76:12)
    at Object.<anonymous> (/Users/macbook/Desktop/ChurchApp/Express-Starter-file/node_modules/babel-cli/lib/_babel-node.js:154:22)
    at Module._compile (internal/modules/cjs/loader.js:1085:14)
    at Object.Module._extensions..js (internal/modules/cjs/loader.js:1114:10)
    at Module.load (internal/modules/cjs/loader.js:950:32)
    at Function.Module._load (internal/modules/cjs/loader.js:790:12)
    at Function.executeUserEntryPoint [as runMain] (internal/modules/run_main.js:76:12)
    at internal/main/run_main_module.js:17:47

2021-12-09 06:16:19 [Logs!] error: Error: listen EADDRINUSE: address already in use :::5678
    at Server.setupListenHandle [as _listen2] (net.js:1331:16)
    at listenInCluster (net.js:1379:12)
    at Server.listen (net.js:1465:7)
    at Function.listen (/Users/macbook/Desktop/ChurchApp/Express-Starter-file/node_modules/express/lib/application.js:618:24)
    at Object.<anonymous> (/Users/macbook/Desktop/ChurchApp/Express-Starter-file/app.js:53:5)
    at Module._compile (internal/modules/cjs/loader.js:1085:14)
    at loader (/Users/macbook/Desktop/ChurchApp/Express-Starter-file/node_modules/babel-register/lib/node.js:144:5)
    at Object.require.extensions.<computed> [as .js] (/Users/macbook/Desktop/ChurchApp/Express-Starter-file/node_modules/babel-register/lib/node.js:154:7)
    at Module.load (internal/modules/cjs/loader.js:950:32)
    at Function.Module._load (internal/modules/cjs/loader.js:790:12)
    at Function.executeUserEntryPoint [as runMain] (internal/modules/run_main.js:76:12)
    at Object.<anonymous> (/Users/macbook/Desktop/ChurchApp/Express-Starter-file/node_modules/babel-cli/lib/_babel-node.js:154:22)
    at Module._compile (internal/modules/cjs/loader.js:1085:14)
    at Object.Module._extensions..js (internal/modules/cjs/loader.js:1114:10)
    at Module.load (internal/modules/cjs/loader.js:950:32)
    at Function.Module._load (internal/modules/cjs/loader.js:790:12)
    at Function.executeUserEntryPoint [as runMain] (internal/modules/run_main.js:76:12)
    at internal/main/run_main_module.js:17:47

2021-12-09 06:18:14 [Logs!] error: Error: listen EADDRINUSE: address already in use :::5678
    at Server.setupListenHandle [as _listen2] (net.js:1331:16)
    at listenInCluster (net.js:1379:12)
    at Server.listen (net.js:1465:7)
    at Function.listen (/Users/macbook/Desktop/ChurchApp/Express-Starter-file/node_modules/express/lib/application.js:618:24)
    at Object.<anonymous> (/Users/macbook/Desktop/ChurchApp/Express-Starter-file/app.js:53:5)
    at Module._compile (internal/modules/cjs/loader.js:1085:14)
    at loader (/Users/macbook/Desktop/ChurchApp/Express-Starter-file/node_modules/babel-register/lib/node.js:144:5)
    at Object.require.extensions.<computed> [as .js] (/Users/macbook/Desktop/ChurchApp/Express-Starter-file/node_modules/babel-register/lib/node.js:154:7)
    at Module.load (internal/modules/cjs/loader.js:950:32)
    at Function.Module._load (internal/modules/cjs/loader.js:790:12)
    at Function.executeUserEntryPoint [as runMain] (internal/modules/run_main.js:76:12)
    at Object.<anonymous> (/Users/macbook/Desktop/ChurchApp/Express-Starter-file/node_modules/babel-cli/lib/_babel-node.js:154:22)
    at Module._compile (internal/modules/cjs/loader.js:1085:14)
    at Object.Module._extensions..js (internal/modules/cjs/loader.js:1114:10)
    at Module.load (internal/modules/cjs/loader.js:950:32)
    at Function.Module._load (internal/modules/cjs/loader.js:790:12)
    at Function.executeUserEntryPoint [as runMain] (internal/modules/run_main.js:76:12)
    at internal/main/run_main_module.js:17:47

2021-12-09 06:20:13 [Logs!] error: Error: listen EADDRINUSE: address already in use :::5678
    at Server.setupListenHandle [as _listen2] (net.js:1331:16)
    at listenInCluster (net.js:1379:12)
    at Server.listen (net.js:1465:7)
    at Function.listen (/Users/macbook/Desktop/ChurchApp/Express-Starter-file/node_modules/express/lib/application.js:618:24)
    at Object.<anonymous> (/Users/macbook/Desktop/ChurchApp/Express-Starter-file/app.js:53:5)
    at Module._compile (internal/modules/cjs/loader.js:1085:14)
    at loader (/Users/macbook/Desktop/ChurchApp/Express-Starter-file/node_modules/babel-register/lib/node.js:144:5)
    at Object.require.extensions.<computed> [as .js] (/Users/macbook/Desktop/ChurchApp/Express-Starter-file/node_modules/babel-register/lib/node.js:154:7)
    at Module.load (internal/modules/cjs/loader.js:950:32)
    at Function.Module._load (internal/modules/cjs/loader.js:790:12)
    at Function.executeUserEntryPoint [as runMain] (internal/modules/run_main.js:76:12)
    at Object.<anonymous> (/Users/macbook/Desktop/ChurchApp/Express-Starter-file/node_modules/babel-cli/lib/_babel-node.js:154:22)
    at Module._compile (internal/modules/cjs/loader.js:1085:14)
    at Object.Module._extensions..js (internal/modules/cjs/loader.js:1114:10)
    at Module.load (internal/modules/cjs/loader.js:950:32)
    at Function.Module._load (internal/modules/cjs/loader.js:790:12)
    at Function.executeUserEntryPoint [as runMain] (internal/modules/run_main.js:76:12)
    at internal/main/run_main_module.js:17:47

2021-12-09 06:20:16 [Logs!] error: Error: listen EADDRINUSE: address already in use :::5678
    at Server.setupListenHandle [as _listen2] (net.js:1331:16)
    at listenInCluster (net.js:1379:12)
    at Server.listen (net.js:1465:7)
    at Function.listen (/Users/macbook/Desktop/ChurchApp/Express-Starter-file/node_modules/express/lib/application.js:618:24)
    at Object.<anonymous> (/Users/macbook/Desktop/ChurchApp/Express-Starter-file/app.js:53:5)
    at Module._compile (internal/modules/cjs/loader.js:1085:14)
    at loader (/Users/macbook/Desktop/ChurchApp/Express-Starter-file/node_modules/babel-register/lib/node.js:144:5)
    at Object.require.extensions.<computed> [as .js] (/Users/macbook/Desktop/ChurchApp/Express-Starter-file/node_modules/babel-register/lib/node.js:154:7)
    at Module.load (internal/modules/cjs/loader.js:950:32)
    at Function.Module._load (internal/modules/cjs/loader.js:790:12)
    at Function.executeUserEntryPoint [as runMain] (internal/modules/run_main.js:76:12)
    at Object.<anonymous> (/Users/macbook/Desktop/ChurchApp/Express-Starter-file/node_modules/babel-cli/lib/_babel-node.js:154:22)
    at Module._compile (internal/modules/cjs/loader.js:1085:14)
    at Object.Module._extensions..js (internal/modules/cjs/loader.js:1114:10)
    at Module.load (internal/modules/cjs/loader.js:950:32)
    at Function.Module._load (internal/modules/cjs/loader.js:790:12)
    at Function.executeUserEntryPoint [as runMain] (internal/modules/run_main.js:76:12)
    at internal/main/run_main_module.js:17:47

2021-12-09 06:20:28 [Logs!] error: Error: listen EADDRINUSE: address already in use :::5678
    at Server.setupListenHandle [as _listen2] (net.js:1331:16)
    at listenInCluster (net.js:1379:12)
    at Server.listen (net.js:1465:7)
    at Function.listen (/Users/macbook/Desktop/ChurchApp/Express-Starter-file/node_modules/express/lib/application.js:618:24)
    at Object.<anonymous> (/Users/macbook/Desktop/ChurchApp/Express-Starter-file/app.js:53:5)
    at Module._compile (internal/modules/cjs/loader.js:1085:14)
    at loader (/Users/macbook/Desktop/ChurchApp/Express-Starter-file/node_modules/babel-register/lib/node.js:144:5)
    at Object.require.extensions.<computed> [as .js] (/Users/macbook/Desktop/ChurchApp/Express-Starter-file/node_modules/babel-register/lib/node.js:154:7)
    at Module.load (internal/modules/cjs/loader.js:950:32)
    at Function.Module._load (internal/modules/cjs/loader.js:790:12)
    at Function.executeUserEntryPoint [as runMain] (internal/modules/run_main.js:76:12)
    at Object.<anonymous> (/Users/macbook/Desktop/ChurchApp/Express-Starter-file/node_modules/babel-cli/lib/_babel-node.js:154:22)
    at Module._compile (internal/modules/cjs/loader.js:1085:14)
    at Object.Module._extensions..js (internal/modules/cjs/loader.js:1114:10)
    at Module.load (internal/modules/cjs/loader.js:950:32)
    at Function.Module._load (internal/modules/cjs/loader.js:790:12)
    at Function.executeUserEntryPoint [as runMain] (internal/modules/run_main.js:76:12)
    at internal/main/run_main_module.js:17:47

2021-12-09 06:20:28 [Logs!] error: Error: listen EADDRINUSE: address already in use :::5678
    at Server.setupListenHandle [as _listen2] (net.js:1331:16)
    at listenInCluster (net.js:1379:12)
    at Server.listen (net.js:1465:7)
    at Function.listen (/Users/macbook/Desktop/ChurchApp/Express-Starter-file/node_modules/express/lib/application.js:618:24)
    at Object.<anonymous> (/Users/macbook/Desktop/ChurchApp/Express-Starter-file/app.js:53:5)
    at Module._compile (internal/modules/cjs/loader.js:1085:14)
    at loader (/Users/macbook/Desktop/ChurchApp/Express-Starter-file/node_modules/babel-register/lib/node.js:144:5)
    at Object.require.extensions.<computed> [as .js] (/Users/macbook/Desktop/ChurchApp/Express-Starter-file/node_modules/babel-register/lib/node.js:154:7)
    at Module.load (internal/modules/cjs/loader.js:950:32)
    at Function.Module._load (internal/modules/cjs/loader.js:790:12)
    at Function.executeUserEntryPoint [as runMain] (internal/modules/run_main.js:76:12)
    at Object.<anonymous> (/Users/macbook/Desktop/ChurchApp/Express-Starter-file/node_modules/babel-cli/lib/_babel-node.js:154:22)
    at Module._compile (internal/modules/cjs/loader.js:1085:14)
    at Object.Module._extensions..js (internal/modules/cjs/loader.js:1114:10)
    at Module.load (internal/modules/cjs/loader.js:950:32)
    at Function.Module._load (internal/modules/cjs/loader.js:790:12)
    at Function.executeUserEntryPoint [as runMain] (internal/modules/run_main.js:76:12)
    at internal/main/run_main_module.js:17:47

2021-12-09 06:20:34 [Logs!] error: Error: listen EADDRINUSE: address already in use :::5678
    at Server.setupListenHandle [as _listen2] (net.js:1331:16)
    at listenInCluster (net.js:1379:12)
    at Server.listen (net.js:1465:7)
    at Function.listen (/Users/macbook/Desktop/ChurchApp/Express-Starter-file/node_modules/express/lib/application.js:618:24)
    at Object.<anonymous> (/Users/macbook/Desktop/ChurchApp/Express-Starter-file/app.js:53:5)
    at Module._compile (internal/modules/cjs/loader.js:1085:14)
    at loader (/Users/macbook/Desktop/ChurchApp/Express-Starter-file/node_modules/babel-register/lib/node.js:144:5)
    at Object.require.extensions.<computed> [as .js] (/Users/macbook/Desktop/ChurchApp/Express-Starter-file/node_modules/babel-register/lib/node.js:154:7)
    at Module.load (internal/modules/cjs/loader.js:950:32)
    at Function.Module._load (internal/modules/cjs/loader.js:790:12)
    at Function.executeUserEntryPoint [as runMain] (internal/modules/run_main.js:76:12)
    at Object.<anonymous> (/Users/macbook/Desktop/ChurchApp/Express-Starter-file/node_modules/babel-cli/lib/_babel-node.js:154:22)
    at Module._compile (internal/modules/cjs/loader.js:1085:14)
    at Object.Module._extensions..js (internal/modules/cjs/loader.js:1114:10)
    at Module.load (internal/modules/cjs/loader.js:950:32)
    at Function.Module._load (internal/modules/cjs/loader.js:790:12)
    at Function.executeUserEntryPoint [as runMain] (internal/modules/run_main.js:76:12)
    at internal/main/run_main_module.js:17:47

2021-12-09 06:20:43 [Logs!] error: Error: listen EADDRINUSE: address already in use :::5678
    at Server.setupListenHandle [as _listen2] (net.js:1331:16)
    at listenInCluster (net.js:1379:12)
    at Server.listen (net.js:1465:7)
    at Function.listen (/Users/macbook/Desktop/ChurchApp/Express-Starter-file/node_modules/express/lib/application.js:618:24)
    at Object.<anonymous> (/Users/macbook/Desktop/ChurchApp/Express-Starter-file/app.js:53:5)
    at Module._compile (internal/modules/cjs/loader.js:1085:14)
    at loader (/Users/macbook/Desktop/ChurchApp/Express-Starter-file/node_modules/babel-register/lib/node.js:144:5)
    at Object.require.extensions.<computed> [as .js] (/Users/macbook/Desktop/ChurchApp/Express-Starter-file/node_modules/babel-register/lib/node.js:154:7)
    at Module.load (internal/modules/cjs/loader.js:950:32)
    at Function.Module._load (internal/modules/cjs/loader.js:790:12)
    at Function.executeUserEntryPoint [as runMain] (internal/modules/run_main.js:76:12)
    at Object.<anonymous> (/Users/macbook/Desktop/ChurchApp/Express-Starter-file/node_modules/babel-cli/lib/_babel-node.js:154:22)
    at Module._compile (internal/modules/cjs/loader.js:1085:14)
    at Object.Module._extensions..js (internal/modules/cjs/loader.js:1114:10)
    at Module.load (internal/modules/cjs/loader.js:950:32)
    at Function.Module._load (internal/modules/cjs/loader.js:790:12)
    at Function.executeUserEntryPoint [as runMain] (internal/modules/run_main.js:76:12)
    at internal/main/run_main_module.js:17:47

2021-12-09 06:21:28 [Logs!] error: Error: listen EADDRINUSE: address already in use :::5678
    at Server.setupListenHandle [as _listen2] (net.js:1331:16)
    at listenInCluster (net.js:1379:12)
    at Server.listen (net.js:1465:7)
    at Function.listen (/Users/macbook/Desktop/ChurchApp/Express-Starter-file/node_modules/express/lib/application.js:618:24)
    at Object.<anonymous> (/Users/macbook/Desktop/ChurchApp/Express-Starter-file/app.js:53:5)
    at Module._compile (internal/modules/cjs/loader.js:1085:14)
    at loader (/Users/macbook/Desktop/ChurchApp/Express-Starter-file/node_modules/babel-register/lib/node.js:144:5)
    at Object.require.extensions.<computed> [as .js] (/Users/macbook/Desktop/ChurchApp/Express-Starter-file/node_modules/babel-register/lib/node.js:154:7)
    at Module.load (internal/modules/cjs/loader.js:950:32)
    at Function.Module._load (internal/modules/cjs/loader.js:790:12)
    at Function.executeUserEntryPoint [as runMain] (internal/modules/run_main.js:76:12)
    at Object.<anonymous> (/Users/macbook/Desktop/ChurchApp/Express-Starter-file/node_modules/babel-cli/lib/_babel-node.js:154:22)
    at Module._compile (internal/modules/cjs/loader.js:1085:14)
    at Object.Module._extensions..js (internal/modules/cjs/loader.js:1114:10)
    at Module.load (internal/modules/cjs/loader.js:950:32)
    at Function.Module._load (internal/modules/cjs/loader.js:790:12)
    at Function.executeUserEntryPoint [as runMain] (internal/modules/run_main.js:76:12)
    at internal/main/run_main_module.js:17:47

2021-12-09 06:22:50 [Logs!] error: Error: listen EADDRINUSE: address already in use :::5678
    at Server.setupListenHandle [as _listen2] (net.js:1331:16)
    at listenInCluster (net.js:1379:12)
    at Server.listen (net.js:1465:7)
    at Function.listen (/Users/macbook/Desktop/ChurchApp/Express-Starter-file/node_modules/express/lib/application.js:618:24)
    at Object.<anonymous> (/Users/macbook/Desktop/ChurchApp/Express-Starter-file/app.js:53:5)
    at Module._compile (internal/modules/cjs/loader.js:1085:14)
    at loader (/Users/macbook/Desktop/ChurchApp/Express-Starter-file/node_modules/babel-register/lib/node.js:144:5)
    at Object.require.extensions.<computed> [as .js] (/Users/macbook/Desktop/ChurchApp/Express-Starter-file/node_modules/babel-register/lib/node.js:154:7)
    at Module.load (internal/modules/cjs/loader.js:950:32)
    at Function.Module._load (internal/modules/cjs/loader.js:790:12)
    at Function.executeUserEntryPoint [as runMain] (internal/modules/run_main.js:76:12)
    at Object.<anonymous> (/Users/macbook/Desktop/ChurchApp/Express-Starter-file/node_modules/babel-cli/lib/_babel-node.js:154:22)
    at Module._compile (internal/modules/cjs/loader.js:1085:14)
    at Object.Module._extensions..js (internal/modules/cjs/loader.js:1114:10)
    at Module.load (internal/modules/cjs/loader.js:950:32)
    at Function.Module._load (internal/modules/cjs/loader.js:790:12)
    at Function.executeUserEntryPoint [as runMain] (internal/modules/run_main.js:76:12)
    at internal/main/run_main_module.js:17:47

2021-12-09 06:23:23 [Logs!] error: Error: listen EADDRINUSE: address already in use :::5678
    at Server.setupListenHandle [as _listen2] (net.js:1331:16)
    at listenInCluster (net.js:1379:12)
    at Server.listen (net.js:1465:7)
    at Function.listen (/Users/macbook/Desktop/ChurchApp/Express-Starter-file/node_modules/express/lib/application.js:618:24)
    at Object.<anonymous> (/Users/macbook/Desktop/ChurchApp/Express-Starter-file/app.js:53:5)
    at Module._compile (internal/modules/cjs/loader.js:1085:14)
    at loader (/Users/macbook/Desktop/ChurchApp/Express-Starter-file/node_modules/babel-register/lib/node.js:144:5)
    at Object.require.extensions.<computed> [as .js] (/Users/macbook/Desktop/ChurchApp/Express-Starter-file/node_modules/babel-register/lib/node.js:154:7)
    at Module.load (internal/modules/cjs/loader.js:950:32)
    at Function.Module._load (internal/modules/cjs/loader.js:790:12)
    at Function.executeUserEntryPoint [as runMain] (internal/modules/run_main.js:76:12)
    at Object.<anonymous> (/Users/macbook/Desktop/ChurchApp/Express-Starter-file/node_modules/babel-cli/lib/_babel-node.js:154:22)
    at Module._compile (internal/modules/cjs/loader.js:1085:14)
    at Object.Module._extensions..js (internal/modules/cjs/loader.js:1114:10)
    at Module.load (internal/modules/cjs/loader.js:950:32)
    at Function.Module._load (internal/modules/cjs/loader.js:790:12)
    at Function.executeUserEntryPoint [as runMain] (internal/modules/run_main.js:76:12)
    at internal/main/run_main_module.js:17:47

2021-12-09 06:23:25 [Logs!] error: Error: listen EADDRINUSE: address already in use :::5678
    at Server.setupListenHandle [as _listen2] (net.js:1331:16)
    at listenInCluster (net.js:1379:12)
    at Server.listen (net.js:1465:7)
    at Function.listen (/Users/macbook/Desktop/ChurchApp/Express-Starter-file/node_modules/express/lib/application.js:618:24)
    at Object.<anonymous> (/Users/macbook/Desktop/ChurchApp/Express-Starter-file/app.js:53:5)
    at Module._compile (internal/modules/cjs/loader.js:1085:14)
    at loader (/Users/macbook/Desktop/ChurchApp/Express-Starter-file/node_modules/babel-register/lib/node.js:144:5)
    at Object.require.extensions.<computed> [as .js] (/Users/macbook/Desktop/ChurchApp/Express-Starter-file/node_modules/babel-register/lib/node.js:154:7)
    at Module.load (internal/modules/cjs/loader.js:950:32)
    at Function.Module._load (internal/modules/cjs/loader.js:790:12)
    at Function.executeUserEntryPoint [as runMain] (internal/modules/run_main.js:76:12)
    at Object.<anonymous> (/Users/macbook/Desktop/ChurchApp/Express-Starter-file/node_modules/babel-cli/lib/_babel-node.js:154:22)
    at Module._compile (internal/modules/cjs/loader.js:1085:14)
    at Object.Module._extensions..js (internal/modules/cjs/loader.js:1114:10)
    at Module.load (internal/modules/cjs/loader.js:950:32)
    at Function.Module._load (internal/modules/cjs/loader.js:790:12)
    at Function.executeUserEntryPoint [as runMain] (internal/modules/run_main.js:76:12)
    at internal/main/run_main_module.js:17:47

2021-12-09 06:23:25 [Logs!] error: Error: listen EADDRINUSE: address already in use :::5678
    at Server.setupListenHandle [as _listen2] (net.js:1331:16)
    at listenInCluster (net.js:1379:12)
    at Server.listen (net.js:1465:7)
    at Function.listen (/Users/macbook/Desktop/ChurchApp/Express-Starter-file/node_modules/express/lib/application.js:618:24)
    at Object.<anonymous> (/Users/macbook/Desktop/ChurchApp/Express-Starter-file/app.js:53:5)
    at Module._compile (internal/modules/cjs/loader.js:1085:14)
    at loader (/Users/macbook/Desktop/ChurchApp/Express-Starter-file/node_modules/babel-register/lib/node.js:144:5)
    at Object.require.extensions.<computed> [as .js] (/Users/macbook/Desktop/ChurchApp/Express-Starter-file/node_modules/babel-register/lib/node.js:154:7)
    at Module.load (internal/modules/cjs/loader.js:950:32)
    at Function.Module._load (internal/modules/cjs/loader.js:790:12)
    at Function.executeUserEntryPoint [as runMain] (internal/modules/run_main.js:76:12)
    at Object.<anonymous> (/Users/macbook/Desktop/ChurchApp/Express-Starter-file/node_modules/babel-cli/lib/_babel-node.js:154:22)
    at Module._compile (internal/modules/cjs/loader.js:1085:14)
    at Object.Module._extensions..js (internal/modules/cjs/loader.js:1114:10)
    at Module.load (internal/modules/cjs/loader.js:950:32)
    at Function.Module._load (internal/modules/cjs/loader.js:790:12)
    at Function.executeUserEntryPoint [as runMain] (internal/modules/run_main.js:76:12)
    at internal/main/run_main_module.js:17:47

