2021-11-11 13:53:49 [Logs!] error: Error: listen EADDRINUSE: address already in use :::5678
    at Server.setupListenHandle [as _listen2] (net.js:1331:16)
    at listenInCluster (net.js:1379:12)
    at Server.listen (net.js:1465:7)
    at Function.listen (/Users/macbook/Desktop/ChurchApp/Express-Starter-file/node_modules/express/lib/application.js:618:24)
    at Object.<anonymous> (/Users/macbook/Desktop/ChurchApp/Express-Starter-file/app.js:53:5)
    at Module._compile (internal/modules/cjs/loader.js:1085:14)
    at loader (/Users/macbook/Desktop/ChurchApp/Express-Starter-file/node_modules/babel-register/lib/node.js:144:5)
    at Object.require.extensions.<computed> [as .js] (/Users/macbook/Desktop/ChurchApp/Express-Starter-file/node_modules/babel-register/lib/node.js:154:7)
    at Module.load (internal/modules/cjs/loader.js:950:32)
    at Function.Module._load (internal/modules/cjs/loader.js:790:12)
    at Function.executeUserEntryPoint [as runMain] (internal/modules/run_main.js:76:12)
    at Object.<anonymous> (/Users/macbook/Desktop/ChurchApp/Express-Starter-file/node_modules/babel-cli/lib/_babel-node.js:154:22)
    at Module._compile (internal/modules/cjs/loader.js:1085:14)
    at Object.Module._extensions..js (internal/modules/cjs/loader.js:1114:10)
    at Module.load (internal/modules/cjs/loader.js:950:32)
    at Function.Module._load (internal/modules/cjs/loader.js:790:12)
    at Function.executeUserEntryPoint [as runMain] (internal/modules/run_main.js:76:12)
    at internal/main/run_main_module.js:17:47

2021-11-11 13:56:35 [Logs!] error: Error: listen EADDRINUSE: address already in use :::5678
    at Server.setupListenHandle [as _listen2] (net.js:1331:16)
    at listenInCluster (net.js:1379:12)
    at Server.listen (net.js:1465:7)
    at Function.listen (/Users/macbook/Desktop/ChurchApp/Express-Starter-file/node_modules/express/lib/application.js:618:24)
    at Object.<anonymous> (/Users/macbook/Desktop/ChurchApp/Express-Starter-file/app.js:53:5)
    at Module._compile (internal/modules/cjs/loader.js:1085:14)
    at loader (/Users/macbook/Desktop/ChurchApp/Express-Starter-file/node_modules/babel-register/lib/node.js:144:5)
    at Object.require.extensions.<computed> [as .js] (/Users/macbook/Desktop/ChurchApp/Express-Starter-file/node_modules/babel-register/lib/node.js:154:7)
    at Module.load (internal/modules/cjs/loader.js:950:32)
    at Function.Module._load (internal/modules/cjs/loader.js:790:12)
    at Function.executeUserEntryPoint [as runMain] (internal/modules/run_main.js:76:12)
    at Object.<anonymous> (/Users/macbook/Desktop/ChurchApp/Express-Starter-file/node_modules/babel-cli/lib/_babel-node.js:154:22)
    at Module._compile (internal/modules/cjs/loader.js:1085:14)
    at Object.Module._extensions..js (internal/modules/cjs/loader.js:1114:10)
    at Module.load (internal/modules/cjs/loader.js:950:32)
    at Function.Module._load (internal/modules/cjs/loader.js:790:12)
    at Function.executeUserEntryPoint [as runMain] (internal/modules/run_main.js:76:12)
    at internal/main/run_main_module.js:17:47

2021-11-11 13:56:47 [Logs!] error: Error: listen EADDRINUSE: address already in use :::5678
    at Server.setupListenHandle [as _listen2] (net.js:1331:16)
    at listenInCluster (net.js:1379:12)
    at Server.listen (net.js:1465:7)
    at Function.listen (/Users/macbook/Desktop/ChurchApp/Express-Starter-file/node_modules/express/lib/application.js:618:24)
    at Object.<anonymous> (/Users/macbook/Desktop/ChurchApp/Express-Starter-file/app.js:53:5)
    at Module._compile (internal/modules/cjs/loader.js:1085:14)
    at loader (/Users/macbook/Desktop/ChurchApp/Express-Starter-file/node_modules/babel-register/lib/node.js:144:5)
    at Object.require.extensions.<computed> [as .js] (/Users/macbook/Desktop/ChurchApp/Express-Starter-file/node_modules/babel-register/lib/node.js:154:7)
    at Module.load (internal/modules/cjs/loader.js:950:32)
    at Function.Module._load (internal/modules/cjs/loader.js:790:12)
    at Function.executeUserEntryPoint [as runMain] (internal/modules/run_main.js:76:12)
    at Object.<anonymous> (/Users/macbook/Desktop/ChurchApp/Express-Starter-file/node_modules/babel-cli/lib/_babel-node.js:154:22)
    at Module._compile (internal/modules/cjs/loader.js:1085:14)
    at Object.Module._extensions..js (internal/modules/cjs/loader.js:1114:10)
    at Module.load (internal/modules/cjs/loader.js:950:32)
    at Function.Module._load (internal/modules/cjs/loader.js:790:12)
    at Function.executeUserEntryPoint [as runMain] (internal/modules/run_main.js:76:12)
    at internal/main/run_main_module.js:17:47

2021-11-11 13:56:49 [Logs!] error: Error: listen EADDRINUSE: address already in use :::5678
    at Server.setupListenHandle [as _listen2] (net.js:1331:16)
    at listenInCluster (net.js:1379:12)
    at Server.listen (net.js:1465:7)
    at Function.listen (/Users/macbook/Desktop/ChurchApp/Express-Starter-file/node_modules/express/lib/application.js:618:24)
    at Object.<anonymous> (/Users/macbook/Desktop/ChurchApp/Express-Starter-file/app.js:53:5)
    at Module._compile (internal/modules/cjs/loader.js:1085:14)
    at loader (/Users/macbook/Desktop/ChurchApp/Express-Starter-file/node_modules/babel-register/lib/node.js:144:5)
    at Object.require.extensions.<computed> [as .js] (/Users/macbook/Desktop/ChurchApp/Express-Starter-file/node_modules/babel-register/lib/node.js:154:7)
    at Module.load (internal/modules/cjs/loader.js:950:32)
    at Function.Module._load (internal/modules/cjs/loader.js:790:12)
    at Function.executeUserEntryPoint [as runMain] (internal/modules/run_main.js:76:12)
    at Object.<anonymous> (/Users/macbook/Desktop/ChurchApp/Express-Starter-file/node_modules/babel-cli/lib/_babel-node.js:154:22)
    at Module._compile (internal/modules/cjs/loader.js:1085:14)
    at Object.Module._extensions..js (internal/modules/cjs/loader.js:1114:10)
    at Module.load (internal/modules/cjs/loader.js:950:32)
    at Function.Module._load (internal/modules/cjs/loader.js:790:12)
    at Function.executeUserEntryPoint [as runMain] (internal/modules/run_main.js:76:12)
    at internal/main/run_main_module.js:17:47

2021-11-11 15:41:03 [Logs!] error: Error: listen EADDRINUSE: address already in use :::5678
    at Server.setupListenHandle [as _listen2] (net.js:1331:16)
    at listenInCluster (net.js:1379:12)
    at Server.listen (net.js:1465:7)
    at Function.listen (/Users/macbook/Desktop/ChurchApp/Express-Starter-file/node_modules/express/lib/application.js:618:24)
    at Object.<anonymous> (/Users/macbook/Desktop/ChurchApp/Express-Starter-file/app.js:53:5)
    at Module._compile (internal/modules/cjs/loader.js:1085:14)
    at loader (/Users/macbook/Desktop/ChurchApp/Express-Starter-file/node_modules/babel-register/lib/node.js:144:5)
    at Object.require.extensions.<computed> [as .js] (/Users/macbook/Desktop/ChurchApp/Express-Starter-file/node_modules/babel-register/lib/node.js:154:7)
    at Module.load (internal/modules/cjs/loader.js:950:32)
    at Function.Module._load (internal/modules/cjs/loader.js:790:12)
    at Function.executeUserEntryPoint [as runMain] (internal/modules/run_main.js:76:12)
    at Object.<anonymous> (/Users/macbook/Desktop/ChurchApp/Express-Starter-file/node_modules/babel-cli/lib/_babel-node.js:154:22)
    at Module._compile (internal/modules/cjs/loader.js:1085:14)
    at Object.Module._extensions..js (internal/modules/cjs/loader.js:1114:10)
    at Module.load (internal/modules/cjs/loader.js:950:32)
    at Function.Module._load (internal/modules/cjs/loader.js:790:12)
    at Function.executeUserEntryPoint [as runMain] (internal/modules/run_main.js:76:12)
    at internal/main/run_main_module.js:17:47

2021-11-11 15:56:14 [Logs!] error: Error: listen EADDRINUSE: address already in use :::5678
    at Server.setupListenHandle [as _listen2] (net.js:1331:16)
    at listenInCluster (net.js:1379:12)
    at Server.listen (net.js:1465:7)
    at Function.listen (/Users/macbook/Desktop/ChurchApp/Express-Starter-file/node_modules/express/lib/application.js:618:24)
    at Object.<anonymous> (/Users/macbook/Desktop/ChurchApp/Express-Starter-file/app.js:53:5)
    at Module._compile (internal/modules/cjs/loader.js:1085:14)
    at loader (/Users/macbook/Desktop/ChurchApp/Express-Starter-file/node_modules/babel-register/lib/node.js:144:5)
    at Object.require.extensions.<computed> [as .js] (/Users/macbook/Desktop/ChurchApp/Express-Starter-file/node_modules/babel-register/lib/node.js:154:7)
    at Module.load (internal/modules/cjs/loader.js:950:32)
    at Function.Module._load (internal/modules/cjs/loader.js:790:12)
    at Function.executeUserEntryPoint [as runMain] (internal/modules/run_main.js:76:12)
    at Object.<anonymous> (/Users/macbook/Desktop/ChurchApp/Express-Starter-file/node_modules/babel-cli/lib/_babel-node.js:154:22)
    at Module._compile (internal/modules/cjs/loader.js:1085:14)
    at Object.Module._extensions..js (internal/modules/cjs/loader.js:1114:10)
    at Module.load (internal/modules/cjs/loader.js:950:32)
    at Function.Module._load (internal/modules/cjs/loader.js:790:12)
    at Function.executeUserEntryPoint [as runMain] (internal/modules/run_main.js:76:12)
    at internal/main/run_main_module.js:17:47

2021-11-11 15:56:32 [Logs!] error: Error: listen EADDRINUSE: address already in use :::5678
    at Server.setupListenHandle [as _listen2] (net.js:1331:16)
    at listenInCluster (net.js:1379:12)
    at Server.listen (net.js:1465:7)
    at Function.listen (/Users/macbook/Desktop/ChurchApp/Express-Starter-file/node_modules/express/lib/application.js:618:24)
    at Object.<anonymous> (/Users/macbook/Desktop/ChurchApp/Express-Starter-file/app.js:53:5)
    at Module._compile (internal/modules/cjs/loader.js:1085:14)
    at loader (/Users/macbook/Desktop/ChurchApp/Express-Starter-file/node_modules/babel-register/lib/node.js:144:5)
    at Object.require.extensions.<computed> [as .js] (/Users/macbook/Desktop/ChurchApp/Express-Starter-file/node_modules/babel-register/lib/node.js:154:7)
    at Module.load (internal/modules/cjs/loader.js:950:32)
    at Function.Module._load (internal/modules/cjs/loader.js:790:12)
    at Function.executeUserEntryPoint [as runMain] (internal/modules/run_main.js:76:12)
    at Object.<anonymous> (/Users/macbook/Desktop/ChurchApp/Express-Starter-file/node_modules/babel-cli/lib/_babel-node.js:154:22)
    at Module._compile (internal/modules/cjs/loader.js:1085:14)
    at Object.Module._extensions..js (internal/modules/cjs/loader.js:1114:10)
    at Module.load (internal/modules/cjs/loader.js:950:32)
    at Function.Module._load (internal/modules/cjs/loader.js:790:12)
    at Function.executeUserEntryPoint [as runMain] (internal/modules/run_main.js:76:12)
    at internal/main/run_main_module.js:17:47

2021-11-11 15:56:42 [Logs!] error: Error: listen EADDRINUSE: address already in use :::5678
    at Server.setupListenHandle [as _listen2] (net.js:1331:16)
    at listenInCluster (net.js:1379:12)
    at Server.listen (net.js:1465:7)
    at Function.listen (/Users/macbook/Desktop/ChurchApp/Express-Starter-file/node_modules/express/lib/application.js:618:24)
    at Object.<anonymous> (/Users/macbook/Desktop/ChurchApp/Express-Starter-file/app.js:53:5)
    at Module._compile (internal/modules/cjs/loader.js:1085:14)
    at loader (/Users/macbook/Desktop/ChurchApp/Express-Starter-file/node_modules/babel-register/lib/node.js:144:5)
    at Object.require.extensions.<computed> [as .js] (/Users/macbook/Desktop/ChurchApp/Express-Starter-file/node_modules/babel-register/lib/node.js:154:7)
    at Module.load (internal/modules/cjs/loader.js:950:32)
    at Function.Module._load (internal/modules/cjs/loader.js:790:12)
    at Function.executeUserEntryPoint [as runMain] (internal/modules/run_main.js:76:12)
    at Object.<anonymous> (/Users/macbook/Desktop/ChurchApp/Express-Starter-file/node_modules/babel-cli/lib/_babel-node.js:154:22)
    at Module._compile (internal/modules/cjs/loader.js:1085:14)
    at Object.Module._extensions..js (internal/modules/cjs/loader.js:1114:10)
    at Module.load (internal/modules/cjs/loader.js:950:32)
    at Function.Module._load (internal/modules/cjs/loader.js:790:12)
    at Function.executeUserEntryPoint [as runMain] (internal/modules/run_main.js:76:12)
    at internal/main/run_main_module.js:17:47

2021-11-11 15:56:42 [Logs!] error: Error: listen EADDRINUSE: address already in use :::5678
    at Server.setupListenHandle [as _listen2] (net.js:1331:16)
    at listenInCluster (net.js:1379:12)
    at Server.listen (net.js:1465:7)
    at Function.listen (/Users/macbook/Desktop/ChurchApp/Express-Starter-file/node_modules/express/lib/application.js:618:24)
    at Object.<anonymous> (/Users/macbook/Desktop/ChurchApp/Express-Starter-file/app.js:53:5)
    at Module._compile (internal/modules/cjs/loader.js:1085:14)
    at loader (/Users/macbook/Desktop/ChurchApp/Express-Starter-file/node_modules/babel-register/lib/node.js:144:5)
    at Object.require.extensions.<computed> [as .js] (/Users/macbook/Desktop/ChurchApp/Express-Starter-file/node_modules/babel-register/lib/node.js:154:7)
    at Module.load (internal/modules/cjs/loader.js:950:32)
    at Function.Module._load (internal/modules/cjs/loader.js:790:12)
    at Function.executeUserEntryPoint [as runMain] (internal/modules/run_main.js:76:12)
    at Object.<anonymous> (/Users/macbook/Desktop/ChurchApp/Express-Starter-file/node_modules/babel-cli/lib/_babel-node.js:154:22)
    at Module._compile (internal/modules/cjs/loader.js:1085:14)
    at Object.Module._extensions..js (internal/modules/cjs/loader.js:1114:10)
    at Module.load (internal/modules/cjs/loader.js:950:32)
    at Function.Module._load (internal/modules/cjs/loader.js:790:12)
    at Function.executeUserEntryPoint [as runMain] (internal/modules/run_main.js:76:12)
    at internal/main/run_main_module.js:17:47

2021-11-11 15:56:44 [Logs!] error: Error: listen EADDRINUSE: address already in use :::5678
    at Server.setupListenHandle [as _listen2] (net.js:1331:16)
    at listenInCluster (net.js:1379:12)
    at Server.listen (net.js:1465:7)
    at Function.listen (/Users/macbook/Desktop/ChurchApp/Express-Starter-file/node_modules/express/lib/application.js:618:24)
    at Object.<anonymous> (/Users/macbook/Desktop/ChurchApp/Express-Starter-file/app.js:53:5)
    at Module._compile (internal/modules/cjs/loader.js:1085:14)
    at loader (/Users/macbook/Desktop/ChurchApp/Express-Starter-file/node_modules/babel-register/lib/node.js:144:5)
    at Object.require.extensions.<computed> [as .js] (/Users/macbook/Desktop/ChurchApp/Express-Starter-file/node_modules/babel-register/lib/node.js:154:7)
    at Module.load (internal/modules/cjs/loader.js:950:32)
    at Function.Module._load (internal/modules/cjs/loader.js:790:12)
    at Function.executeUserEntryPoint [as runMain] (internal/modules/run_main.js:76:12)
    at Object.<anonymous> (/Users/macbook/Desktop/ChurchApp/Express-Starter-file/node_modules/babel-cli/lib/_babel-node.js:154:22)
    at Module._compile (internal/modules/cjs/loader.js:1085:14)
    at Object.Module._extensions..js (internal/modules/cjs/loader.js:1114:10)
    at Module.load (internal/modules/cjs/loader.js:950:32)
    at Function.Module._load (internal/modules/cjs/loader.js:790:12)
    at Function.executeUserEntryPoint [as runMain] (internal/modules/run_main.js:76:12)
    at internal/main/run_main_module.js:17:47

2021-11-11 15:56:48 [Logs!] error: Error: listen EADDRINUSE: address already in use :::5678
    at Server.setupListenHandle [as _listen2] (net.js:1331:16)
    at listenInCluster (net.js:1379:12)
    at Server.listen (net.js:1465:7)
    at Function.listen (/Users/macbook/Desktop/ChurchApp/Express-Starter-file/node_modules/express/lib/application.js:618:24)
    at Object.<anonymous> (/Users/macbook/Desktop/ChurchApp/Express-Starter-file/app.js:53:5)
    at Module._compile (internal/modules/cjs/loader.js:1085:14)
    at loader (/Users/macbook/Desktop/ChurchApp/Express-Starter-file/node_modules/babel-register/lib/node.js:144:5)
    at Object.require.extensions.<computed> [as .js] (/Users/macbook/Desktop/ChurchApp/Express-Starter-file/node_modules/babel-register/lib/node.js:154:7)
    at Module.load (internal/modules/cjs/loader.js:950:32)
    at Function.Module._load (internal/modules/cjs/loader.js:790:12)
    at Function.executeUserEntryPoint [as runMain] (internal/modules/run_main.js:76:12)
    at Object.<anonymous> (/Users/macbook/Desktop/ChurchApp/Express-Starter-file/node_modules/babel-cli/lib/_babel-node.js:154:22)
    at Module._compile (internal/modules/cjs/loader.js:1085:14)
    at Object.Module._extensions..js (internal/modules/cjs/loader.js:1114:10)
    at Module.load (internal/modules/cjs/loader.js:950:32)
    at Function.Module._load (internal/modules/cjs/loader.js:790:12)
    at Function.executeUserEntryPoint [as runMain] (internal/modules/run_main.js:76:12)
    at internal/main/run_main_module.js:17:47

2021-11-11 15:56:48 [Logs!] error: Error: listen EADDRINUSE: address already in use :::5678
    at Server.setupListenHandle [as _listen2] (net.js:1331:16)
    at listenInCluster (net.js:1379:12)
    at Server.listen (net.js:1465:7)
    at Function.listen (/Users/macbook/Desktop/ChurchApp/Express-Starter-file/node_modules/express/lib/application.js:618:24)
    at Object.<anonymous> (/Users/macbook/Desktop/ChurchApp/Express-Starter-file/app.js:53:5)
    at Module._compile (internal/modules/cjs/loader.js:1085:14)
    at loader (/Users/macbook/Desktop/ChurchApp/Express-Starter-file/node_modules/babel-register/lib/node.js:144:5)
    at Object.require.extensions.<computed> [as .js] (/Users/macbook/Desktop/ChurchApp/Express-Starter-file/node_modules/babel-register/lib/node.js:154:7)
    at Module.load (internal/modules/cjs/loader.js:950:32)
    at Function.Module._load (internal/modules/cjs/loader.js:790:12)
    at Function.executeUserEntryPoint [as runMain] (internal/modules/run_main.js:76:12)
    at Object.<anonymous> (/Users/macbook/Desktop/ChurchApp/Express-Starter-file/node_modules/babel-cli/lib/_babel-node.js:154:22)
    at Module._compile (internal/modules/cjs/loader.js:1085:14)
    at Object.Module._extensions..js (internal/modules/cjs/loader.js:1114:10)
    at Module.load (internal/modules/cjs/loader.js:950:32)
    at Function.Module._load (internal/modules/cjs/loader.js:790:12)
    at Function.executeUserEntryPoint [as runMain] (internal/modules/run_main.js:76:12)
    at internal/main/run_main_module.js:17:47

2021-11-11 15:57:53 [Logs!] error: Error: listen EADDRINUSE: address already in use :::5678
    at Server.setupListenHandle [as _listen2] (net.js:1331:16)
    at listenInCluster (net.js:1379:12)
    at Server.listen (net.js:1465:7)
    at Function.listen (/Users/macbook/Desktop/ChurchApp/Express-Starter-file/node_modules/express/lib/application.js:618:24)
    at Object.<anonymous> (/Users/macbook/Desktop/ChurchApp/Express-Starter-file/app.js:53:5)
    at Module._compile (internal/modules/cjs/loader.js:1085:14)
    at loader (/Users/macbook/Desktop/ChurchApp/Express-Starter-file/node_modules/babel-register/lib/node.js:144:5)
    at Object.require.extensions.<computed> [as .js] (/Users/macbook/Desktop/ChurchApp/Express-Starter-file/node_modules/babel-register/lib/node.js:154:7)
    at Module.load (internal/modules/cjs/loader.js:950:32)
    at Function.Module._load (internal/modules/cjs/loader.js:790:12)
    at Function.executeUserEntryPoint [as runMain] (internal/modules/run_main.js:76:12)
    at Object.<anonymous> (/Users/macbook/Desktop/ChurchApp/Express-Starter-file/node_modules/babel-cli/lib/_babel-node.js:154:22)
    at Module._compile (internal/modules/cjs/loader.js:1085:14)
    at Object.Module._extensions..js (internal/modules/cjs/loader.js:1114:10)
    at Module.load (internal/modules/cjs/loader.js:950:32)
    at Function.Module._load (internal/modules/cjs/loader.js:790:12)
    at Function.executeUserEntryPoint [as runMain] (internal/modules/run_main.js:76:12)
    at internal/main/run_main_module.js:17:47

2021-11-11 15:58:00 [Logs!] error: Error: listen EADDRINUSE: address already in use :::5678
    at Server.setupListenHandle [as _listen2] (net.js:1331:16)
    at listenInCluster (net.js:1379:12)
    at Server.listen (net.js:1465:7)
    at Function.listen (/Users/macbook/Desktop/ChurchApp/Express-Starter-file/node_modules/express/lib/application.js:618:24)
    at Object.<anonymous> (/Users/macbook/Desktop/ChurchApp/Express-Starter-file/app.js:53:5)
    at Module._compile (internal/modules/cjs/loader.js:1085:14)
    at loader (/Users/macbook/Desktop/ChurchApp/Express-Starter-file/node_modules/babel-register/lib/node.js:144:5)
    at Object.require.extensions.<computed> [as .js] (/Users/macbook/Desktop/ChurchApp/Express-Starter-file/node_modules/babel-register/lib/node.js:154:7)
    at Module.load (internal/modules/cjs/loader.js:950:32)
    at Function.Module._load (internal/modules/cjs/loader.js:790:12)
    at Function.executeUserEntryPoint [as runMain] (internal/modules/run_main.js:76:12)
    at Object.<anonymous> (/Users/macbook/Desktop/ChurchApp/Express-Starter-file/node_modules/babel-cli/lib/_babel-node.js:154:22)
    at Module._compile (internal/modules/cjs/loader.js:1085:14)
    at Object.Module._extensions..js (internal/modules/cjs/loader.js:1114:10)
    at Module.load (internal/modules/cjs/loader.js:950:32)
    at Function.Module._load (internal/modules/cjs/loader.js:790:12)
    at Function.executeUserEntryPoint [as runMain] (internal/modules/run_main.js:76:12)
    at internal/main/run_main_module.js:17:47

2021-11-11 15:58:43 [Logs!] error: Error: listen EADDRINUSE: address already in use :::5678
    at Server.setupListenHandle [as _listen2] (net.js:1331:16)
    at listenInCluster (net.js:1379:12)
    at Server.listen (net.js:1465:7)
    at Function.listen (/Users/macbook/Desktop/ChurchApp/Express-Starter-file/node_modules/express/lib/application.js:618:24)
    at Object.<anonymous> (/Users/macbook/Desktop/ChurchApp/Express-Starter-file/app.js:53:5)
    at Module._compile (internal/modules/cjs/loader.js:1085:14)
    at loader (/Users/macbook/Desktop/ChurchApp/Express-Starter-file/node_modules/babel-register/lib/node.js:144:5)
    at Object.require.extensions.<computed> [as .js] (/Users/macbook/Desktop/ChurchApp/Express-Starter-file/node_modules/babel-register/lib/node.js:154:7)
    at Module.load (internal/modules/cjs/loader.js:950:32)
    at Function.Module._load (internal/modules/cjs/loader.js:790:12)
    at Function.executeUserEntryPoint [as runMain] (internal/modules/run_main.js:76:12)
    at Object.<anonymous> (/Users/macbook/Desktop/ChurchApp/Express-Starter-file/node_modules/babel-cli/lib/_babel-node.js:154:22)
    at Module._compile (internal/modules/cjs/loader.js:1085:14)
    at Object.Module._extensions..js (internal/modules/cjs/loader.js:1114:10)
    at Module.load (internal/modules/cjs/loader.js:950:32)
    at Function.Module._load (internal/modules/cjs/loader.js:790:12)
    at Function.executeUserEntryPoint [as runMain] (internal/modules/run_main.js:76:12)
    at internal/main/run_main_module.js:17:47

2021-11-11 15:58:48 [Logs!] error: Error: listen EADDRINUSE: address already in use :::5678
    at Server.setupListenHandle [as _listen2] (net.js:1331:16)
    at listenInCluster (net.js:1379:12)
    at Server.listen (net.js:1465:7)
    at Function.listen (/Users/macbook/Desktop/ChurchApp/Express-Starter-file/node_modules/express/lib/application.js:618:24)
    at Object.<anonymous> (/Users/macbook/Desktop/ChurchApp/Express-Starter-file/app.js:53:5)
    at Module._compile (internal/modules/cjs/loader.js:1085:14)
    at loader (/Users/macbook/Desktop/ChurchApp/Express-Starter-file/node_modules/babel-register/lib/node.js:144:5)
    at Object.require.extensions.<computed> [as .js] (/Users/macbook/Desktop/ChurchApp/Express-Starter-file/node_modules/babel-register/lib/node.js:154:7)
    at Module.load (internal/modules/cjs/loader.js:950:32)
    at Function.Module._load (internal/modules/cjs/loader.js:790:12)
    at Function.executeUserEntryPoint [as runMain] (internal/modules/run_main.js:76:12)
    at Object.<anonymous> (/Users/macbook/Desktop/ChurchApp/Express-Starter-file/node_modules/babel-cli/lib/_babel-node.js:154:22)
    at Module._compile (internal/modules/cjs/loader.js:1085:14)
    at Object.Module._extensions..js (internal/modules/cjs/loader.js:1114:10)
    at Module.load (internal/modules/cjs/loader.js:950:32)
    at Function.Module._load (internal/modules/cjs/loader.js:790:12)
    at Function.executeUserEntryPoint [as runMain] (internal/modules/run_main.js:76:12)
    at internal/main/run_main_module.js:17:47

2021-11-11 15:58:48 [Logs!] error: Error: listen EADDRINUSE: address already in use :::5678
    at Server.setupListenHandle [as _listen2] (net.js:1331:16)
    at listenInCluster (net.js:1379:12)
    at Server.listen (net.js:1465:7)
    at Function.listen (/Users/macbook/Desktop/ChurchApp/Express-Starter-file/node_modules/express/lib/application.js:618:24)
    at Object.<anonymous> (/Users/macbook/Desktop/ChurchApp/Express-Starter-file/app.js:53:5)
    at Module._compile (internal/modules/cjs/loader.js:1085:14)
    at loader (/Users/macbook/Desktop/ChurchApp/Express-Starter-file/node_modules/babel-register/lib/node.js:144:5)
    at Object.require.extensions.<computed> [as .js] (/Users/macbook/Desktop/ChurchApp/Express-Starter-file/node_modules/babel-register/lib/node.js:154:7)
    at Module.load (internal/modules/cjs/loader.js:950:32)
    at Function.Module._load (internal/modules/cjs/loader.js:790:12)
    at Function.executeUserEntryPoint [as runMain] (internal/modules/run_main.js:76:12)
    at Object.<anonymous> (/Users/macbook/Desktop/ChurchApp/Express-Starter-file/node_modules/babel-cli/lib/_babel-node.js:154:22)
    at Module._compile (internal/modules/cjs/loader.js:1085:14)
    at Object.Module._extensions..js (internal/modules/cjs/loader.js:1114:10)
    at Module.load (internal/modules/cjs/loader.js:950:32)
    at Function.Module._load (internal/modules/cjs/loader.js:790:12)
    at Function.executeUserEntryPoint [as runMain] (internal/modules/run_main.js:76:12)
    at internal/main/run_main_module.js:17:47

2021-11-11 15:58:51 [Logs!] error: Error: listen EADDRINUSE: address already in use :::5678
    at Server.setupListenHandle [as _listen2] (net.js:1331:16)
    at listenInCluster (net.js:1379:12)
    at Server.listen (net.js:1465:7)
    at Function.listen (/Users/macbook/Desktop/ChurchApp/Express-Starter-file/node_modules/express/lib/application.js:618:24)
    at Object.<anonymous> (/Users/macbook/Desktop/ChurchApp/Express-Starter-file/app.js:53:5)
    at Module._compile (internal/modules/cjs/loader.js:1085:14)
    at loader (/Users/macbook/Desktop/ChurchApp/Express-Starter-file/node_modules/babel-register/lib/node.js:144:5)
    at Object.require.extensions.<computed> [as .js] (/Users/macbook/Desktop/ChurchApp/Express-Starter-file/node_modules/babel-register/lib/node.js:154:7)
    at Module.load (internal/modules/cjs/loader.js:950:32)
    at Function.Module._load (internal/modules/cjs/loader.js:790:12)
    at Function.executeUserEntryPoint [as runMain] (internal/modules/run_main.js:76:12)
    at Object.<anonymous> (/Users/macbook/Desktop/ChurchApp/Express-Starter-file/node_modules/babel-cli/lib/_babel-node.js:154:22)
    at Module._compile (internal/modules/cjs/loader.js:1085:14)
    at Object.Module._extensions..js (internal/modules/cjs/loader.js:1114:10)
    at Module.load (internal/modules/cjs/loader.js:950:32)
    at Function.Module._load (internal/modules/cjs/loader.js:790:12)
    at Function.executeUserEntryPoint [as runMain] (internal/modules/run_main.js:76:12)
    at internal/main/run_main_module.js:17:47

2021-11-11 15:58:51 [Logs!] error: Error: listen EADDRINUSE: address already in use :::5678
    at Server.setupListenHandle [as _listen2] (net.js:1331:16)
    at listenInCluster (net.js:1379:12)
    at Server.listen (net.js:1465:7)
    at Function.listen (/Users/macbook/Desktop/ChurchApp/Express-Starter-file/node_modules/express/lib/application.js:618:24)
    at Object.<anonymous> (/Users/macbook/Desktop/ChurchApp/Express-Starter-file/app.js:53:5)
    at Module._compile (internal/modules/cjs/loader.js:1085:14)
    at loader (/Users/macbook/Desktop/ChurchApp/Express-Starter-file/node_modules/babel-register/lib/node.js:144:5)
    at Object.require.extensions.<computed> [as .js] (/Users/macbook/Desktop/ChurchApp/Express-Starter-file/node_modules/babel-register/lib/node.js:154:7)
    at Module.load (internal/modules/cjs/loader.js:950:32)
    at Function.Module._load (internal/modules/cjs/loader.js:790:12)
    at Function.executeUserEntryPoint [as runMain] (internal/modules/run_main.js:76:12)
    at Object.<anonymous> (/Users/macbook/Desktop/ChurchApp/Express-Starter-file/node_modules/babel-cli/lib/_babel-node.js:154:22)
    at Module._compile (internal/modules/cjs/loader.js:1085:14)
    at Object.Module._extensions..js (internal/modules/cjs/loader.js:1114:10)
    at Module.load (internal/modules/cjs/loader.js:950:32)
    at Function.Module._load (internal/modules/cjs/loader.js:790:12)
    at Function.executeUserEntryPoint [as runMain] (internal/modules/run_main.js:76:12)
    at internal/main/run_main_module.js:17:47

2021-11-11 15:58:58 [Logs!] error: Error: listen EADDRINUSE: address already in use :::5678
    at Server.setupListenHandle [as _listen2] (net.js:1331:16)
    at listenInCluster (net.js:1379:12)
    at Server.listen (net.js:1465:7)
    at Function.listen (/Users/macbook/Desktop/ChurchApp/Express-Starter-file/node_modules/express/lib/application.js:618:24)
    at Object.<anonymous> (/Users/macbook/Desktop/ChurchApp/Express-Starter-file/app.js:53:5)
    at Module._compile (internal/modules/cjs/loader.js:1085:14)
    at loader (/Users/macbook/Desktop/ChurchApp/Express-Starter-file/node_modules/babel-register/lib/node.js:144:5)
    at Object.require.extensions.<computed> [as .js] (/Users/macbook/Desktop/ChurchApp/Express-Starter-file/node_modules/babel-register/lib/node.js:154:7)
    at Module.load (internal/modules/cjs/loader.js:950:32)
    at Function.Module._load (internal/modules/cjs/loader.js:790:12)
    at Function.executeUserEntryPoint [as runMain] (internal/modules/run_main.js:76:12)
    at Object.<anonymous> (/Users/macbook/Desktop/ChurchApp/Express-Starter-file/node_modules/babel-cli/lib/_babel-node.js:154:22)
    at Module._compile (internal/modules/cjs/loader.js:1085:14)
    at Object.Module._extensions..js (internal/modules/cjs/loader.js:1114:10)
    at Module.load (internal/modules/cjs/loader.js:950:32)
    at Function.Module._load (internal/modules/cjs/loader.js:790:12)
    at Function.executeUserEntryPoint [as runMain] (internal/modules/run_main.js:76:12)
    at internal/main/run_main_module.js:17:47

2021-11-11 15:59:01 [Logs!] error: Error: listen EADDRINUSE: address already in use :::5678
    at Server.setupListenHandle [as _listen2] (net.js:1331:16)
    at listenInCluster (net.js:1379:12)
    at Server.listen (net.js:1465:7)
    at Function.listen (/Users/macbook/Desktop/ChurchApp/Express-Starter-file/node_modules/express/lib/application.js:618:24)
    at Object.<anonymous> (/Users/macbook/Desktop/ChurchApp/Express-Starter-file/app.js:53:5)
    at Module._compile (internal/modules/cjs/loader.js:1085:14)
    at loader (/Users/macbook/Desktop/ChurchApp/Express-Starter-file/node_modules/babel-register/lib/node.js:144:5)
    at Object.require.extensions.<computed> [as .js] (/Users/macbook/Desktop/ChurchApp/Express-Starter-file/node_modules/babel-register/lib/node.js:154:7)
    at Module.load (internal/modules/cjs/loader.js:950:32)
    at Function.Module._load (internal/modules/cjs/loader.js:790:12)
    at Function.executeUserEntryPoint [as runMain] (internal/modules/run_main.js:76:12)
    at Object.<anonymous> (/Users/macbook/Desktop/ChurchApp/Express-Starter-file/node_modules/babel-cli/lib/_babel-node.js:154:22)
    at Module._compile (internal/modules/cjs/loader.js:1085:14)
    at Object.Module._extensions..js (internal/modules/cjs/loader.js:1114:10)
    at Module.load (internal/modules/cjs/loader.js:950:32)
    at Function.Module._load (internal/modules/cjs/loader.js:790:12)
    at Function.executeUserEntryPoint [as runMain] (internal/modules/run_main.js:76:12)
    at internal/main/run_main_module.js:17:47

2021-11-11 15:59:07 [Logs!] error: Error: listen EADDRINUSE: address already in use :::5678
    at Server.setupListenHandle [as _listen2] (net.js:1331:16)
    at listenInCluster (net.js:1379:12)
    at Server.listen (net.js:1465:7)
    at Function.listen (/Users/macbook/Desktop/ChurchApp/Express-Starter-file/node_modules/express/lib/application.js:618:24)
    at Object.<anonymous> (/Users/macbook/Desktop/ChurchApp/Express-Starter-file/app.js:53:5)
    at Module._compile (internal/modules/cjs/loader.js:1085:14)
    at loader (/Users/macbook/Desktop/ChurchApp/Express-Starter-file/node_modules/babel-register/lib/node.js:144:5)
    at Object.require.extensions.<computed> [as .js] (/Users/macbook/Desktop/ChurchApp/Express-Starter-file/node_modules/babel-register/lib/node.js:154:7)
    at Module.load (internal/modules/cjs/loader.js:950:32)
    at Function.Module._load (internal/modules/cjs/loader.js:790:12)
    at Function.executeUserEntryPoint [as runMain] (internal/modules/run_main.js:76:12)
    at Object.<anonymous> (/Users/macbook/Desktop/ChurchApp/Express-Starter-file/node_modules/babel-cli/lib/_babel-node.js:154:22)
    at Module._compile (internal/modules/cjs/loader.js:1085:14)
    at Object.Module._extensions..js (internal/modules/cjs/loader.js:1114:10)
    at Module.load (internal/modules/cjs/loader.js:950:32)
    at Function.Module._load (internal/modules/cjs/loader.js:790:12)
    at Function.executeUserEntryPoint [as runMain] (internal/modules/run_main.js:76:12)
    at internal/main/run_main_module.js:17:47

2021-11-11 15:59:16 [Logs!] error: Error: listen EADDRINUSE: address already in use :::5678
    at Server.setupListenHandle [as _listen2] (net.js:1331:16)
    at listenInCluster (net.js:1379:12)
    at Server.listen (net.js:1465:7)
    at Function.listen (/Users/macbook/Desktop/ChurchApp/Express-Starter-file/node_modules/express/lib/application.js:618:24)
    at Object.<anonymous> (/Users/macbook/Desktop/ChurchApp/Express-Starter-file/app.js:53:5)
    at Module._compile (internal/modules/cjs/loader.js:1085:14)
    at loader (/Users/macbook/Desktop/ChurchApp/Express-Starter-file/node_modules/babel-register/lib/node.js:144:5)
    at Object.require.extensions.<computed> [as .js] (/Users/macbook/Desktop/ChurchApp/Express-Starter-file/node_modules/babel-register/lib/node.js:154:7)
    at Module.load (internal/modules/cjs/loader.js:950:32)
    at Function.Module._load (internal/modules/cjs/loader.js:790:12)
    at Function.executeUserEntryPoint [as runMain] (internal/modules/run_main.js:76:12)
    at Object.<anonymous> (/Users/macbook/Desktop/ChurchApp/Express-Starter-file/node_modules/babel-cli/lib/_babel-node.js:154:22)
    at Module._compile (internal/modules/cjs/loader.js:1085:14)
    at Object.Module._extensions..js (internal/modules/cjs/loader.js:1114:10)
    at Module.load (internal/modules/cjs/loader.js:950:32)
    at Function.Module._load (internal/modules/cjs/loader.js:790:12)
    at Function.executeUserEntryPoint [as runMain] (internal/modules/run_main.js:76:12)
    at internal/main/run_main_module.js:17:47

