2021-11-05 06:19:31 [Logs!] error: Error: listen EADDRINUSE: address already in use :::5678
    at Server.setupListenHandle [as _listen2] (net.js:1331:16)
    at listenInCluster (net.js:1379:12)
    at Server.listen (net.js:1465:7)
    at Function.listen (/Users/macbook/Desktop/ChurchApp/Express-Starter-file/node_modules/express/lib/application.js:618:24)
    at Object.<anonymous> (/Users/macbook/Desktop/ChurchApp/Express-Starter-file/app.js:53:5)
    at Module._compile (internal/modules/cjs/loader.js:1085:14)
    at loader (/Users/macbook/Desktop/ChurchApp/Express-Starter-file/node_modules/babel-register/lib/node.js:144:5)
    at Object.require.extensions.<computed> [as .js] (/Users/macbook/Desktop/ChurchApp/Express-Starter-file/node_modules/babel-register/lib/node.js:154:7)
    at Module.load (internal/modules/cjs/loader.js:950:32)
    at Function.Module._load (internal/modules/cjs/loader.js:790:12)
    at Function.executeUserEntryPoint [as runMain] (internal/modules/run_main.js:76:12)
    at Object.<anonymous> (/Users/macbook/Desktop/ChurchApp/Express-Starter-file/node_modules/babel-cli/lib/_babel-node.js:154:22)
    at Module._compile (internal/modules/cjs/loader.js:1085:14)
    at Object.Module._extensions..js (internal/modules/cjs/loader.js:1114:10)
    at Module.load (internal/modules/cjs/loader.js:950:32)
    at Function.Module._load (internal/modules/cjs/loader.js:790:12)

2021-11-05 06:43:25 [Logs!] error: Error: listen EADDRINUSE: address already in use :::5678
    at Server.setupListenHandle [as _listen2] (net.js:1331:16)
    at listenInCluster (net.js:1379:12)
    at Server.listen (net.js:1465:7)
    at Function.listen (/Users/macbook/Desktop/ChurchApp/Express-Starter-file/node_modules/express/lib/application.js:618:24)
    at Object.<anonymous> (/Users/macbook/Desktop/ChurchApp/Express-Starter-file/app.js:53:5)
    at Module._compile (internal/modules/cjs/loader.js:1085:14)
    at loader (/Users/macbook/Desktop/ChurchApp/Express-Starter-file/node_modules/babel-register/lib/node.js:144:5)
    at Object.require.extensions.<computed> [as .js] (/Users/macbook/Desktop/ChurchApp/Express-Starter-file/node_modules/babel-register/lib/node.js:154:7)
    at Module.load (internal/modules/cjs/loader.js:950:32)
    at Function.Module._load (internal/modules/cjs/loader.js:790:12)
    at Function.executeUserEntryPoint [as runMain] (internal/modules/run_main.js:76:12)
    at Object.<anonymous> (/Users/macbook/Desktop/ChurchApp/Express-Starter-file/node_modules/babel-cli/lib/_babel-node.js:154:22)
    at Module._compile (internal/modules/cjs/loader.js:1085:14)
    at Object.Module._extensions..js (internal/modules/cjs/loader.js:1114:10)
    at Module.load (internal/modules/cjs/loader.js:950:32)
    at Function.Module._load (internal/modules/cjs/loader.js:790:12)

2021-11-05 06:45:04 [Logs!] error: Error: listen EADDRINUSE: address already in use :::5678
    at Server.setupListenHandle [as _listen2] (net.js:1331:16)
    at listenInCluster (net.js:1379:12)
    at Server.listen (net.js:1465:7)
    at Function.listen (/Users/macbook/Desktop/ChurchApp/Express-Starter-file/node_modules/express/lib/application.js:618:24)
    at Object.<anonymous> (/Users/macbook/Desktop/ChurchApp/Express-Starter-file/app.js:54:5)
    at Module._compile (internal/modules/cjs/loader.js:1085:14)
    at loader (/Users/macbook/Desktop/ChurchApp/Express-Starter-file/node_modules/babel-register/lib/node.js:144:5)
    at Object.require.extensions.<computed> [as .js] (/Users/macbook/Desktop/ChurchApp/Express-Starter-file/node_modules/babel-register/lib/node.js:154:7)
    at Module.load (internal/modules/cjs/loader.js:950:32)
    at Function.Module._load (internal/modules/cjs/loader.js:790:12)
    at Function.executeUserEntryPoint [as runMain] (internal/modules/run_main.js:76:12)
    at Object.<anonymous> (/Users/macbook/Desktop/ChurchApp/Express-Starter-file/node_modules/babel-cli/lib/_babel-node.js:154:22)
    at Module._compile (internal/modules/cjs/loader.js:1085:14)
    at Object.Module._extensions..js (internal/modules/cjs/loader.js:1114:10)
    at Module.load (internal/modules/cjs/loader.js:950:32)
    at Function.Module._load (internal/modules/cjs/loader.js:790:12)

2021-11-05 06:45:13 [Logs!] error: Error: listen EADDRINUSE: address already in use :::5678
    at Server.setupListenHandle [as _listen2] (net.js:1331:16)
    at listenInCluster (net.js:1379:12)
    at Server.listen (net.js:1465:7)
    at Function.listen (/Users/macbook/Desktop/ChurchApp/Express-Starter-file/node_modules/express/lib/application.js:618:24)
    at Object.<anonymous> (/Users/macbook/Desktop/ChurchApp/Express-Starter-file/app.js:54:5)
    at Module._compile (internal/modules/cjs/loader.js:1085:14)
    at loader (/Users/macbook/Desktop/ChurchApp/Express-Starter-file/node_modules/babel-register/lib/node.js:144:5)
    at Object.require.extensions.<computed> [as .js] (/Users/macbook/Desktop/ChurchApp/Express-Starter-file/node_modules/babel-register/lib/node.js:154:7)
    at Module.load (internal/modules/cjs/loader.js:950:32)
    at Function.Module._load (internal/modules/cjs/loader.js:790:12)
    at Function.executeUserEntryPoint [as runMain] (internal/modules/run_main.js:76:12)
    at Object.<anonymous> (/Users/macbook/Desktop/ChurchApp/Express-Starter-file/node_modules/babel-cli/lib/_babel-node.js:154:22)
    at Module._compile (internal/modules/cjs/loader.js:1085:14)
    at Object.Module._extensions..js (internal/modules/cjs/loader.js:1114:10)
    at Module.load (internal/modules/cjs/loader.js:950:32)
    at Function.Module._load (internal/modules/cjs/loader.js:790:12)

2021-11-05 06:45:20 [Logs!] error: Error: listen EADDRINUSE: address already in use :::5678
    at Server.setupListenHandle [as _listen2] (net.js:1331:16)
    at listenInCluster (net.js:1379:12)
    at Server.listen (net.js:1465:7)
    at Function.listen (/Users/macbook/Desktop/ChurchApp/Express-Starter-file/node_modules/express/lib/application.js:618:24)
    at Object.<anonymous> (/Users/macbook/Desktop/ChurchApp/Express-Starter-file/app.js:54:5)
    at Module._compile (internal/modules/cjs/loader.js:1085:14)
    at loader (/Users/macbook/Desktop/ChurchApp/Express-Starter-file/node_modules/babel-register/lib/node.js:144:5)
    at Object.require.extensions.<computed> [as .js] (/Users/macbook/Desktop/ChurchApp/Express-Starter-file/node_modules/babel-register/lib/node.js:154:7)
    at Module.load (internal/modules/cjs/loader.js:950:32)
    at Function.Module._load (internal/modules/cjs/loader.js:790:12)
    at Function.executeUserEntryPoint [as runMain] (internal/modules/run_main.js:76:12)
    at Object.<anonymous> (/Users/macbook/Desktop/ChurchApp/Express-Starter-file/node_modules/babel-cli/lib/_babel-node.js:154:22)
    at Module._compile (internal/modules/cjs/loader.js:1085:14)
    at Object.Module._extensions..js (internal/modules/cjs/loader.js:1114:10)
    at Module.load (internal/modules/cjs/loader.js:950:32)
    at Function.Module._load (internal/modules/cjs/loader.js:790:12)

2021-11-05 06:45:27 [Logs!] error: Error: listen EADDRINUSE: address already in use :::5678
    at Server.setupListenHandle [as _listen2] (net.js:1331:16)
    at listenInCluster (net.js:1379:12)
    at Server.listen (net.js:1465:7)
    at Function.listen (/Users/macbook/Desktop/ChurchApp/Express-Starter-file/node_modules/express/lib/application.js:618:24)
    at Object.<anonymous> (/Users/macbook/Desktop/ChurchApp/Express-Starter-file/app.js:54:5)
    at Module._compile (internal/modules/cjs/loader.js:1085:14)
    at loader (/Users/macbook/Desktop/ChurchApp/Express-Starter-file/node_modules/babel-register/lib/node.js:144:5)
    at Object.require.extensions.<computed> [as .js] (/Users/macbook/Desktop/ChurchApp/Express-Starter-file/node_modules/babel-register/lib/node.js:154:7)
    at Module.load (internal/modules/cjs/loader.js:950:32)
    at Function.Module._load (internal/modules/cjs/loader.js:790:12)
    at Function.executeUserEntryPoint [as runMain] (internal/modules/run_main.js:76:12)
    at Object.<anonymous> (/Users/macbook/Desktop/ChurchApp/Express-Starter-file/node_modules/babel-cli/lib/_babel-node.js:154:22)
    at Module._compile (internal/modules/cjs/loader.js:1085:14)
    at Object.Module._extensions..js (internal/modules/cjs/loader.js:1114:10)
    at Module.load (internal/modules/cjs/loader.js:950:32)
    at Function.Module._load (internal/modules/cjs/loader.js:790:12)

2021-11-05 06:45:28 [Logs!] error: Error: listen EADDRINUSE: address already in use :::5678
    at Server.setupListenHandle [as _listen2] (net.js:1331:16)
    at listenInCluster (net.js:1379:12)
    at Server.listen (net.js:1465:7)
    at Function.listen (/Users/macbook/Desktop/ChurchApp/Express-Starter-file/node_modules/express/lib/application.js:618:24)
    at Object.<anonymous> (/Users/macbook/Desktop/ChurchApp/Express-Starter-file/app.js:54:5)
    at Module._compile (internal/modules/cjs/loader.js:1085:14)
    at loader (/Users/macbook/Desktop/ChurchApp/Express-Starter-file/node_modules/babel-register/lib/node.js:144:5)
    at Object.require.extensions.<computed> [as .js] (/Users/macbook/Desktop/ChurchApp/Express-Starter-file/node_modules/babel-register/lib/node.js:154:7)
    at Module.load (internal/modules/cjs/loader.js:950:32)
    at Function.Module._load (internal/modules/cjs/loader.js:790:12)
    at Function.executeUserEntryPoint [as runMain] (internal/modules/run_main.js:76:12)
    at Object.<anonymous> (/Users/macbook/Desktop/ChurchApp/Express-Starter-file/node_modules/babel-cli/lib/_babel-node.js:154:22)
    at Module._compile (internal/modules/cjs/loader.js:1085:14)
    at Object.Module._extensions..js (internal/modules/cjs/loader.js:1114:10)
    at Module.load (internal/modules/cjs/loader.js:950:32)
    at Function.Module._load (internal/modules/cjs/loader.js:790:12)

2021-11-05 06:45:39 [Logs!] error: Error: listen EADDRINUSE: address already in use :::5678
    at Server.setupListenHandle [as _listen2] (net.js:1331:16)
    at listenInCluster (net.js:1379:12)
    at Server.listen (net.js:1465:7)
    at Function.listen (/Users/macbook/Desktop/ChurchApp/Express-Starter-file/node_modules/express/lib/application.js:618:24)
    at Object.<anonymous> (/Users/macbook/Desktop/ChurchApp/Express-Starter-file/app.js:54:5)
    at Module._compile (internal/modules/cjs/loader.js:1085:14)
    at loader (/Users/macbook/Desktop/ChurchApp/Express-Starter-file/node_modules/babel-register/lib/node.js:144:5)
    at Object.require.extensions.<computed> [as .js] (/Users/macbook/Desktop/ChurchApp/Express-Starter-file/node_modules/babel-register/lib/node.js:154:7)
    at Module.load (internal/modules/cjs/loader.js:950:32)
    at Function.Module._load (internal/modules/cjs/loader.js:790:12)
    at Function.executeUserEntryPoint [as runMain] (internal/modules/run_main.js:76:12)
    at Object.<anonymous> (/Users/macbook/Desktop/ChurchApp/Express-Starter-file/node_modules/babel-cli/lib/_babel-node.js:154:22)
    at Module._compile (internal/modules/cjs/loader.js:1085:14)
    at Object.Module._extensions..js (internal/modules/cjs/loader.js:1114:10)
    at Module.load (internal/modules/cjs/loader.js:950:32)
    at Function.Module._load (internal/modules/cjs/loader.js:790:12)

2021-11-05 06:45:48 [Logs!] error: Error: listen EADDRINUSE: address already in use :::5678
    at Server.setupListenHandle [as _listen2] (net.js:1331:16)
    at listenInCluster (net.js:1379:12)
    at Server.listen (net.js:1465:7)
    at Function.listen (/Users/macbook/Desktop/ChurchApp/Express-Starter-file/node_modules/express/lib/application.js:618:24)
    at Object.<anonymous> (/Users/macbook/Desktop/ChurchApp/Express-Starter-file/app.js:54:5)
    at Module._compile (internal/modules/cjs/loader.js:1085:14)
    at loader (/Users/macbook/Desktop/ChurchApp/Express-Starter-file/node_modules/babel-register/lib/node.js:144:5)
    at Object.require.extensions.<computed> [as .js] (/Users/macbook/Desktop/ChurchApp/Express-Starter-file/node_modules/babel-register/lib/node.js:154:7)
    at Module.load (internal/modules/cjs/loader.js:950:32)
    at Function.Module._load (internal/modules/cjs/loader.js:790:12)
    at Function.executeUserEntryPoint [as runMain] (internal/modules/run_main.js:76:12)
    at Object.<anonymous> (/Users/macbook/Desktop/ChurchApp/Express-Starter-file/node_modules/babel-cli/lib/_babel-node.js:154:22)
    at Module._compile (internal/modules/cjs/loader.js:1085:14)
    at Object.Module._extensions..js (internal/modules/cjs/loader.js:1114:10)
    at Module.load (internal/modules/cjs/loader.js:950:32)
    at Function.Module._load (internal/modules/cjs/loader.js:790:12)

2021-11-05 06:52:22 [Logs!] error: MongoError: E11000 duplicate key error collection: user_service.users index: phone_1 dup key: { phone: "08090987365" }
    at Function.create (/Users/macbook/Desktop/ChurchApp/Express-Starter-file/node_modules/mongodb/lib/core/error.js:59:12)
    at toError (/Users/macbook/Desktop/ChurchApp/Express-Starter-file/node_modules/mongodb/lib/utils.js:130:22)
    at /Users/macbook/Desktop/ChurchApp/Express-Starter-file/node_modules/mongodb/lib/operations/common_functions.js:258:39
    at handler (/Users/macbook/Desktop/ChurchApp/Express-Starter-file/node_modules/mongodb/lib/core/sdam/topology.js:961:24)
    at /Users/macbook/Desktop/ChurchApp/Express-Starter-file/node_modules/mongodb/lib/cmap/connection_pool.js:352:13
    at handleOperationResult (/Users/macbook/Desktop/ChurchApp/Express-Starter-file/node_modules/mongodb/lib/core/sdam/server.js:567:5)
    at MessageStream.messageHandler (/Users/macbook/Desktop/ChurchApp/Express-Starter-file/node_modules/mongodb/lib/cmap/connection.js:308:5)
    at MessageStream.emit (events.js:400:28)
    at MessageStream.emit (domain.js:475:12)
    at processIncomingData (/Users/macbook/Desktop/ChurchApp/Express-Starter-file/node_modules/mongodb/lib/cmap/message_stream.js:144:12)
    at MessageStream._write (/Users/macbook/Desktop/ChurchApp/Express-Starter-file/node_modules/mongodb/lib/cmap/message_stream.js:42:5)
    at writeOrBuffer (internal/streams/writable.js:358:12)
    at MessageStream.Writable.write (internal/streams/writable.js:303:10)
    at TLSSocket.ondata (internal/streams/readable.js:731:22)
    at TLSSocket.emit (events.js:400:28)
    at TLSSocket.emit (domain.js:475:12)

2021-11-05 06:52:57 [Logs!] error: MongoError: E11000 duplicate key error collection: user_service.users index: phone_1 dup key: { phone: "08090987365" }
    at Function.create (/Users/macbook/Desktop/ChurchApp/Express-Starter-file/node_modules/mongodb/lib/core/error.js:59:12)
    at toError (/Users/macbook/Desktop/ChurchApp/Express-Starter-file/node_modules/mongodb/lib/utils.js:130:22)
    at /Users/macbook/Desktop/ChurchApp/Express-Starter-file/node_modules/mongodb/lib/operations/common_functions.js:258:39
    at handler (/Users/macbook/Desktop/ChurchApp/Express-Starter-file/node_modules/mongodb/lib/core/sdam/topology.js:961:24)
    at /Users/macbook/Desktop/ChurchApp/Express-Starter-file/node_modules/mongodb/lib/cmap/connection_pool.js:352:13
    at handleOperationResult (/Users/macbook/Desktop/ChurchApp/Express-Starter-file/node_modules/mongodb/lib/core/sdam/server.js:567:5)
    at MessageStream.messageHandler (/Users/macbook/Desktop/ChurchApp/Express-Starter-file/node_modules/mongodb/lib/cmap/connection.js:308:5)
    at MessageStream.emit (events.js:400:28)
    at MessageStream.emit (domain.js:475:12)
    at processIncomingData (/Users/macbook/Desktop/ChurchApp/Express-Starter-file/node_modules/mongodb/lib/cmap/message_stream.js:144:12)
    at MessageStream._write (/Users/macbook/Desktop/ChurchApp/Express-Starter-file/node_modules/mongodb/lib/cmap/message_stream.js:42:5)
    at writeOrBuffer (internal/streams/writable.js:358:12)
    at MessageStream.Writable.write (internal/streams/writable.js:303:10)
    at TLSSocket.ondata (internal/streams/readable.js:731:22)
    at TLSSocket.emit (events.js:400:28)
    at TLSSocket.emit (domain.js:475:12)

2021-11-05 06:54:39 [Logs!] error: MongoError: E11000 duplicate key error collection: user_service.users index: phone_1 dup key: { phone: "08090987365" }
    at Function.create (/Users/macbook/Desktop/ChurchApp/Express-Starter-file/node_modules/mongodb/lib/core/error.js:59:12)
    at toError (/Users/macbook/Desktop/ChurchApp/Express-Starter-file/node_modules/mongodb/lib/utils.js:130:22)
    at /Users/macbook/Desktop/ChurchApp/Express-Starter-file/node_modules/mongodb/lib/operations/common_functions.js:258:39
    at handler (/Users/macbook/Desktop/ChurchApp/Express-Starter-file/node_modules/mongodb/lib/core/sdam/topology.js:961:24)
    at /Users/macbook/Desktop/ChurchApp/Express-Starter-file/node_modules/mongodb/lib/cmap/connection_pool.js:352:13
    at handleOperationResult (/Users/macbook/Desktop/ChurchApp/Express-Starter-file/node_modules/mongodb/lib/core/sdam/server.js:567:5)
    at MessageStream.messageHandler (/Users/macbook/Desktop/ChurchApp/Express-Starter-file/node_modules/mongodb/lib/cmap/connection.js:308:5)
    at MessageStream.emit (events.js:400:28)
    at MessageStream.emit (domain.js:475:12)
    at processIncomingData (/Users/macbook/Desktop/ChurchApp/Express-Starter-file/node_modules/mongodb/lib/cmap/message_stream.js:144:12)
    at MessageStream._write (/Users/macbook/Desktop/ChurchApp/Express-Starter-file/node_modules/mongodb/lib/cmap/message_stream.js:42:5)
    at writeOrBuffer (internal/streams/writable.js:358:12)
    at MessageStream.Writable.write (internal/streams/writable.js:303:10)
    at TLSSocket.ondata (internal/streams/readable.js:731:22)
    at TLSSocket.emit (events.js:400:28)
    at TLSSocket.emit (domain.js:475:12)

2021-11-05 06:55:02 [Logs!] error: MongoError: E11000 duplicate key error collection: user_service.users index: phone_1 dup key: { phone: "08090987365" }
    at Function.create (/Users/macbook/Desktop/ChurchApp/Express-Starter-file/node_modules/mongodb/lib/core/error.js:59:12)
    at toError (/Users/macbook/Desktop/ChurchApp/Express-Starter-file/node_modules/mongodb/lib/utils.js:130:22)
    at /Users/macbook/Desktop/ChurchApp/Express-Starter-file/node_modules/mongodb/lib/operations/common_functions.js:258:39
    at handler (/Users/macbook/Desktop/ChurchApp/Express-Starter-file/node_modules/mongodb/lib/core/sdam/topology.js:961:24)
    at /Users/macbook/Desktop/ChurchApp/Express-Starter-file/node_modules/mongodb/lib/cmap/connection_pool.js:352:13
    at handleOperationResult (/Users/macbook/Desktop/ChurchApp/Express-Starter-file/node_modules/mongodb/lib/core/sdam/server.js:567:5)
    at MessageStream.messageHandler (/Users/macbook/Desktop/ChurchApp/Express-Starter-file/node_modules/mongodb/lib/cmap/connection.js:308:5)
    at MessageStream.emit (events.js:400:28)
    at MessageStream.emit (domain.js:475:12)
    at processIncomingData (/Users/macbook/Desktop/ChurchApp/Express-Starter-file/node_modules/mongodb/lib/cmap/message_stream.js:144:12)
    at MessageStream._write (/Users/macbook/Desktop/ChurchApp/Express-Starter-file/node_modules/mongodb/lib/cmap/message_stream.js:42:5)
    at writeOrBuffer (internal/streams/writable.js:358:12)
    at MessageStream.Writable.write (internal/streams/writable.js:303:10)
    at TLSSocket.ondata (internal/streams/readable.js:731:22)
    at TLSSocket.emit (events.js:400:28)
    at TLSSocket.emit (domain.js:475:12)

2021-11-05 07:06:17 [Logs!] error: Error: data and hash arguments required
    at Object.compare (/Users/macbook/Desktop/ChurchApp/Express-Starter-file/node_modules/bcrypt/bcrypt.js:208:17)
    at /Users/macbook/Desktop/ChurchApp/Express-Starter-file/node_modules/bcrypt/promises.js:29:12
    at new Promise (<anonymous>)
    at Object.module.exports.promise (/Users/macbook/Desktop/ChurchApp/Express-Starter-file/node_modules/bcrypt/promises.js:20:12)
    at Object.compare (/Users/macbook/Desktop/ChurchApp/Express-Starter-file/node_modules/bcrypt/bcrypt.js:204:25)
    at _callee$ (/Users/macbook/Desktop/ChurchApp/Express-Starter-file/server/controllers/AuthController.js:68:32)
    at tryCatch (/Users/macbook/Desktop/ChurchApp/Express-Starter-file/node_modules/regenerator-runtime/runtime.js:62:40)
    at Generator.invoke [as _invoke] (/Users/macbook/Desktop/ChurchApp/Express-Starter-file/node_modules/regenerator-runtime/runtime.js:296:22)
    at Generator.prototype.<computed> [as next] (/Users/macbook/Desktop/ChurchApp/Express-Starter-file/node_modules/regenerator-runtime/runtime.js:114:21)
    at step (/Users/macbook/Desktop/ChurchApp/Express-Starter-file/node_modules/babel-runtime/helpers/asyncToGenerator.js:17:30)
    at /Users/macbook/Desktop/ChurchApp/Express-Starter-file/node_modules/babel-runtime/helpers/asyncToGenerator.js:28:13
    at processTicksAndRejections (internal/process/task_queues.js:95:5)

2021-11-05 07:43:45 [Logs!] error: Error: listen EADDRINUSE: address already in use :::5678
    at Server.setupListenHandle [as _listen2] (net.js:1331:16)
    at listenInCluster (net.js:1379:12)
    at Server.listen (net.js:1465:7)
    at Function.listen (/Users/macbook/Desktop/ChurchApp/Express-Starter-file/node_modules/express/lib/application.js:618:24)
    at Object.<anonymous> (/Users/macbook/Desktop/ChurchApp/Express-Starter-file/app.js:53:5)
    at Module._compile (internal/modules/cjs/loader.js:1085:14)
    at loader (/Users/macbook/Desktop/ChurchApp/Express-Starter-file/node_modules/babel-register/lib/node.js:144:5)
    at Object.require.extensions.<computed> [as .js] (/Users/macbook/Desktop/ChurchApp/Express-Starter-file/node_modules/babel-register/lib/node.js:154:7)
    at Module.load (internal/modules/cjs/loader.js:950:32)
    at Function.Module._load (internal/modules/cjs/loader.js:790:12)
    at Function.executeUserEntryPoint [as runMain] (internal/modules/run_main.js:76:12)
    at Object.<anonymous> (/Users/macbook/Desktop/ChurchApp/Express-Starter-file/node_modules/babel-cli/lib/_babel-node.js:154:22)
    at Module._compile (internal/modules/cjs/loader.js:1085:14)
    at Object.Module._extensions..js (internal/modules/cjs/loader.js:1114:10)
    at Module.load (internal/modules/cjs/loader.js:950:32)
    at Function.Module._load (internal/modules/cjs/loader.js:790:12)
    at Function.executeUserEntryPoint [as runMain] (internal/modules/run_main.js:76:12)
    at internal/main/run_main_module.js:17:47

2021-11-05 07:43:52 [Logs!] error: Error: listen EADDRINUSE: address already in use :::5678
    at Server.setupListenHandle [as _listen2] (net.js:1331:16)
    at listenInCluster (net.js:1379:12)
    at Server.listen (net.js:1465:7)
    at Function.listen (/Users/macbook/Desktop/ChurchApp/Express-Starter-file/node_modules/express/lib/application.js:618:24)
    at Object.<anonymous> (/Users/macbook/Desktop/ChurchApp/Express-Starter-file/app.js:53:5)
    at Module._compile (internal/modules/cjs/loader.js:1085:14)
    at loader (/Users/macbook/Desktop/ChurchApp/Express-Starter-file/node_modules/babel-register/lib/node.js:144:5)
    at Object.require.extensions.<computed> [as .js] (/Users/macbook/Desktop/ChurchApp/Express-Starter-file/node_modules/babel-register/lib/node.js:154:7)
    at Module.load (internal/modules/cjs/loader.js:950:32)
    at Function.Module._load (internal/modules/cjs/loader.js:790:12)
    at Function.executeUserEntryPoint [as runMain] (internal/modules/run_main.js:76:12)
    at Object.<anonymous> (/Users/macbook/Desktop/ChurchApp/Express-Starter-file/node_modules/babel-cli/lib/_babel-node.js:154:22)
    at Module._compile (internal/modules/cjs/loader.js:1085:14)
    at Object.Module._extensions..js (internal/modules/cjs/loader.js:1114:10)
    at Module.load (internal/modules/cjs/loader.js:950:32)
    at Function.Module._load (internal/modules/cjs/loader.js:790:12)
    at Function.executeUserEntryPoint [as runMain] (internal/modules/run_main.js:76:12)
    at internal/main/run_main_module.js:17:47

2021-11-05 07:43:52 [Logs!] error: Error: listen EADDRINUSE: address already in use :::5678
    at Server.setupListenHandle [as _listen2] (net.js:1331:16)
    at listenInCluster (net.js:1379:12)
    at Server.listen (net.js:1465:7)
    at Function.listen (/Users/macbook/Desktop/ChurchApp/Express-Starter-file/node_modules/express/lib/application.js:618:24)
    at Object.<anonymous> (/Users/macbook/Desktop/ChurchApp/Express-Starter-file/app.js:53:5)
    at Module._compile (internal/modules/cjs/loader.js:1085:14)
    at loader (/Users/macbook/Desktop/ChurchApp/Express-Starter-file/node_modules/babel-register/lib/node.js:144:5)
    at Object.require.extensions.<computed> [as .js] (/Users/macbook/Desktop/ChurchApp/Express-Starter-file/node_modules/babel-register/lib/node.js:154:7)
    at Module.load (internal/modules/cjs/loader.js:950:32)
    at Function.Module._load (internal/modules/cjs/loader.js:790:12)
    at Function.executeUserEntryPoint [as runMain] (internal/modules/run_main.js:76:12)
    at Object.<anonymous> (/Users/macbook/Desktop/ChurchApp/Express-Starter-file/node_modules/babel-cli/lib/_babel-node.js:154:22)
    at Module._compile (internal/modules/cjs/loader.js:1085:14)
    at Object.Module._extensions..js (internal/modules/cjs/loader.js:1114:10)
    at Module.load (internal/modules/cjs/loader.js:950:32)
    at Function.Module._load (internal/modules/cjs/loader.js:790:12)
    at Function.executeUserEntryPoint [as runMain] (internal/modules/run_main.js:76:12)
    at internal/main/run_main_module.js:17:47

2021-11-05 07:44:20 [Logs!] error: Error: listen EADDRINUSE: address already in use :::5678
    at Server.setupListenHandle [as _listen2] (net.js:1331:16)
    at listenInCluster (net.js:1379:12)
    at Server.listen (net.js:1465:7)
    at Function.listen (/Users/macbook/Desktop/ChurchApp/Express-Starter-file/node_modules/express/lib/application.js:618:24)
    at Object.<anonymous> (/Users/macbook/Desktop/ChurchApp/Express-Starter-file/app.js:53:5)
    at Module._compile (internal/modules/cjs/loader.js:1085:14)
    at loader (/Users/macbook/Desktop/ChurchApp/Express-Starter-file/node_modules/babel-register/lib/node.js:144:5)
    at Object.require.extensions.<computed> [as .js] (/Users/macbook/Desktop/ChurchApp/Express-Starter-file/node_modules/babel-register/lib/node.js:154:7)
    at Module.load (internal/modules/cjs/loader.js:950:32)
    at Function.Module._load (internal/modules/cjs/loader.js:790:12)
    at Function.executeUserEntryPoint [as runMain] (internal/modules/run_main.js:76:12)
    at Object.<anonymous> (/Users/macbook/Desktop/ChurchApp/Express-Starter-file/node_modules/babel-cli/lib/_babel-node.js:154:22)
    at Module._compile (internal/modules/cjs/loader.js:1085:14)
    at Object.Module._extensions..js (internal/modules/cjs/loader.js:1114:10)
    at Module.load (internal/modules/cjs/loader.js:950:32)
    at Function.Module._load (internal/modules/cjs/loader.js:790:12)
    at Function.executeUserEntryPoint [as runMain] (internal/modules/run_main.js:76:12)
    at internal/main/run_main_module.js:17:47

2021-11-05 07:44:23 [Logs!] error: Error: listen EADDRINUSE: address already in use :::5678
    at Server.setupListenHandle [as _listen2] (net.js:1331:16)
    at listenInCluster (net.js:1379:12)
    at Server.listen (net.js:1465:7)
    at Function.listen (/Users/macbook/Desktop/ChurchApp/Express-Starter-file/node_modules/express/lib/application.js:618:24)
    at Object.<anonymous> (/Users/macbook/Desktop/ChurchApp/Express-Starter-file/app.js:53:5)
    at Module._compile (internal/modules/cjs/loader.js:1085:14)
    at loader (/Users/macbook/Desktop/ChurchApp/Express-Starter-file/node_modules/babel-register/lib/node.js:144:5)
    at Object.require.extensions.<computed> [as .js] (/Users/macbook/Desktop/ChurchApp/Express-Starter-file/node_modules/babel-register/lib/node.js:154:7)
    at Module.load (internal/modules/cjs/loader.js:950:32)
    at Function.Module._load (internal/modules/cjs/loader.js:790:12)
    at Function.executeUserEntryPoint [as runMain] (internal/modules/run_main.js:76:12)
    at Object.<anonymous> (/Users/macbook/Desktop/ChurchApp/Express-Starter-file/node_modules/babel-cli/lib/_babel-node.js:154:22)
    at Module._compile (internal/modules/cjs/loader.js:1085:14)
    at Object.Module._extensions..js (internal/modules/cjs/loader.js:1114:10)
    at Module.load (internal/modules/cjs/loader.js:950:32)
    at Function.Module._load (internal/modules/cjs/loader.js:790:12)
    at Function.executeUserEntryPoint [as runMain] (internal/modules/run_main.js:76:12)
    at internal/main/run_main_module.js:17:47

2021-11-05 07:44:23 [Logs!] error: Error: listen EADDRINUSE: address already in use :::5678
    at Server.setupListenHandle [as _listen2] (net.js:1331:16)
    at listenInCluster (net.js:1379:12)
    at Server.listen (net.js:1465:7)
    at Function.listen (/Users/macbook/Desktop/ChurchApp/Express-Starter-file/node_modules/express/lib/application.js:618:24)
    at Object.<anonymous> (/Users/macbook/Desktop/ChurchApp/Express-Starter-file/app.js:53:5)
    at Module._compile (internal/modules/cjs/loader.js:1085:14)
    at loader (/Users/macbook/Desktop/ChurchApp/Express-Starter-file/node_modules/babel-register/lib/node.js:144:5)
    at Object.require.extensions.<computed> [as .js] (/Users/macbook/Desktop/ChurchApp/Express-Starter-file/node_modules/babel-register/lib/node.js:154:7)
    at Module.load (internal/modules/cjs/loader.js:950:32)
    at Function.Module._load (internal/modules/cjs/loader.js:790:12)
    at Function.executeUserEntryPoint [as runMain] (internal/modules/run_main.js:76:12)
    at Object.<anonymous> (/Users/macbook/Desktop/ChurchApp/Express-Starter-file/node_modules/babel-cli/lib/_babel-node.js:154:22)
    at Module._compile (internal/modules/cjs/loader.js:1085:14)
    at Object.Module._extensions..js (internal/modules/cjs/loader.js:1114:10)
    at Module.load (internal/modules/cjs/loader.js:950:32)
    at Function.Module._load (internal/modules/cjs/loader.js:790:12)
    at Function.executeUserEntryPoint [as runMain] (internal/modules/run_main.js:76:12)
    at internal/main/run_main_module.js:17:47

2021-11-05 07:44:28 [Logs!] error: Error: listen EADDRINUSE: address already in use :::5678
    at Server.setupListenHandle [as _listen2] (net.js:1331:16)
    at listenInCluster (net.js:1379:12)
    at Server.listen (net.js:1465:7)
    at Function.listen (/Users/macbook/Desktop/ChurchApp/Express-Starter-file/node_modules/express/lib/application.js:618:24)
    at Object.<anonymous> (/Users/macbook/Desktop/ChurchApp/Express-Starter-file/app.js:53:5)
    at Module._compile (internal/modules/cjs/loader.js:1085:14)
    at loader (/Users/macbook/Desktop/ChurchApp/Express-Starter-file/node_modules/babel-register/lib/node.js:144:5)
    at Object.require.extensions.<computed> [as .js] (/Users/macbook/Desktop/ChurchApp/Express-Starter-file/node_modules/babel-register/lib/node.js:154:7)
    at Module.load (internal/modules/cjs/loader.js:950:32)
    at Function.Module._load (internal/modules/cjs/loader.js:790:12)
    at Function.executeUserEntryPoint [as runMain] (internal/modules/run_main.js:76:12)
    at Object.<anonymous> (/Users/macbook/Desktop/ChurchApp/Express-Starter-file/node_modules/babel-cli/lib/_babel-node.js:154:22)
    at Module._compile (internal/modules/cjs/loader.js:1085:14)
    at Object.Module._extensions..js (internal/modules/cjs/loader.js:1114:10)
    at Module.load (internal/modules/cjs/loader.js:950:32)
    at Function.Module._load (internal/modules/cjs/loader.js:790:12)
    at Function.executeUserEntryPoint [as runMain] (internal/modules/run_main.js:76:12)
    at internal/main/run_main_module.js:17:47

2021-11-05 07:44:28 [Logs!] error: Error: listen EADDRINUSE: address already in use :::5678
    at Server.setupListenHandle [as _listen2] (net.js:1331:16)
    at listenInCluster (net.js:1379:12)
    at Server.listen (net.js:1465:7)
    at Function.listen (/Users/macbook/Desktop/ChurchApp/Express-Starter-file/node_modules/express/lib/application.js:618:24)
    at Object.<anonymous> (/Users/macbook/Desktop/ChurchApp/Express-Starter-file/app.js:53:5)
    at Module._compile (internal/modules/cjs/loader.js:1085:14)
    at loader (/Users/macbook/Desktop/ChurchApp/Express-Starter-file/node_modules/babel-register/lib/node.js:144:5)
    at Object.require.extensions.<computed> [as .js] (/Users/macbook/Desktop/ChurchApp/Express-Starter-file/node_modules/babel-register/lib/node.js:154:7)
    at Module.load (internal/modules/cjs/loader.js:950:32)
    at Function.Module._load (internal/modules/cjs/loader.js:790:12)
    at Function.executeUserEntryPoint [as runMain] (internal/modules/run_main.js:76:12)
    at Object.<anonymous> (/Users/macbook/Desktop/ChurchApp/Express-Starter-file/node_modules/babel-cli/lib/_babel-node.js:154:22)
    at Module._compile (internal/modules/cjs/loader.js:1085:14)
    at Object.Module._extensions..js (internal/modules/cjs/loader.js:1114:10)
    at Module.load (internal/modules/cjs/loader.js:950:32)
    at Function.Module._load (internal/modules/cjs/loader.js:790:12)
    at Function.executeUserEntryPoint [as runMain] (internal/modules/run_main.js:76:12)
    at internal/main/run_main_module.js:17:47

2021-11-05 07:44:31 [Logs!] error: Error: listen EADDRINUSE: address already in use :::5678
    at Server.setupListenHandle [as _listen2] (net.js:1331:16)
    at listenInCluster (net.js:1379:12)
    at Server.listen (net.js:1465:7)
    at Function.listen (/Users/macbook/Desktop/ChurchApp/Express-Starter-file/node_modules/express/lib/application.js:618:24)
    at Object.<anonymous> (/Users/macbook/Desktop/ChurchApp/Express-Starter-file/app.js:53:5)
    at Module._compile (internal/modules/cjs/loader.js:1085:14)
    at loader (/Users/macbook/Desktop/ChurchApp/Express-Starter-file/node_modules/babel-register/lib/node.js:144:5)
    at Object.require.extensions.<computed> [as .js] (/Users/macbook/Desktop/ChurchApp/Express-Starter-file/node_modules/babel-register/lib/node.js:154:7)
    at Module.load (internal/modules/cjs/loader.js:950:32)
    at Function.Module._load (internal/modules/cjs/loader.js:790:12)
    at Function.executeUserEntryPoint [as runMain] (internal/modules/run_main.js:76:12)
    at Object.<anonymous> (/Users/macbook/Desktop/ChurchApp/Express-Starter-file/node_modules/babel-cli/lib/_babel-node.js:154:22)
    at Module._compile (internal/modules/cjs/loader.js:1085:14)
    at Object.Module._extensions..js (internal/modules/cjs/loader.js:1114:10)
    at Module.load (internal/modules/cjs/loader.js:950:32)
    at Function.Module._load (internal/modules/cjs/loader.js:790:12)
    at Function.executeUserEntryPoint [as runMain] (internal/modules/run_main.js:76:12)
    at internal/main/run_main_module.js:17:47

2021-11-05 07:44:31 [Logs!] error: Error: listen EADDRINUSE: address already in use :::5678
    at Server.setupListenHandle [as _listen2] (net.js:1331:16)
    at listenInCluster (net.js:1379:12)
    at Server.listen (net.js:1465:7)
    at Function.listen (/Users/macbook/Desktop/ChurchApp/Express-Starter-file/node_modules/express/lib/application.js:618:24)
    at Object.<anonymous> (/Users/macbook/Desktop/ChurchApp/Express-Starter-file/app.js:53:5)
    at Module._compile (internal/modules/cjs/loader.js:1085:14)
    at loader (/Users/macbook/Desktop/ChurchApp/Express-Starter-file/node_modules/babel-register/lib/node.js:144:5)
    at Object.require.extensions.<computed> [as .js] (/Users/macbook/Desktop/ChurchApp/Express-Starter-file/node_modules/babel-register/lib/node.js:154:7)
    at Module.load (internal/modules/cjs/loader.js:950:32)
    at Function.Module._load (internal/modules/cjs/loader.js:790:12)
    at Function.executeUserEntryPoint [as runMain] (internal/modules/run_main.js:76:12)
    at Object.<anonymous> (/Users/macbook/Desktop/ChurchApp/Express-Starter-file/node_modules/babel-cli/lib/_babel-node.js:154:22)
    at Module._compile (internal/modules/cjs/loader.js:1085:14)
    at Object.Module._extensions..js (internal/modules/cjs/loader.js:1114:10)
    at Module.load (internal/modules/cjs/loader.js:950:32)
    at Function.Module._load (internal/modules/cjs/loader.js:790:12)
    at Function.executeUserEntryPoint [as runMain] (internal/modules/run_main.js:76:12)
    at internal/main/run_main_module.js:17:47

2021-11-05 07:44:35 [Logs!] error: Error: listen EADDRINUSE: address already in use :::5678
    at Server.setupListenHandle [as _listen2] (net.js:1331:16)
    at listenInCluster (net.js:1379:12)
    at Server.listen (net.js:1465:7)
    at Function.listen (/Users/macbook/Desktop/ChurchApp/Express-Starter-file/node_modules/express/lib/application.js:618:24)
    at Object.<anonymous> (/Users/macbook/Desktop/ChurchApp/Express-Starter-file/app.js:53:5)
    at Module._compile (internal/modules/cjs/loader.js:1085:14)
    at loader (/Users/macbook/Desktop/ChurchApp/Express-Starter-file/node_modules/babel-register/lib/node.js:144:5)
    at Object.require.extensions.<computed> [as .js] (/Users/macbook/Desktop/ChurchApp/Express-Starter-file/node_modules/babel-register/lib/node.js:154:7)
    at Module.load (internal/modules/cjs/loader.js:950:32)
    at Function.Module._load (internal/modules/cjs/loader.js:790:12)
    at Function.executeUserEntryPoint [as runMain] (internal/modules/run_main.js:76:12)
    at Object.<anonymous> (/Users/macbook/Desktop/ChurchApp/Express-Starter-file/node_modules/babel-cli/lib/_babel-node.js:154:22)
    at Module._compile (internal/modules/cjs/loader.js:1085:14)
    at Object.Module._extensions..js (internal/modules/cjs/loader.js:1114:10)
    at Module.load (internal/modules/cjs/loader.js:950:32)
    at Function.Module._load (internal/modules/cjs/loader.js:790:12)
    at Function.executeUserEntryPoint [as runMain] (internal/modules/run_main.js:76:12)
    at internal/main/run_main_module.js:17:47

2021-11-05 07:44:37 [Logs!] error: Error: listen EADDRINUSE: address already in use :::5678
    at Server.setupListenHandle [as _listen2] (net.js:1331:16)
    at listenInCluster (net.js:1379:12)
    at Server.listen (net.js:1465:7)
    at Function.listen (/Users/macbook/Desktop/ChurchApp/Express-Starter-file/node_modules/express/lib/application.js:618:24)
    at Object.<anonymous> (/Users/macbook/Desktop/ChurchApp/Express-Starter-file/app.js:53:5)
    at Module._compile (internal/modules/cjs/loader.js:1085:14)
    at loader (/Users/macbook/Desktop/ChurchApp/Express-Starter-file/node_modules/babel-register/lib/node.js:144:5)
    at Object.require.extensions.<computed> [as .js] (/Users/macbook/Desktop/ChurchApp/Express-Starter-file/node_modules/babel-register/lib/node.js:154:7)
    at Module.load (internal/modules/cjs/loader.js:950:32)
    at Function.Module._load (internal/modules/cjs/loader.js:790:12)
    at Function.executeUserEntryPoint [as runMain] (internal/modules/run_main.js:76:12)
    at Object.<anonymous> (/Users/macbook/Desktop/ChurchApp/Express-Starter-file/node_modules/babel-cli/lib/_babel-node.js:154:22)
    at Module._compile (internal/modules/cjs/loader.js:1085:14)
    at Object.Module._extensions..js (internal/modules/cjs/loader.js:1114:10)
    at Module.load (internal/modules/cjs/loader.js:950:32)
    at Function.Module._load (internal/modules/cjs/loader.js:790:12)
    at Function.executeUserEntryPoint [as runMain] (internal/modules/run_main.js:76:12)
    at internal/main/run_main_module.js:17:47

2021-11-05 07:45:04 [Logs!] error: Error: listen EADDRINUSE: address already in use :::5678
    at Server.setupListenHandle [as _listen2] (net.js:1331:16)
    at listenInCluster (net.js:1379:12)
    at Server.listen (net.js:1465:7)
    at Function.listen (/Users/macbook/Desktop/ChurchApp/Express-Starter-file/node_modules/express/lib/application.js:618:24)
    at Object.<anonymous> (/Users/macbook/Desktop/ChurchApp/Express-Starter-file/app.js:53:5)
    at Module._compile (internal/modules/cjs/loader.js:1085:14)
    at loader (/Users/macbook/Desktop/ChurchApp/Express-Starter-file/node_modules/babel-register/lib/node.js:144:5)
    at Object.require.extensions.<computed> [as .js] (/Users/macbook/Desktop/ChurchApp/Express-Starter-file/node_modules/babel-register/lib/node.js:154:7)
    at Module.load (internal/modules/cjs/loader.js:950:32)
    at Function.Module._load (internal/modules/cjs/loader.js:790:12)
    at Function.executeUserEntryPoint [as runMain] (internal/modules/run_main.js:76:12)
    at Object.<anonymous> (/Users/macbook/Desktop/ChurchApp/Express-Starter-file/node_modules/babel-cli/lib/_babel-node.js:154:22)
    at Module._compile (internal/modules/cjs/loader.js:1085:14)
    at Object.Module._extensions..js (internal/modules/cjs/loader.js:1114:10)
    at Module.load (internal/modules/cjs/loader.js:950:32)
    at Function.Module._load (internal/modules/cjs/loader.js:790:12)
    at Function.executeUserEntryPoint [as runMain] (internal/modules/run_main.js:76:12)
    at internal/main/run_main_module.js:17:47

2021-11-05 07:45:07 [Logs!] error: Error: listen EADDRINUSE: address already in use :::5678
    at Server.setupListenHandle [as _listen2] (net.js:1331:16)
    at listenInCluster (net.js:1379:12)
    at Server.listen (net.js:1465:7)
    at Function.listen (/Users/macbook/Desktop/ChurchApp/Express-Starter-file/node_modules/express/lib/application.js:618:24)
    at Object.<anonymous> (/Users/macbook/Desktop/ChurchApp/Express-Starter-file/app.js:53:5)
    at Module._compile (internal/modules/cjs/loader.js:1085:14)
    at loader (/Users/macbook/Desktop/ChurchApp/Express-Starter-file/node_modules/babel-register/lib/node.js:144:5)
    at Object.require.extensions.<computed> [as .js] (/Users/macbook/Desktop/ChurchApp/Express-Starter-file/node_modules/babel-register/lib/node.js:154:7)
    at Module.load (internal/modules/cjs/loader.js:950:32)
    at Function.Module._load (internal/modules/cjs/loader.js:790:12)
    at Function.executeUserEntryPoint [as runMain] (internal/modules/run_main.js:76:12)
    at Object.<anonymous> (/Users/macbook/Desktop/ChurchApp/Express-Starter-file/node_modules/babel-cli/lib/_babel-node.js:154:22)
    at Module._compile (internal/modules/cjs/loader.js:1085:14)
    at Object.Module._extensions..js (internal/modules/cjs/loader.js:1114:10)
    at Module.load (internal/modules/cjs/loader.js:950:32)
    at Function.Module._load (internal/modules/cjs/loader.js:790:12)
    at Function.executeUserEntryPoint [as runMain] (internal/modules/run_main.js:76:12)
    at internal/main/run_main_module.js:17:47

2021-11-05 07:45:56 [Logs!] error: Error: listen EADDRINUSE: address already in use :::5678
    at Server.setupListenHandle [as _listen2] (net.js:1331:16)
    at listenInCluster (net.js:1379:12)
    at Server.listen (net.js:1465:7)
    at Function.listen (/Users/macbook/Desktop/ChurchApp/Express-Starter-file/node_modules/express/lib/application.js:618:24)
    at Object.<anonymous> (/Users/macbook/Desktop/ChurchApp/Express-Starter-file/app.js:53:5)
    at Module._compile (internal/modules/cjs/loader.js:1085:14)
    at loader (/Users/macbook/Desktop/ChurchApp/Express-Starter-file/node_modules/babel-register/lib/node.js:144:5)
    at Object.require.extensions.<computed> [as .js] (/Users/macbook/Desktop/ChurchApp/Express-Starter-file/node_modules/babel-register/lib/node.js:154:7)
    at Module.load (internal/modules/cjs/loader.js:950:32)
    at Function.Module._load (internal/modules/cjs/loader.js:790:12)
    at Function.executeUserEntryPoint [as runMain] (internal/modules/run_main.js:76:12)
    at Object.<anonymous> (/Users/macbook/Desktop/ChurchApp/Express-Starter-file/node_modules/babel-cli/lib/_babel-node.js:154:22)
    at Module._compile (internal/modules/cjs/loader.js:1085:14)
    at Object.Module._extensions..js (internal/modules/cjs/loader.js:1114:10)
    at Module.load (internal/modules/cjs/loader.js:950:32)
    at Function.Module._load (internal/modules/cjs/loader.js:790:12)
    at Function.executeUserEntryPoint [as runMain] (internal/modules/run_main.js:76:12)
    at internal/main/run_main_module.js:17:47

2021-11-05 07:46:02 [Logs!] error: Error: listen EADDRINUSE: address already in use :::5678
    at Server.setupListenHandle [as _listen2] (net.js:1331:16)
    at listenInCluster (net.js:1379:12)
    at Server.listen (net.js:1465:7)
    at Function.listen (/Users/macbook/Desktop/ChurchApp/Express-Starter-file/node_modules/express/lib/application.js:618:24)
    at Object.<anonymous> (/Users/macbook/Desktop/ChurchApp/Express-Starter-file/app.js:53:5)
    at Module._compile (internal/modules/cjs/loader.js:1085:14)
    at loader (/Users/macbook/Desktop/ChurchApp/Express-Starter-file/node_modules/babel-register/lib/node.js:144:5)
    at Object.require.extensions.<computed> [as .js] (/Users/macbook/Desktop/ChurchApp/Express-Starter-file/node_modules/babel-register/lib/node.js:154:7)
    at Module.load (internal/modules/cjs/loader.js:950:32)
    at Function.Module._load (internal/modules/cjs/loader.js:790:12)
    at Function.executeUserEntryPoint [as runMain] (internal/modules/run_main.js:76:12)
    at Object.<anonymous> (/Users/macbook/Desktop/ChurchApp/Express-Starter-file/node_modules/babel-cli/lib/_babel-node.js:154:22)
    at Module._compile (internal/modules/cjs/loader.js:1085:14)
    at Object.Module._extensions..js (internal/modules/cjs/loader.js:1114:10)
    at Module.load (internal/modules/cjs/loader.js:950:32)
    at Function.Module._load (internal/modules/cjs/loader.js:790:12)
    at Function.executeUserEntryPoint [as runMain] (internal/modules/run_main.js:76:12)
    at internal/main/run_main_module.js:17:47

2021-11-05 07:46:04 [Logs!] error: Error: listen EADDRINUSE: address already in use :::5678
    at Server.setupListenHandle [as _listen2] (net.js:1331:16)
    at listenInCluster (net.js:1379:12)
    at Server.listen (net.js:1465:7)
    at Function.listen (/Users/macbook/Desktop/ChurchApp/Express-Starter-file/node_modules/express/lib/application.js:618:24)
    at Object.<anonymous> (/Users/macbook/Desktop/ChurchApp/Express-Starter-file/app.js:53:5)
    at Module._compile (internal/modules/cjs/loader.js:1085:14)
    at loader (/Users/macbook/Desktop/ChurchApp/Express-Starter-file/node_modules/babel-register/lib/node.js:144:5)
    at Object.require.extensions.<computed> [as .js] (/Users/macbook/Desktop/ChurchApp/Express-Starter-file/node_modules/babel-register/lib/node.js:154:7)
    at Module.load (internal/modules/cjs/loader.js:950:32)
    at Function.Module._load (internal/modules/cjs/loader.js:790:12)
    at Function.executeUserEntryPoint [as runMain] (internal/modules/run_main.js:76:12)
    at Object.<anonymous> (/Users/macbook/Desktop/ChurchApp/Express-Starter-file/node_modules/babel-cli/lib/_babel-node.js:154:22)
    at Module._compile (internal/modules/cjs/loader.js:1085:14)
    at Object.Module._extensions..js (internal/modules/cjs/loader.js:1114:10)
    at Module.load (internal/modules/cjs/loader.js:950:32)
    at Function.Module._load (internal/modules/cjs/loader.js:790:12)
    at Function.executeUserEntryPoint [as runMain] (internal/modules/run_main.js:76:12)
    at internal/main/run_main_module.js:17:47

2021-11-05 07:46:08 [Logs!] error: Error: listen EADDRINUSE: address already in use :::5678
    at Server.setupListenHandle [as _listen2] (net.js:1331:16)
    at listenInCluster (net.js:1379:12)
    at Server.listen (net.js:1465:7)
    at Function.listen (/Users/macbook/Desktop/ChurchApp/Express-Starter-file/node_modules/express/lib/application.js:618:24)
    at Object.<anonymous> (/Users/macbook/Desktop/ChurchApp/Express-Starter-file/app.js:53:5)
    at Module._compile (internal/modules/cjs/loader.js:1085:14)
    at loader (/Users/macbook/Desktop/ChurchApp/Express-Starter-file/node_modules/babel-register/lib/node.js:144:5)
    at Object.require.extensions.<computed> [as .js] (/Users/macbook/Desktop/ChurchApp/Express-Starter-file/node_modules/babel-register/lib/node.js:154:7)
    at Module.load (internal/modules/cjs/loader.js:950:32)
    at Function.Module._load (internal/modules/cjs/loader.js:790:12)
    at Function.executeUserEntryPoint [as runMain] (internal/modules/run_main.js:76:12)
    at Object.<anonymous> (/Users/macbook/Desktop/ChurchApp/Express-Starter-file/node_modules/babel-cli/lib/_babel-node.js:154:22)
    at Module._compile (internal/modules/cjs/loader.js:1085:14)
    at Object.Module._extensions..js (internal/modules/cjs/loader.js:1114:10)
    at Module.load (internal/modules/cjs/loader.js:950:32)
    at Function.Module._load (internal/modules/cjs/loader.js:790:12)
    at Function.executeUserEntryPoint [as runMain] (internal/modules/run_main.js:76:12)
    at internal/main/run_main_module.js:17:47

2021-11-05 07:46:09 [Logs!] error: Error: listen EADDRINUSE: address already in use :::5678
    at Server.setupListenHandle [as _listen2] (net.js:1331:16)
    at listenInCluster (net.js:1379:12)
    at Server.listen (net.js:1465:7)
    at Function.listen (/Users/macbook/Desktop/ChurchApp/Express-Starter-file/node_modules/express/lib/application.js:618:24)
    at Object.<anonymous> (/Users/macbook/Desktop/ChurchApp/Express-Starter-file/app.js:53:5)
    at Module._compile (internal/modules/cjs/loader.js:1085:14)
    at loader (/Users/macbook/Desktop/ChurchApp/Express-Starter-file/node_modules/babel-register/lib/node.js:144:5)
    at Object.require.extensions.<computed> [as .js] (/Users/macbook/Desktop/ChurchApp/Express-Starter-file/node_modules/babel-register/lib/node.js:154:7)
    at Module.load (internal/modules/cjs/loader.js:950:32)
    at Function.Module._load (internal/modules/cjs/loader.js:790:12)
    at Function.executeUserEntryPoint [as runMain] (internal/modules/run_main.js:76:12)
    at Object.<anonymous> (/Users/macbook/Desktop/ChurchApp/Express-Starter-file/node_modules/babel-cli/lib/_babel-node.js:154:22)
    at Module._compile (internal/modules/cjs/loader.js:1085:14)
    at Object.Module._extensions..js (internal/modules/cjs/loader.js:1114:10)
    at Module.load (internal/modules/cjs/loader.js:950:32)
    at Function.Module._load (internal/modules/cjs/loader.js:790:12)
    at Function.executeUserEntryPoint [as runMain] (internal/modules/run_main.js:76:12)
    at internal/main/run_main_module.js:17:47

2021-11-05 07:46:41 [Logs!] error: Error: listen EADDRINUSE: address already in use :::5678
    at Server.setupListenHandle [as _listen2] (net.js:1331:16)
    at listenInCluster (net.js:1379:12)
    at Server.listen (net.js:1465:7)
    at Function.listen (/Users/macbook/Desktop/ChurchApp/Express-Starter-file/node_modules/express/lib/application.js:618:24)
    at Object.<anonymous> (/Users/macbook/Desktop/ChurchApp/Express-Starter-file/app.js:53:5)
    at Module._compile (internal/modules/cjs/loader.js:1085:14)
    at loader (/Users/macbook/Desktop/ChurchApp/Express-Starter-file/node_modules/babel-register/lib/node.js:144:5)
    at Object.require.extensions.<computed> [as .js] (/Users/macbook/Desktop/ChurchApp/Express-Starter-file/node_modules/babel-register/lib/node.js:154:7)
    at Module.load (internal/modules/cjs/loader.js:950:32)
    at Function.Module._load (internal/modules/cjs/loader.js:790:12)
    at Function.executeUserEntryPoint [as runMain] (internal/modules/run_main.js:76:12)
    at Object.<anonymous> (/Users/macbook/Desktop/ChurchApp/Express-Starter-file/node_modules/babel-cli/lib/_babel-node.js:154:22)
    at Module._compile (internal/modules/cjs/loader.js:1085:14)
    at Object.Module._extensions..js (internal/modules/cjs/loader.js:1114:10)
    at Module.load (internal/modules/cjs/loader.js:950:32)
    at Function.Module._load (internal/modules/cjs/loader.js:790:12)
    at Function.executeUserEntryPoint [as runMain] (internal/modules/run_main.js:76:12)
    at internal/main/run_main_module.js:17:47

2021-11-05 07:47:00 [Logs!] error: Error: listen EADDRINUSE: address already in use :::5678
    at Server.setupListenHandle [as _listen2] (net.js:1331:16)
    at listenInCluster (net.js:1379:12)
    at Server.listen (net.js:1465:7)
    at Function.listen (/Users/macbook/Desktop/ChurchApp/Express-Starter-file/node_modules/express/lib/application.js:618:24)
    at Object.<anonymous> (/Users/macbook/Desktop/ChurchApp/Express-Starter-file/app.js:53:5)
    at Module._compile (internal/modules/cjs/loader.js:1085:14)
    at loader (/Users/macbook/Desktop/ChurchApp/Express-Starter-file/node_modules/babel-register/lib/node.js:144:5)
    at Object.require.extensions.<computed> [as .js] (/Users/macbook/Desktop/ChurchApp/Express-Starter-file/node_modules/babel-register/lib/node.js:154:7)
    at Module.load (internal/modules/cjs/loader.js:950:32)
    at Function.Module._load (internal/modules/cjs/loader.js:790:12)
    at Function.executeUserEntryPoint [as runMain] (internal/modules/run_main.js:76:12)
    at Object.<anonymous> (/Users/macbook/Desktop/ChurchApp/Express-Starter-file/node_modules/babel-cli/lib/_babel-node.js:154:22)
    at Module._compile (internal/modules/cjs/loader.js:1085:14)
    at Object.Module._extensions..js (internal/modules/cjs/loader.js:1114:10)
    at Module.load (internal/modules/cjs/loader.js:950:32)
    at Function.Module._load (internal/modules/cjs/loader.js:790:12)
    at Function.executeUserEntryPoint [as runMain] (internal/modules/run_main.js:76:12)
    at internal/main/run_main_module.js:17:47

2021-11-05 07:47:02 [Logs!] error: Error: listen EADDRINUSE: address already in use :::5678
    at Server.setupListenHandle [as _listen2] (net.js:1331:16)
    at listenInCluster (net.js:1379:12)
    at Server.listen (net.js:1465:7)
    at Function.listen (/Users/macbook/Desktop/ChurchApp/Express-Starter-file/node_modules/express/lib/application.js:618:24)
    at Object.<anonymous> (/Users/macbook/Desktop/ChurchApp/Express-Starter-file/app.js:53:5)
    at Module._compile (internal/modules/cjs/loader.js:1085:14)
    at loader (/Users/macbook/Desktop/ChurchApp/Express-Starter-file/node_modules/babel-register/lib/node.js:144:5)
    at Object.require.extensions.<computed> [as .js] (/Users/macbook/Desktop/ChurchApp/Express-Starter-file/node_modules/babel-register/lib/node.js:154:7)
    at Module.load (internal/modules/cjs/loader.js:950:32)
    at Function.Module._load (internal/modules/cjs/loader.js:790:12)
    at Function.executeUserEntryPoint [as runMain] (internal/modules/run_main.js:76:12)
    at Object.<anonymous> (/Users/macbook/Desktop/ChurchApp/Express-Starter-file/node_modules/babel-cli/lib/_babel-node.js:154:22)
    at Module._compile (internal/modules/cjs/loader.js:1085:14)
    at Object.Module._extensions..js (internal/modules/cjs/loader.js:1114:10)
    at Module.load (internal/modules/cjs/loader.js:950:32)
    at Function.Module._load (internal/modules/cjs/loader.js:790:12)
    at Function.executeUserEntryPoint [as runMain] (internal/modules/run_main.js:76:12)
    at internal/main/run_main_module.js:17:47

2021-11-05 07:47:06 [Logs!] error: Error: listen EADDRINUSE: address already in use :::5678
    at Server.setupListenHandle [as _listen2] (net.js:1331:16)
    at listenInCluster (net.js:1379:12)
    at Server.listen (net.js:1465:7)
    at Function.listen (/Users/macbook/Desktop/ChurchApp/Express-Starter-file/node_modules/express/lib/application.js:618:24)
    at Object.<anonymous> (/Users/macbook/Desktop/ChurchApp/Express-Starter-file/app.js:53:5)
    at Module._compile (internal/modules/cjs/loader.js:1085:14)
    at loader (/Users/macbook/Desktop/ChurchApp/Express-Starter-file/node_modules/babel-register/lib/node.js:144:5)
    at Object.require.extensions.<computed> [as .js] (/Users/macbook/Desktop/ChurchApp/Express-Starter-file/node_modules/babel-register/lib/node.js:154:7)
    at Module.load (internal/modules/cjs/loader.js:950:32)
    at Function.Module._load (internal/modules/cjs/loader.js:790:12)
    at Function.executeUserEntryPoint [as runMain] (internal/modules/run_main.js:76:12)
    at Object.<anonymous> (/Users/macbook/Desktop/ChurchApp/Express-Starter-file/node_modules/babel-cli/lib/_babel-node.js:154:22)
    at Module._compile (internal/modules/cjs/loader.js:1085:14)
    at Object.Module._extensions..js (internal/modules/cjs/loader.js:1114:10)
    at Module.load (internal/modules/cjs/loader.js:950:32)
    at Function.Module._load (internal/modules/cjs/loader.js:790:12)
    at Function.executeUserEntryPoint [as runMain] (internal/modules/run_main.js:76:12)
    at internal/main/run_main_module.js:17:47

2021-11-05 07:47:24 [Logs!] error: Error: listen EADDRINUSE: address already in use :::5678
    at Server.setupListenHandle [as _listen2] (net.js:1331:16)
    at listenInCluster (net.js:1379:12)
    at Server.listen (net.js:1465:7)
    at Function.listen (/Users/macbook/Desktop/ChurchApp/Express-Starter-file/node_modules/express/lib/application.js:618:24)
    at Object.<anonymous> (/Users/macbook/Desktop/ChurchApp/Express-Starter-file/app.js:53:5)
    at Module._compile (internal/modules/cjs/loader.js:1085:14)
    at loader (/Users/macbook/Desktop/ChurchApp/Express-Starter-file/node_modules/babel-register/lib/node.js:144:5)
    at Object.require.extensions.<computed> [as .js] (/Users/macbook/Desktop/ChurchApp/Express-Starter-file/node_modules/babel-register/lib/node.js:154:7)
    at Module.load (internal/modules/cjs/loader.js:950:32)
    at Function.Module._load (internal/modules/cjs/loader.js:790:12)
    at Function.executeUserEntryPoint [as runMain] (internal/modules/run_main.js:76:12)
    at Object.<anonymous> (/Users/macbook/Desktop/ChurchApp/Express-Starter-file/node_modules/babel-cli/lib/_babel-node.js:154:22)
    at Module._compile (internal/modules/cjs/loader.js:1085:14)
    at Object.Module._extensions..js (internal/modules/cjs/loader.js:1114:10)
    at Module.load (internal/modules/cjs/loader.js:950:32)
    at Function.Module._load (internal/modules/cjs/loader.js:790:12)
    at Function.executeUserEntryPoint [as runMain] (internal/modules/run_main.js:76:12)
    at internal/main/run_main_module.js:17:47

2021-11-05 07:47:28 [Logs!] error: Error: listen EADDRINUSE: address already in use :::5678
    at Server.setupListenHandle [as _listen2] (net.js:1331:16)
    at listenInCluster (net.js:1379:12)
    at Server.listen (net.js:1465:7)
    at Function.listen (/Users/macbook/Desktop/ChurchApp/Express-Starter-file/node_modules/express/lib/application.js:618:24)
    at Object.<anonymous> (/Users/macbook/Desktop/ChurchApp/Express-Starter-file/app.js:53:5)
    at Module._compile (internal/modules/cjs/loader.js:1085:14)
    at loader (/Users/macbook/Desktop/ChurchApp/Express-Starter-file/node_modules/babel-register/lib/node.js:144:5)
    at Object.require.extensions.<computed> [as .js] (/Users/macbook/Desktop/ChurchApp/Express-Starter-file/node_modules/babel-register/lib/node.js:154:7)
    at Module.load (internal/modules/cjs/loader.js:950:32)
    at Function.Module._load (internal/modules/cjs/loader.js:790:12)
    at Function.executeUserEntryPoint [as runMain] (internal/modules/run_main.js:76:12)
    at Object.<anonymous> (/Users/macbook/Desktop/ChurchApp/Express-Starter-file/node_modules/babel-cli/lib/_babel-node.js:154:22)
    at Module._compile (internal/modules/cjs/loader.js:1085:14)
    at Object.Module._extensions..js (internal/modules/cjs/loader.js:1114:10)
    at Module.load (internal/modules/cjs/loader.js:950:32)
    at Function.Module._load (internal/modules/cjs/loader.js:790:12)
    at Function.executeUserEntryPoint [as runMain] (internal/modules/run_main.js:76:12)
    at internal/main/run_main_module.js:17:47

2021-11-05 07:47:31 [Logs!] error: Error: listen EADDRINUSE: address already in use :::5678
    at Server.setupListenHandle [as _listen2] (net.js:1331:16)
    at listenInCluster (net.js:1379:12)
    at Server.listen (net.js:1465:7)
    at Function.listen (/Users/macbook/Desktop/ChurchApp/Express-Starter-file/node_modules/express/lib/application.js:618:24)
    at Object.<anonymous> (/Users/macbook/Desktop/ChurchApp/Express-Starter-file/app.js:53:5)
    at Module._compile (internal/modules/cjs/loader.js:1085:14)
    at loader (/Users/macbook/Desktop/ChurchApp/Express-Starter-file/node_modules/babel-register/lib/node.js:144:5)
    at Object.require.extensions.<computed> [as .js] (/Users/macbook/Desktop/ChurchApp/Express-Starter-file/node_modules/babel-register/lib/node.js:154:7)
    at Module.load (internal/modules/cjs/loader.js:950:32)
    at Function.Module._load (internal/modules/cjs/loader.js:790:12)
    at Function.executeUserEntryPoint [as runMain] (internal/modules/run_main.js:76:12)
    at Object.<anonymous> (/Users/macbook/Desktop/ChurchApp/Express-Starter-file/node_modules/babel-cli/lib/_babel-node.js:154:22)
    at Module._compile (internal/modules/cjs/loader.js:1085:14)
    at Object.Module._extensions..js (internal/modules/cjs/loader.js:1114:10)
    at Module.load (internal/modules/cjs/loader.js:950:32)
    at Function.Module._load (internal/modules/cjs/loader.js:790:12)
    at Function.executeUserEntryPoint [as runMain] (internal/modules/run_main.js:76:12)
    at internal/main/run_main_module.js:17:47

2021-11-05 07:47:31 [Logs!] error: Error: listen EADDRINUSE: address already in use :::5678
    at Server.setupListenHandle [as _listen2] (net.js:1331:16)
    at listenInCluster (net.js:1379:12)
    at Server.listen (net.js:1465:7)
    at Function.listen (/Users/macbook/Desktop/ChurchApp/Express-Starter-file/node_modules/express/lib/application.js:618:24)
    at Object.<anonymous> (/Users/macbook/Desktop/ChurchApp/Express-Starter-file/app.js:53:5)
    at Module._compile (internal/modules/cjs/loader.js:1085:14)
    at loader (/Users/macbook/Desktop/ChurchApp/Express-Starter-file/node_modules/babel-register/lib/node.js:144:5)
    at Object.require.extensions.<computed> [as .js] (/Users/macbook/Desktop/ChurchApp/Express-Starter-file/node_modules/babel-register/lib/node.js:154:7)
    at Module.load (internal/modules/cjs/loader.js:950:32)
    at Function.Module._load (internal/modules/cjs/loader.js:790:12)
    at Function.executeUserEntryPoint [as runMain] (internal/modules/run_main.js:76:12)
    at Object.<anonymous> (/Users/macbook/Desktop/ChurchApp/Express-Starter-file/node_modules/babel-cli/lib/_babel-node.js:154:22)
    at Module._compile (internal/modules/cjs/loader.js:1085:14)
    at Object.Module._extensions..js (internal/modules/cjs/loader.js:1114:10)
    at Module.load (internal/modules/cjs/loader.js:950:32)
    at Function.Module._load (internal/modules/cjs/loader.js:790:12)
    at Function.executeUserEntryPoint [as runMain] (internal/modules/run_main.js:76:12)
    at internal/main/run_main_module.js:17:47

2021-11-05 07:48:28 [Logs!] error: Error: listen EADDRINUSE: address already in use :::5678
    at Server.setupListenHandle [as _listen2] (net.js:1331:16)
    at listenInCluster (net.js:1379:12)
    at Server.listen (net.js:1465:7)
    at Function.listen (/Users/macbook/Desktop/ChurchApp/Express-Starter-file/node_modules/express/lib/application.js:618:24)
    at Object.<anonymous> (/Users/macbook/Desktop/ChurchApp/Express-Starter-file/app.js:53:5)
    at Module._compile (internal/modules/cjs/loader.js:1085:14)
    at loader (/Users/macbook/Desktop/ChurchApp/Express-Starter-file/node_modules/babel-register/lib/node.js:144:5)
    at Object.require.extensions.<computed> [as .js] (/Users/macbook/Desktop/ChurchApp/Express-Starter-file/node_modules/babel-register/lib/node.js:154:7)
    at Module.load (internal/modules/cjs/loader.js:950:32)
    at Function.Module._load (internal/modules/cjs/loader.js:790:12)
    at Function.executeUserEntryPoint [as runMain] (internal/modules/run_main.js:76:12)
    at Object.<anonymous> (/Users/macbook/Desktop/ChurchApp/Express-Starter-file/node_modules/babel-cli/lib/_babel-node.js:154:22)
    at Module._compile (internal/modules/cjs/loader.js:1085:14)
    at Object.Module._extensions..js (internal/modules/cjs/loader.js:1114:10)
    at Module.load (internal/modules/cjs/loader.js:950:32)
    at Function.Module._load (internal/modules/cjs/loader.js:790:12)
    at Function.executeUserEntryPoint [as runMain] (internal/modules/run_main.js:76:12)
    at internal/main/run_main_module.js:17:47

2021-11-05 07:48:44 [Logs!] error: Error: listen EADDRINUSE: address already in use :::5678
    at Server.setupListenHandle [as _listen2] (net.js:1331:16)
    at listenInCluster (net.js:1379:12)
    at Server.listen (net.js:1465:7)
    at Function.listen (/Users/macbook/Desktop/ChurchApp/Express-Starter-file/node_modules/express/lib/application.js:618:24)
    at Object.<anonymous> (/Users/macbook/Desktop/ChurchApp/Express-Starter-file/app.js:53:5)
    at Module._compile (internal/modules/cjs/loader.js:1085:14)
    at loader (/Users/macbook/Desktop/ChurchApp/Express-Starter-file/node_modules/babel-register/lib/node.js:144:5)
    at Object.require.extensions.<computed> [as .js] (/Users/macbook/Desktop/ChurchApp/Express-Starter-file/node_modules/babel-register/lib/node.js:154:7)
    at Module.load (internal/modules/cjs/loader.js:950:32)
    at Function.Module._load (internal/modules/cjs/loader.js:790:12)
    at Function.executeUserEntryPoint [as runMain] (internal/modules/run_main.js:76:12)
    at Object.<anonymous> (/Users/macbook/Desktop/ChurchApp/Express-Starter-file/node_modules/babel-cli/lib/_babel-node.js:154:22)
    at Module._compile (internal/modules/cjs/loader.js:1085:14)
    at Object.Module._extensions..js (internal/modules/cjs/loader.js:1114:10)
    at Module.load (internal/modules/cjs/loader.js:950:32)
    at Function.Module._load (internal/modules/cjs/loader.js:790:12)
    at Function.executeUserEntryPoint [as runMain] (internal/modules/run_main.js:76:12)
    at internal/main/run_main_module.js:17:47

2021-11-05 07:48:46 [Logs!] error: Error: listen EADDRINUSE: address already in use :::5678
    at Server.setupListenHandle [as _listen2] (net.js:1331:16)
    at listenInCluster (net.js:1379:12)
    at Server.listen (net.js:1465:7)
    at Function.listen (/Users/macbook/Desktop/ChurchApp/Express-Starter-file/node_modules/express/lib/application.js:618:24)
    at Object.<anonymous> (/Users/macbook/Desktop/ChurchApp/Express-Starter-file/app.js:53:5)
    at Module._compile (internal/modules/cjs/loader.js:1085:14)
    at loader (/Users/macbook/Desktop/ChurchApp/Express-Starter-file/node_modules/babel-register/lib/node.js:144:5)
    at Object.require.extensions.<computed> [as .js] (/Users/macbook/Desktop/ChurchApp/Express-Starter-file/node_modules/babel-register/lib/node.js:154:7)
    at Module.load (internal/modules/cjs/loader.js:950:32)
    at Function.Module._load (internal/modules/cjs/loader.js:790:12)
    at Function.executeUserEntryPoint [as runMain] (internal/modules/run_main.js:76:12)
    at Object.<anonymous> (/Users/macbook/Desktop/ChurchApp/Express-Starter-file/node_modules/babel-cli/lib/_babel-node.js:154:22)
    at Module._compile (internal/modules/cjs/loader.js:1085:14)
    at Object.Module._extensions..js (internal/modules/cjs/loader.js:1114:10)
    at Module.load (internal/modules/cjs/loader.js:950:32)
    at Function.Module._load (internal/modules/cjs/loader.js:790:12)
    at Function.executeUserEntryPoint [as runMain] (internal/modules/run_main.js:76:12)
    at internal/main/run_main_module.js:17:47

2021-11-05 07:48:46 [Logs!] error: Error: listen EADDRINUSE: address already in use :::5678
    at Server.setupListenHandle [as _listen2] (net.js:1331:16)
    at listenInCluster (net.js:1379:12)
    at Server.listen (net.js:1465:7)
    at Function.listen (/Users/macbook/Desktop/ChurchApp/Express-Starter-file/node_modules/express/lib/application.js:618:24)
    at Object.<anonymous> (/Users/macbook/Desktop/ChurchApp/Express-Starter-file/app.js:53:5)
    at Module._compile (internal/modules/cjs/loader.js:1085:14)
    at loader (/Users/macbook/Desktop/ChurchApp/Express-Starter-file/node_modules/babel-register/lib/node.js:144:5)
    at Object.require.extensions.<computed> [as .js] (/Users/macbook/Desktop/ChurchApp/Express-Starter-file/node_modules/babel-register/lib/node.js:154:7)
    at Module.load (internal/modules/cjs/loader.js:950:32)
    at Function.Module._load (internal/modules/cjs/loader.js:790:12)
    at Function.executeUserEntryPoint [as runMain] (internal/modules/run_main.js:76:12)
    at Object.<anonymous> (/Users/macbook/Desktop/ChurchApp/Express-Starter-file/node_modules/babel-cli/lib/_babel-node.js:154:22)
    at Module._compile (internal/modules/cjs/loader.js:1085:14)
    at Object.Module._extensions..js (internal/modules/cjs/loader.js:1114:10)
    at Module.load (internal/modules/cjs/loader.js:950:32)
    at Function.Module._load (internal/modules/cjs/loader.js:790:12)
    at Function.executeUserEntryPoint [as runMain] (internal/modules/run_main.js:76:12)
    at internal/main/run_main_module.js:17:47

2021-11-05 07:48:50 [Logs!] error: Error: listen EADDRINUSE: address already in use :::5678
    at Server.setupListenHandle [as _listen2] (net.js:1331:16)
    at listenInCluster (net.js:1379:12)
    at Server.listen (net.js:1465:7)
    at Function.listen (/Users/macbook/Desktop/ChurchApp/Express-Starter-file/node_modules/express/lib/application.js:618:24)
    at Object.<anonymous> (/Users/macbook/Desktop/ChurchApp/Express-Starter-file/app.js:53:5)
    at Module._compile (internal/modules/cjs/loader.js:1085:14)
    at loader (/Users/macbook/Desktop/ChurchApp/Express-Starter-file/node_modules/babel-register/lib/node.js:144:5)
    at Object.require.extensions.<computed> [as .js] (/Users/macbook/Desktop/ChurchApp/Express-Starter-file/node_modules/babel-register/lib/node.js:154:7)
    at Module.load (internal/modules/cjs/loader.js:950:32)
    at Function.Module._load (internal/modules/cjs/loader.js:790:12)
    at Function.executeUserEntryPoint [as runMain] (internal/modules/run_main.js:76:12)
    at Object.<anonymous> (/Users/macbook/Desktop/ChurchApp/Express-Starter-file/node_modules/babel-cli/lib/_babel-node.js:154:22)
    at Module._compile (internal/modules/cjs/loader.js:1085:14)
    at Object.Module._extensions..js (internal/modules/cjs/loader.js:1114:10)
    at Module.load (internal/modules/cjs/loader.js:950:32)
    at Function.Module._load (internal/modules/cjs/loader.js:790:12)
    at Function.executeUserEntryPoint [as runMain] (internal/modules/run_main.js:76:12)
    at internal/main/run_main_module.js:17:47

2021-11-05 07:53:42 [Logs!] error: Error: listen EADDRINUSE: address already in use :::5678
    at Server.setupListenHandle [as _listen2] (net.js:1331:16)
    at listenInCluster (net.js:1379:12)
    at Server.listen (net.js:1465:7)
    at Function.listen (/Users/macbook/Desktop/ChurchApp/Express-Starter-file/node_modules/express/lib/application.js:618:24)
    at Object.<anonymous> (/Users/macbook/Desktop/ChurchApp/Express-Starter-file/app.js:53:5)
    at Module._compile (internal/modules/cjs/loader.js:1085:14)
    at loader (/Users/macbook/Desktop/ChurchApp/Express-Starter-file/node_modules/babel-register/lib/node.js:144:5)
    at Object.require.extensions.<computed> [as .js] (/Users/macbook/Desktop/ChurchApp/Express-Starter-file/node_modules/babel-register/lib/node.js:154:7)
    at Module.load (internal/modules/cjs/loader.js:950:32)
    at Function.Module._load (internal/modules/cjs/loader.js:790:12)
    at Function.executeUserEntryPoint [as runMain] (internal/modules/run_main.js:76:12)
    at Object.<anonymous> (/Users/macbook/Desktop/ChurchApp/Express-Starter-file/node_modules/babel-cli/lib/_babel-node.js:154:22)
    at Module._compile (internal/modules/cjs/loader.js:1085:14)
    at Object.Module._extensions..js (internal/modules/cjs/loader.js:1114:10)
    at Module.load (internal/modules/cjs/loader.js:950:32)
    at Function.Module._load (internal/modules/cjs/loader.js:790:12)
    at Function.executeUserEntryPoint [as runMain] (internal/modules/run_main.js:76:12)
    at internal/main/run_main_module.js:17:47

2021-11-05 07:53:59 [Logs!] error: Error: listen EADDRINUSE: address already in use :::5678
    at Server.setupListenHandle [as _listen2] (net.js:1331:16)
    at listenInCluster (net.js:1379:12)
    at Server.listen (net.js:1465:7)
    at Function.listen (/Users/macbook/Desktop/ChurchApp/Express-Starter-file/node_modules/express/lib/application.js:618:24)
    at Object.<anonymous> (/Users/macbook/Desktop/ChurchApp/Express-Starter-file/app.js:53:5)
    at Module._compile (internal/modules/cjs/loader.js:1085:14)
    at loader (/Users/macbook/Desktop/ChurchApp/Express-Starter-file/node_modules/babel-register/lib/node.js:144:5)
    at Object.require.extensions.<computed> [as .js] (/Users/macbook/Desktop/ChurchApp/Express-Starter-file/node_modules/babel-register/lib/node.js:154:7)
    at Module.load (internal/modules/cjs/loader.js:950:32)
    at Function.Module._load (internal/modules/cjs/loader.js:790:12)
    at Function.executeUserEntryPoint [as runMain] (internal/modules/run_main.js:76:12)
    at Object.<anonymous> (/Users/macbook/Desktop/ChurchApp/Express-Starter-file/node_modules/babel-cli/lib/_babel-node.js:154:22)
    at Module._compile (internal/modules/cjs/loader.js:1085:14)
    at Object.Module._extensions..js (internal/modules/cjs/loader.js:1114:10)
    at Module.load (internal/modules/cjs/loader.js:950:32)
    at Function.Module._load (internal/modules/cjs/loader.js:790:12)
    at Function.executeUserEntryPoint [as runMain] (internal/modules/run_main.js:76:12)
    at internal/main/run_main_module.js:17:47

2021-11-05 07:54:02 [Logs!] error: Error: listen EADDRINUSE: address already in use :::5678
    at Server.setupListenHandle [as _listen2] (net.js:1331:16)
    at listenInCluster (net.js:1379:12)
    at Server.listen (net.js:1465:7)
    at Function.listen (/Users/macbook/Desktop/ChurchApp/Express-Starter-file/node_modules/express/lib/application.js:618:24)
    at Object.<anonymous> (/Users/macbook/Desktop/ChurchApp/Express-Starter-file/app.js:53:5)
    at Module._compile (internal/modules/cjs/loader.js:1085:14)
    at loader (/Users/macbook/Desktop/ChurchApp/Express-Starter-file/node_modules/babel-register/lib/node.js:144:5)
    at Object.require.extensions.<computed> [as .js] (/Users/macbook/Desktop/ChurchApp/Express-Starter-file/node_modules/babel-register/lib/node.js:154:7)
    at Module.load (internal/modules/cjs/loader.js:950:32)
    at Function.Module._load (internal/modules/cjs/loader.js:790:12)
    at Function.executeUserEntryPoint [as runMain] (internal/modules/run_main.js:76:12)
    at Object.<anonymous> (/Users/macbook/Desktop/ChurchApp/Express-Starter-file/node_modules/babel-cli/lib/_babel-node.js:154:22)
    at Module._compile (internal/modules/cjs/loader.js:1085:14)
    at Object.Module._extensions..js (internal/modules/cjs/loader.js:1114:10)
    at Module.load (internal/modules/cjs/loader.js:950:32)
    at Function.Module._load (internal/modules/cjs/loader.js:790:12)
    at Function.executeUserEntryPoint [as runMain] (internal/modules/run_main.js:76:12)
    at internal/main/run_main_module.js:17:47

2021-11-05 08:03:08 [Logs!] error: Error: listen EADDRINUSE: address already in use :::5678
    at Server.setupListenHandle [as _listen2] (net.js:1331:16)
    at listenInCluster (net.js:1379:12)
    at Server.listen (net.js:1465:7)
    at Function.listen (/Users/macbook/Desktop/ChurchApp/Express-Starter-file/node_modules/express/lib/application.js:618:24)
    at Object.<anonymous> (/Users/macbook/Desktop/ChurchApp/Express-Starter-file/app.js:53:5)
    at Module._compile (internal/modules/cjs/loader.js:1085:14)
    at loader (/Users/macbook/Desktop/ChurchApp/Express-Starter-file/node_modules/babel-register/lib/node.js:144:5)
    at Object.require.extensions.<computed> [as .js] (/Users/macbook/Desktop/ChurchApp/Express-Starter-file/node_modules/babel-register/lib/node.js:154:7)
    at Module.load (internal/modules/cjs/loader.js:950:32)
    at Function.Module._load (internal/modules/cjs/loader.js:790:12)
    at Function.executeUserEntryPoint [as runMain] (internal/modules/run_main.js:76:12)
    at Object.<anonymous> (/Users/macbook/Desktop/ChurchApp/Express-Starter-file/node_modules/babel-cli/lib/_babel-node.js:154:22)
    at Module._compile (internal/modules/cjs/loader.js:1085:14)
    at Object.Module._extensions..js (internal/modules/cjs/loader.js:1114:10)
    at Module.load (internal/modules/cjs/loader.js:950:32)
    at Function.Module._load (internal/modules/cjs/loader.js:790:12)
    at Function.executeUserEntryPoint [as runMain] (internal/modules/run_main.js:76:12)
    at internal/main/run_main_module.js:17:47

2021-11-05 08:11:21 [Logs!] error: Error: listen EADDRINUSE: address already in use :::5678
    at Server.setupListenHandle [as _listen2] (net.js:1331:16)
    at listenInCluster (net.js:1379:12)
    at Server.listen (net.js:1465:7)
    at Function.listen (/Users/macbook/Desktop/ChurchApp/Express-Starter-file/node_modules/express/lib/application.js:618:24)
    at Object.<anonymous> (/Users/macbook/Desktop/ChurchApp/Express-Starter-file/app.js:53:5)
    at Module._compile (internal/modules/cjs/loader.js:1085:14)
    at loader (/Users/macbook/Desktop/ChurchApp/Express-Starter-file/node_modules/babel-register/lib/node.js:144:5)
    at Object.require.extensions.<computed> [as .js] (/Users/macbook/Desktop/ChurchApp/Express-Starter-file/node_modules/babel-register/lib/node.js:154:7)
    at Module.load (internal/modules/cjs/loader.js:950:32)
    at Function.Module._load (internal/modules/cjs/loader.js:790:12)
    at Function.executeUserEntryPoint [as runMain] (internal/modules/run_main.js:76:12)
    at Object.<anonymous> (/Users/macbook/Desktop/ChurchApp/Express-Starter-file/node_modules/babel-cli/lib/_babel-node.js:154:22)
    at Module._compile (internal/modules/cjs/loader.js:1085:14)
    at Object.Module._extensions..js (internal/modules/cjs/loader.js:1114:10)
    at Module.load (internal/modules/cjs/loader.js:950:32)
    at Function.Module._load (internal/modules/cjs/loader.js:790:12)
    at Function.executeUserEntryPoint [as runMain] (internal/modules/run_main.js:76:12)
    at internal/main/run_main_module.js:17:47

2021-11-05 08:11:29 [Logs!] error: Error: listen EADDRINUSE: address already in use :::5678
    at Server.setupListenHandle [as _listen2] (net.js:1331:16)
    at listenInCluster (net.js:1379:12)
    at Server.listen (net.js:1465:7)
    at Function.listen (/Users/macbook/Desktop/ChurchApp/Express-Starter-file/node_modules/express/lib/application.js:618:24)
    at Object.<anonymous> (/Users/macbook/Desktop/ChurchApp/Express-Starter-file/app.js:53:5)
    at Module._compile (internal/modules/cjs/loader.js:1085:14)
    at loader (/Users/macbook/Desktop/ChurchApp/Express-Starter-file/node_modules/babel-register/lib/node.js:144:5)
    at Object.require.extensions.<computed> [as .js] (/Users/macbook/Desktop/ChurchApp/Express-Starter-file/node_modules/babel-register/lib/node.js:154:7)
    at Module.load (internal/modules/cjs/loader.js:950:32)
    at Function.Module._load (internal/modules/cjs/loader.js:790:12)
    at Function.executeUserEntryPoint [as runMain] (internal/modules/run_main.js:76:12)
    at Object.<anonymous> (/Users/macbook/Desktop/ChurchApp/Express-Starter-file/node_modules/babel-cli/lib/_babel-node.js:154:22)
    at Module._compile (internal/modules/cjs/loader.js:1085:14)
    at Object.Module._extensions..js (internal/modules/cjs/loader.js:1114:10)
    at Module.load (internal/modules/cjs/loader.js:950:32)
    at Function.Module._load (internal/modules/cjs/loader.js:790:12)
    at Function.executeUserEntryPoint [as runMain] (internal/modules/run_main.js:76:12)
    at internal/main/run_main_module.js:17:47

2021-11-05 08:12:32 [Logs!] error: CastError: Cast to ObjectId failed for value "{ _id: undefined }" (type Object) at path "_id" for model "User"
    at model.Query.exec (/Users/macbook/Desktop/ChurchApp/Express-Starter-file/node_modules/mongoose/lib/query.js:4498:21)
    at model.Query.Query.then (/Users/macbook/Desktop/ChurchApp/Express-Starter-file/node_modules/mongoose/lib/query.js:4592:15)
    at processTicksAndRejections (internal/process/task_queues.js:95:5)

2021-11-05 08:13:46 [Logs!] error: TypeError: Cannot read property 'split' of undefined
    at _callee$ (/Users/macbook/Desktop/ChurchApp/Express-Starter-file/server/middlewares/authMiddleware.js:6:43)
    at tryCatch (/Users/macbook/Desktop/ChurchApp/Express-Starter-file/node_modules/regenerator-runtime/runtime.js:62:40)
    at Generator.invoke [as _invoke] (/Users/macbook/Desktop/ChurchApp/Express-Starter-file/node_modules/regenerator-runtime/runtime.js:296:22)
    at Generator.prototype.<computed> [as next] (/Users/macbook/Desktop/ChurchApp/Express-Starter-file/node_modules/regenerator-runtime/runtime.js:114:21)
    at step (/Users/macbook/Desktop/ChurchApp/Express-Starter-file/node_modules/babel-runtime/helpers/asyncToGenerator.js:17:30)
    at /Users/macbook/Desktop/ChurchApp/Express-Starter-file/node_modules/babel-runtime/helpers/asyncToGenerator.js:35:14
    at new Promise (<anonymous>)
    at new F (/Users/macbook/Desktop/ChurchApp/Express-Starter-file/node_modules/core-js/library/modules/_export.js:36:28)
    at /Users/macbook/Desktop/ChurchApp/Express-Starter-file/node_modules/babel-runtime/helpers/asyncToGenerator.js:14:12
    at /Users/macbook/Desktop/ChurchApp/Express-Starter-file/server/middlewares/authMiddleware.js:5:1
    at Layer.handle [as handle_request] (/Users/macbook/Desktop/ChurchApp/Express-Starter-file/node_modules/express/lib/router/layer.js:95:5)
    at next (/Users/macbook/Desktop/ChurchApp/Express-Starter-file/node_modules/express/lib/router/route.js:137:13)
    at Route.dispatch (/Users/macbook/Desktop/ChurchApp/Express-Starter-file/node_modules/express/lib/router/route.js:112:3)
    at Layer.handle [as handle_request] (/Users/macbook/Desktop/ChurchApp/Express-Starter-file/node_modules/express/lib/router/layer.js:95:5)
    at /Users/macbook/Desktop/ChurchApp/Express-Starter-file/node_modules/express/lib/router/index.js:281:22
    at Function.process_params (/Users/macbook/Desktop/ChurchApp/Express-Starter-file/node_modules/express/lib/router/index.js:335:12)
    at next (/Users/macbook/Desktop/ChurchApp/Express-Starter-file/node_modules/express/lib/router/index.js:275:10)
    at Function.handle (/Users/macbook/Desktop/ChurchApp/Express-Starter-file/node_modules/express/lib/router/index.js:174:3)
    at router (/Users/macbook/Desktop/ChurchApp/Express-Starter-file/node_modules/express/lib/router/index.js:47:12)
    at Layer.handle [as handle_request] (/Users/macbook/Desktop/ChurchApp/Express-Starter-file/node_modules/express/lib/router/layer.js:95:5)
    at trim_prefix (/Users/macbook/Desktop/ChurchApp/Express-Starter-file/node_modules/express/lib/router/index.js:317:13)
    at /Users/macbook/Desktop/ChurchApp/Express-Starter-file/node_modules/express/lib/router/index.js:284:7

2021-11-05 10:28:09 [Logs!] error: Error: listen EADDRINUSE: address already in use :::5678
    at Server.setupListenHandle [as _listen2] (net.js:1331:16)
    at listenInCluster (net.js:1379:12)
    at Server.listen (net.js:1465:7)
    at Function.listen (/Users/macbook/Desktop/ChurchApp/Express-Starter-file/node_modules/express/lib/application.js:618:24)
    at Object.<anonymous> (/Users/macbook/Desktop/ChurchApp/Express-Starter-file/app.js:53:5)
    at Module._compile (internal/modules/cjs/loader.js:1085:14)
    at loader (/Users/macbook/Desktop/ChurchApp/Express-Starter-file/node_modules/babel-register/lib/node.js:144:5)
    at Object.require.extensions.<computed> [as .js] (/Users/macbook/Desktop/ChurchApp/Express-Starter-file/node_modules/babel-register/lib/node.js:154:7)
    at Module.load (internal/modules/cjs/loader.js:950:32)
    at Function.Module._load (internal/modules/cjs/loader.js:790:12)
    at Function.executeUserEntryPoint [as runMain] (internal/modules/run_main.js:76:12)
    at Object.<anonymous> (/Users/macbook/Desktop/ChurchApp/Express-Starter-file/node_modules/babel-cli/lib/_babel-node.js:154:22)
    at Module._compile (internal/modules/cjs/loader.js:1085:14)
    at Object.Module._extensions..js (internal/modules/cjs/loader.js:1114:10)
    at Module.load (internal/modules/cjs/loader.js:950:32)
    at Function.Module._load (internal/modules/cjs/loader.js:790:12)
    at Function.executeUserEntryPoint [as runMain] (internal/modules/run_main.js:76:12)
    at internal/main/run_main_module.js:17:47

2021-11-05 10:28:13 [Logs!] error: Error: listen EADDRINUSE: address already in use :::5678
    at Server.setupListenHandle [as _listen2] (net.js:1331:16)
    at listenInCluster (net.js:1379:12)
    at Server.listen (net.js:1465:7)
    at Function.listen (/Users/macbook/Desktop/ChurchApp/Express-Starter-file/node_modules/express/lib/application.js:618:24)
    at Object.<anonymous> (/Users/macbook/Desktop/ChurchApp/Express-Starter-file/app.js:53:5)
    at Module._compile (internal/modules/cjs/loader.js:1085:14)
    at loader (/Users/macbook/Desktop/ChurchApp/Express-Starter-file/node_modules/babel-register/lib/node.js:144:5)
    at Object.require.extensions.<computed> [as .js] (/Users/macbook/Desktop/ChurchApp/Express-Starter-file/node_modules/babel-register/lib/node.js:154:7)
    at Module.load (internal/modules/cjs/loader.js:950:32)
    at Function.Module._load (internal/modules/cjs/loader.js:790:12)
    at Function.executeUserEntryPoint [as runMain] (internal/modules/run_main.js:76:12)
    at Object.<anonymous> (/Users/macbook/Desktop/ChurchApp/Express-Starter-file/node_modules/babel-cli/lib/_babel-node.js:154:22)
    at Module._compile (internal/modules/cjs/loader.js:1085:14)
    at Object.Module._extensions..js (internal/modules/cjs/loader.js:1114:10)
    at Module.load (internal/modules/cjs/loader.js:950:32)
    at Function.Module._load (internal/modules/cjs/loader.js:790:12)
    at Function.executeUserEntryPoint [as runMain] (internal/modules/run_main.js:76:12)
    at internal/main/run_main_module.js:17:47

2021-11-05 10:57:56 [Logs!] error: CastError: Cast to ObjectId failed for value "{ id: undefined }" (type Object) at path "_id" for model "User"
    at model.Query.exec (/Users/macbook/Desktop/ChurchApp/Express-Starter-file/node_modules/mongoose/lib/query.js:4498:21)
    at model.Query.Query.then (/Users/macbook/Desktop/ChurchApp/Express-Starter-file/node_modules/mongoose/lib/query.js:4592:15)
    at runMicrotasks (<anonymous>)
    at processTicksAndRejections (internal/process/task_queues.js:95:5)

2021-11-05 10:58:23 [Logs!] error: Error: listen EADDRINUSE: address already in use :::5678
    at Server.setupListenHandle [as _listen2] (net.js:1331:16)
    at listenInCluster (net.js:1379:12)
    at Server.listen (net.js:1465:7)
    at Function.listen (/Users/macbook/Desktop/ChurchApp/Express-Starter-file/node_modules/express/lib/application.js:618:24)
    at Object.<anonymous> (/Users/macbook/Desktop/ChurchApp/Express-Starter-file/app.js:53:5)
    at Module._compile (internal/modules/cjs/loader.js:1085:14)
    at loader (/Users/macbook/Desktop/ChurchApp/Express-Starter-file/node_modules/babel-register/lib/node.js:144:5)
    at Object.require.extensions.<computed> [as .js] (/Users/macbook/Desktop/ChurchApp/Express-Starter-file/node_modules/babel-register/lib/node.js:154:7)
    at Module.load (internal/modules/cjs/loader.js:950:32)
    at Function.Module._load (internal/modules/cjs/loader.js:790:12)
    at Function.executeUserEntryPoint [as runMain] (internal/modules/run_main.js:76:12)
    at Object.<anonymous> (/Users/macbook/Desktop/ChurchApp/Express-Starter-file/node_modules/babel-cli/lib/_babel-node.js:154:22)
    at Module._compile (internal/modules/cjs/loader.js:1085:14)
    at Object.Module._extensions..js (internal/modules/cjs/loader.js:1114:10)
    at Module.load (internal/modules/cjs/loader.js:950:32)
    at Function.Module._load (internal/modules/cjs/loader.js:790:12)
    at Function.executeUserEntryPoint [as runMain] (internal/modules/run_main.js:76:12)
    at internal/main/run_main_module.js:17:47

2021-11-05 10:58:35 [Logs!] error: CastError: Cast to ObjectId failed for value "{ id: '6184c6550e38c2a46eec1bff' }" (type Object) at path "_id" for model "User"
    at model.Query.exec (/Users/macbook/Desktop/ChurchApp/Express-Starter-file/node_modules/mongoose/lib/query.js:4498:21)
    at model.Query.Query.then (/Users/macbook/Desktop/ChurchApp/Express-Starter-file/node_modules/mongoose/lib/query.js:4592:15)
    at processTicksAndRejections (internal/process/task_queues.js:95:5)

2021-11-05 10:58:37 [Logs!] error: CastError: Cast to ObjectId failed for value "{ id: '6184c6550e38c2a46eec1bff' }" (type Object) at path "_id" for model "User"
    at model.Query.exec (/Users/macbook/Desktop/ChurchApp/Express-Starter-file/node_modules/mongoose/lib/query.js:4498:21)
    at model.Query.Query.then (/Users/macbook/Desktop/ChurchApp/Express-Starter-file/node_modules/mongoose/lib/query.js:4592:15)
    at processTicksAndRejections (internal/process/task_queues.js:95:5)

2021-11-05 10:58:39 [Logs!] error: CastError: Cast to ObjectId failed for value "{ id: '6184c6550e38c2a46eec1bff' }" (type Object) at path "_id" for model "User"
    at model.Query.exec (/Users/macbook/Desktop/ChurchApp/Express-Starter-file/node_modules/mongoose/lib/query.js:4498:21)
    at model.Query.Query.then (/Users/macbook/Desktop/ChurchApp/Express-Starter-file/node_modules/mongoose/lib/query.js:4592:15)
    at processTicksAndRejections (internal/process/task_queues.js:95:5)

2021-11-05 10:59:22 [Logs!] error: Error: listen EADDRINUSE: address already in use :::5678
    at Server.setupListenHandle [as _listen2] (net.js:1331:16)
    at listenInCluster (net.js:1379:12)
    at Server.listen (net.js:1465:7)
    at Function.listen (/Users/macbook/Desktop/ChurchApp/Express-Starter-file/node_modules/express/lib/application.js:618:24)
    at Object.<anonymous> (/Users/macbook/Desktop/ChurchApp/Express-Starter-file/app.js:53:5)
    at Module._compile (internal/modules/cjs/loader.js:1085:14)
    at loader (/Users/macbook/Desktop/ChurchApp/Express-Starter-file/node_modules/babel-register/lib/node.js:144:5)
    at Object.require.extensions.<computed> [as .js] (/Users/macbook/Desktop/ChurchApp/Express-Starter-file/node_modules/babel-register/lib/node.js:154:7)
    at Module.load (internal/modules/cjs/loader.js:950:32)
    at Function.Module._load (internal/modules/cjs/loader.js:790:12)
    at Function.executeUserEntryPoint [as runMain] (internal/modules/run_main.js:76:12)
    at Object.<anonymous> (/Users/macbook/Desktop/ChurchApp/Express-Starter-file/node_modules/babel-cli/lib/_babel-node.js:154:22)
    at Module._compile (internal/modules/cjs/loader.js:1085:14)
    at Object.Module._extensions..js (internal/modules/cjs/loader.js:1114:10)
    at Module.load (internal/modules/cjs/loader.js:950:32)
    at Function.Module._load (internal/modules/cjs/loader.js:790:12)
    at Function.executeUserEntryPoint [as runMain] (internal/modules/run_main.js:76:12)
    at internal/main/run_main_module.js:17:47

2021-11-05 10:59:23 [Logs!] error: Error: listen EADDRINUSE: address already in use :::5678
    at Server.setupListenHandle [as _listen2] (net.js:1331:16)
    at listenInCluster (net.js:1379:12)
    at Server.listen (net.js:1465:7)
    at Function.listen (/Users/macbook/Desktop/ChurchApp/Express-Starter-file/node_modules/express/lib/application.js:618:24)
    at Object.<anonymous> (/Users/macbook/Desktop/ChurchApp/Express-Starter-file/app.js:53:5)
    at Module._compile (internal/modules/cjs/loader.js:1085:14)
    at loader (/Users/macbook/Desktop/ChurchApp/Express-Starter-file/node_modules/babel-register/lib/node.js:144:5)
    at Object.require.extensions.<computed> [as .js] (/Users/macbook/Desktop/ChurchApp/Express-Starter-file/node_modules/babel-register/lib/node.js:154:7)
    at Module.load (internal/modules/cjs/loader.js:950:32)
    at Function.Module._load (internal/modules/cjs/loader.js:790:12)
    at Function.executeUserEntryPoint [as runMain] (internal/modules/run_main.js:76:12)
    at Object.<anonymous> (/Users/macbook/Desktop/ChurchApp/Express-Starter-file/node_modules/babel-cli/lib/_babel-node.js:154:22)
    at Module._compile (internal/modules/cjs/loader.js:1085:14)
    at Object.Module._extensions..js (internal/modules/cjs/loader.js:1114:10)
    at Module.load (internal/modules/cjs/loader.js:950:32)
    at Function.Module._load (internal/modules/cjs/loader.js:790:12)
    at Function.executeUserEntryPoint [as runMain] (internal/modules/run_main.js:76:12)
    at internal/main/run_main_module.js:17:47

